<?xml version="1.0" encoding="utf-8"?>
<!DOCTYPE coverage SYSTEM "http://cobertura.sourceforge.net/xml/coverage-04.dtd">
<coverage line-rate="0.771523178807947" branch-rate="0.83695652173913" lines-covered="233" lines-valid="302" branches-covered="77" branches-valid="92" complexity="98" version="0" timestamp="1664923353">
  <sources>
    <source>C:\Users\cqy15\</source>
  </sources>
  <packages>
    <package name="EvaluatorTester" line-rate="0.748538011695906" branch-rate="0.777777777777778" complexity="23">
      <classes>
        <class name="AutoGeneratedProgram" filename="C:\Users\cqy15\.nuget\packages\microsoft.net.test.sdk\17.1.0\build\netcoreapp2.1\Microsoft.NET.Test.Sdk.Program.cs" line-rate="0" branch-rate="1" complexity="1">
          <methods>
            <method name="Main" signature="(...)" line-rate="0" branch-rate="1" complexity="1">
              <lines>
                <line number="4" hits="0" branch="false" />
              </lines>
            </method>
          </methods>
          <lines>
            <line number="4" hits="0" branch="false" />
          </lines>
        </class>
        <class name="EvaluatorTester.EvaluatorsTest" filename="C:\Users\cqy15\source\repos\spreadsheet-Joeic\Spreadsheet\EvaluatorTester\EvaluatorsTest.cs" line-rate="0.752941176470588" branch-rate="0.777777777777778" complexity="22">
          <methods>
            <method name="TestSimpleAddition" signature="()" line-rate="0.571428571428571" branch-rate="1" complexity="1">
              <lines>
                <line number="11" hits="1" branch="false" />
                <line number="12" hits="1" branch="false" />
                <line number="15" hits="0" branch="false" />
                <line number="16" hits="0" branch="false" />
                <line number="17" hits="0" branch="false" />
                <line number="19" hits="1" branch="false" />
                <line number="20" hits="1" branch="false" />
              </lines>
            </method>
            <method name="isVariable" signature="(...)" line-rate="0.733333333333333" branch-rate="0.75" complexity="8">
              <lines>
                <line number="28" hits="1" branch="false" />
                <line number="29" hits="1" branch="true" condition-coverage="50% (1/2)" />
                <line number="30" hits="1" branch="false" />
                <line number="31" hits="22" branch="true" condition-coverage="100% (2/2)" />
                <line number="32" hits="10" branch="false" />
                <line number="33" hits="10" branch="true" condition-coverage="75% (3/4)" />
                <line number="34" hits="0" branch="false" />
                <line number="36" hits="0" branch="false" />
                <line number="41" hits="10" branch="false" />
                <line number="42" hits="10" branch="false" />
                <line number="45" hits="1" branch="false" />
                <line number="47" hits="0" branch="false" />
                <line number="48" hits="0" branch="false" />
                <line number="51" hits="1" branch="false" />
                <line number="52" hits="1" branch="false" />
              </lines>
            </method>
            <method name="TestIfItsVar" signature="()" line-rate="1" branch-rate="1" complexity="1">
              <lines>
                <line number="58" hits="1" branch="false" />
                <line number="59" hits="1" branch="false" />
                <line number="61" hits="1" branch="false" />
                <line number="62" hits="1" branch="false" />
              </lines>
            </method>
            <method name="TestSubtraction" signature="()" line-rate="0.571428571428571" branch-rate="1" complexity="1">
              <lines>
                <line number="69" hits="1" branch="false" />
                <line number="70" hits="1" branch="false" />
                <line number="73" hits="0" branch="false" />
                <line number="74" hits="0" branch="false" />
                <line number="75" hits="0" branch="false" />
                <line number="77" hits="1" branch="false" />
                <line number="78" hits="1" branch="false" />
              </lines>
            </method>
            <method name="TestMultiplication" signature="()" line-rate="0.571428571428571" branch-rate="1" complexity="1">
              <lines>
                <line number="85" hits="1" branch="false" />
                <line number="86" hits="1" branch="false" />
                <line number="89" hits="0" branch="false" />
                <line number="90" hits="0" branch="false" />
                <line number="91" hits="0" branch="false" />
                <line number="93" hits="1" branch="false" />
                <line number="94" hits="1" branch="false" />
              </lines>
            </method>
            <method name="Testdivision" signature="()" line-rate="0.571428571428571" branch-rate="1" complexity="1">
              <lines>
                <line number="101" hits="1" branch="false" />
                <line number="102" hits="1" branch="false" />
                <line number="105" hits="0" branch="false" />
                <line number="106" hits="0" branch="false" />
                <line number="107" hits="0" branch="false" />
                <line number="109" hits="1" branch="false" />
                <line number="110" hits="1" branch="false" />
              </lines>
            </method>
            <method name="TestSimgleNumber" signature="()" line-rate="0.571428571428571" branch-rate="1" complexity="1">
              <lines>
                <line number="117" hits="1" branch="false" />
                <line number="118" hits="1" branch="false" />
                <line number="121" hits="0" branch="false" />
                <line number="122" hits="0" branch="false" />
                <line number="123" hits="0" branch="false" />
                <line number="125" hits="1" branch="false" />
                <line number="126" hits="1" branch="false" />
              </lines>
            </method>
            <method name="Testparenthesis" signature="()" line-rate="0.571428571428571" branch-rate="1" complexity="1">
              <lines>
                <line number="133" hits="1" branch="false" />
                <line number="134" hits="1" branch="false" />
                <line number="137" hits="0" branch="false" />
                <line number="138" hits="0" branch="false" />
                <line number="139" hits="0" branch="false" />
                <line number="141" hits="1" branch="false" />
                <line number="142" hits="1" branch="false" />
              </lines>
            </method>
            <method name="TestWhiteSpace" signature="()" line-rate="0.571428571428571" branch-rate="1" complexity="1">
              <lines>
                <line number="149" hits="1" branch="false" />
                <line number="150" hits="1" branch="false" />
                <line number="153" hits="0" branch="false" />
                <line number="154" hits="0" branch="false" />
                <line number="155" hits="0" branch="false" />
                <line number="157" hits="1" branch="false" />
                <line number="158" hits="1" branch="false" />
              </lines>
            </method>
            <method name="TestAdditions" signature="()" line-rate="0.8" branch-rate="1" complexity="1">
              <lines>
                <line number="166" hits="1" branch="false" />
                <line number="167" hits="1" branch="false" />
                <line number="168" hits="1" branch="false" />
                <line number="169" hits="1" branch="false" />
                <line number="170" hits="1" branch="false" />
                <line number="171" hits="1" branch="false" />
                <line number="174" hits="0" branch="false" />
                <line number="175" hits="0" branch="false" />
                <line number="176" hits="0" branch="false" />
                <line number="178" hits="1" branch="false" />
                <line number="179" hits="1" branch="false" />
                <line number="180" hits="1" branch="false" />
                <line number="181" hits="1" branch="false" />
                <line number="182" hits="1" branch="false" />
                <line number="183" hits="1" branch="false" />
              </lines>
            </method>
            <method name="TestSubtractions" signature="()" line-rate="0.8" branch-rate="1" complexity="1">
              <lines>
                <line number="190" hits="1" branch="false" />
                <line number="191" hits="1" branch="false" />
                <line number="192" hits="1" branch="false" />
                <line number="193" hits="1" branch="false" />
                <line number="194" hits="1" branch="false" />
                <line number="195" hits="1" branch="false" />
                <line number="198" hits="0" branch="false" />
                <line number="199" hits="0" branch="false" />
                <line number="200" hits="0" branch="false" />
                <line number="202" hits="1" branch="false" />
                <line number="203" hits="1" branch="false" />
                <line number="204" hits="1" branch="false" />
                <line number="205" hits="1" branch="false" />
                <line number="206" hits="1" branch="false" />
                <line number="207" hits="1" branch="false" />
              </lines>
            </method>
            <method name="TestMultiplications" signature="()" line-rate="0.8" branch-rate="1" complexity="1">
              <lines>
                <line number="214" hits="1" branch="false" />
                <line number="215" hits="1" branch="false" />
                <line number="216" hits="1" branch="false" />
                <line number="217" hits="1" branch="false" />
                <line number="218" hits="1" branch="false" />
                <line number="219" hits="1" branch="false" />
                <line number="222" hits="0" branch="false" />
                <line number="223" hits="0" branch="false" />
                <line number="224" hits="0" branch="false" />
                <line number="226" hits="1" branch="false" />
                <line number="227" hits="1" branch="false" />
                <line number="228" hits="1" branch="false" />
                <line number="229" hits="1" branch="false" />
                <line number="230" hits="1" branch="false" />
                <line number="231" hits="1" branch="false" />
              </lines>
            </method>
            <method name="TestDivisions" signature="()" line-rate="0.823529411764706" branch-rate="1" complexity="1">
              <lines>
                <line number="238" hits="1" branch="false" />
                <line number="239" hits="1" branch="false" />
                <line number="240" hits="1" branch="false" />
                <line number="241" hits="1" branch="false" />
                <line number="242" hits="1" branch="false" />
                <line number="243" hits="1" branch="false" />
                <line number="244" hits="1" branch="false" />
                <line number="248" hits="0" branch="false" />
                <line number="249" hits="0" branch="false" />
                <line number="250" hits="0" branch="false" />
                <line number="251" hits="1" branch="false" />
                <line number="252" hits="1" branch="false" />
                <line number="253" hits="1" branch="false" />
                <line number="254" hits="1" branch="false" />
                <line number="255" hits="1" branch="false" />
                <line number="256" hits="1" branch="false" />
                <line number="258" hits="1" branch="false" />
              </lines>
            </method>
            <method name="Testparenthesises" signature="()" line-rate="0.8" branch-rate="1" complexity="1">
              <lines>
                <line number="265" hits="1" branch="false" />
                <line number="266" hits="1" branch="false" />
                <line number="267" hits="1" branch="false" />
                <line number="268" hits="1" branch="false" />
                <line number="269" hits="1" branch="false" />
                <line number="270" hits="1" branch="false" />
                <line number="273" hits="0" branch="false" />
                <line number="274" hits="0" branch="false" />
                <line number="275" hits="0" branch="false" />
                <line number="276" hits="1" branch="false" />
                <line number="277" hits="1" branch="false" />
                <line number="278" hits="1" branch="false" />
                <line number="279" hits="1" branch="false" />
                <line number="280" hits="1" branch="false" />
                <line number="281" hits="1" branch="false" />
              </lines>
            </method>
            <method name="Testdelegates" signature="()" line-rate="0.92" branch-rate="0.8" complexity="1">
              <lines>
                <line number="288" hits="1" branch="false" />
                <line number="289" hits="1" branch="false" />
                <line number="290" hits="1" branch="false" />
                <line number="291" hits="1" branch="false" />
                <line number="292" hits="1" branch="false" />
                <line number="293" hits="1" branch="false" />
                <line number="296" hits="8" branch="false" />
                <line number="297" hits="8" branch="true" condition-coverage="50% (1/2)" />
                <line number="298" hits="0" branch="false" />
                <line number="299" hits="8" branch="true" condition-coverage="100% (2/2)" />
                <line number="300" hits="2" branch="false" />
                <line number="301" hits="6" branch="true" condition-coverage="100% (2/2)" />
                <line number="302" hits="2" branch="false" />
                <line number="303" hits="4" branch="true" condition-coverage="100% (2/2)" />
                <line number="304" hits="2" branch="false" />
                <line number="305" hits="2" branch="true" condition-coverage="50% (1/2)" />
                <line number="306" hits="2" branch="false" />
                <line number="307" hits="0" branch="false" />
                <line number="308" hits="8" branch="false" />
                <line number="309" hits="7" branch="false" />
                <line number="310" hits="1" branch="false" />
                <line number="311" hits="1" branch="false" />
                <line number="312" hits="1" branch="false" />
                <line number="313" hits="1" branch="false" />
                <line number="314" hits="1" branch="false" />
              </lines>
            </method>
          </methods>
          <lines>
            <line number="11" hits="1" branch="false" />
            <line number="12" hits="1" branch="false" />
            <line number="15" hits="0" branch="false" />
            <line number="16" hits="0" branch="false" />
            <line number="17" hits="0" branch="false" />
            <line number="19" hits="1" branch="false" />
            <line number="20" hits="1" branch="false" />
            <line number="28" hits="1" branch="false" />
            <line number="29" hits="1" branch="true" condition-coverage="50% (1/2)" />
            <line number="30" hits="1" branch="false" />
            <line number="31" hits="22" branch="true" condition-coverage="100% (2/2)" />
            <line number="32" hits="10" branch="false" />
            <line number="33" hits="10" branch="true" condition-coverage="75% (3/4)" />
            <line number="34" hits="0" branch="false" />
            <line number="36" hits="0" branch="false" />
            <line number="41" hits="10" branch="false" />
            <line number="42" hits="10" branch="false" />
            <line number="45" hits="1" branch="false" />
            <line number="47" hits="0" branch="false" />
            <line number="48" hits="0" branch="false" />
            <line number="51" hits="1" branch="false" />
            <line number="52" hits="1" branch="false" />
            <line number="58" hits="1" branch="false" />
            <line number="59" hits="1" branch="false" />
            <line number="61" hits="1" branch="false" />
            <line number="62" hits="1" branch="false" />
            <line number="69" hits="1" branch="false" />
            <line number="70" hits="1" branch="false" />
            <line number="73" hits="0" branch="false" />
            <line number="74" hits="0" branch="false" />
            <line number="75" hits="0" branch="false" />
            <line number="77" hits="1" branch="false" />
            <line number="78" hits="1" branch="false" />
            <line number="85" hits="1" branch="false" />
            <line number="86" hits="1" branch="false" />
            <line number="89" hits="0" branch="false" />
            <line number="90" hits="0" branch="false" />
            <line number="91" hits="0" branch="false" />
            <line number="93" hits="1" branch="false" />
            <line number="94" hits="1" branch="false" />
            <line number="101" hits="1" branch="false" />
            <line number="102" hits="1" branch="false" />
            <line number="105" hits="0" branch="false" />
            <line number="106" hits="0" branch="false" />
            <line number="107" hits="0" branch="false" />
            <line number="109" hits="1" branch="false" />
            <line number="110" hits="1" branch="false" />
            <line number="117" hits="1" branch="false" />
            <line number="118" hits="1" branch="false" />
            <line number="121" hits="0" branch="false" />
            <line number="122" hits="0" branch="false" />
            <line number="123" hits="0" branch="false" />
            <line number="125" hits="1" branch="false" />
            <line number="126" hits="1" branch="false" />
            <line number="133" hits="1" branch="false" />
            <line number="134" hits="1" branch="false" />
            <line number="137" hits="0" branch="false" />
            <line number="138" hits="0" branch="false" />
            <line number="139" hits="0" branch="false" />
            <line number="141" hits="1" branch="false" />
            <line number="142" hits="1" branch="false" />
            <line number="149" hits="1" branch="false" />
            <line number="150" hits="1" branch="false" />
            <line number="153" hits="0" branch="false" />
            <line number="154" hits="0" branch="false" />
            <line number="155" hits="0" branch="false" />
            <line number="157" hits="1" branch="false" />
            <line number="158" hits="1" branch="false" />
            <line number="166" hits="1" branch="false" />
            <line number="167" hits="1" branch="false" />
            <line number="168" hits="1" branch="false" />
            <line number="169" hits="1" branch="false" />
            <line number="170" hits="1" branch="false" />
            <line number="171" hits="1" branch="false" />
            <line number="174" hits="0" branch="false" />
            <line number="175" hits="0" branch="false" />
            <line number="176" hits="0" branch="false" />
            <line number="178" hits="1" branch="false" />
            <line number="179" hits="1" branch="false" />
            <line number="180" hits="1" branch="false" />
            <line number="181" hits="1" branch="false" />
            <line number="182" hits="1" branch="false" />
            <line number="183" hits="1" branch="false" />
            <line number="190" hits="1" branch="false" />
            <line number="191" hits="1" branch="false" />
            <line number="192" hits="1" branch="false" />
            <line number="193" hits="1" branch="false" />
            <line number="194" hits="1" branch="false" />
            <line number="195" hits="1" branch="false" />
            <line number="198" hits="0" branch="false" />
            <line number="199" hits="0" branch="false" />
            <line number="200" hits="0" branch="false" />
            <line number="202" hits="1" branch="false" />
            <line number="203" hits="1" branch="false" />
            <line number="204" hits="1" branch="false" />
            <line number="205" hits="1" branch="false" />
            <line number="206" hits="1" branch="false" />
            <line number="207" hits="1" branch="false" />
            <line number="214" hits="1" branch="false" />
            <line number="215" hits="1" branch="false" />
            <line number="216" hits="1" branch="false" />
            <line number="217" hits="1" branch="false" />
            <line number="218" hits="1" branch="false" />
            <line number="219" hits="1" branch="false" />
            <line number="222" hits="0" branch="false" />
            <line number="223" hits="0" branch="false" />
            <line number="224" hits="0" branch="false" />
            <line number="226" hits="1" branch="false" />
            <line number="227" hits="1" branch="false" />
            <line number="228" hits="1" branch="false" />
            <line number="229" hits="1" branch="false" />
            <line number="230" hits="1" branch="false" />
            <line number="231" hits="1" branch="false" />
            <line number="238" hits="1" branch="false" />
            <line number="239" hits="1" branch="false" />
            <line number="240" hits="1" branch="false" />
            <line number="241" hits="1" branch="false" />
            <line number="242" hits="1" branch="false" />
            <line number="243" hits="1" branch="false" />
            <line number="244" hits="1" branch="false" />
            <line number="248" hits="0" branch="false" />
            <line number="249" hits="0" branch="false" />
            <line number="250" hits="0" branch="false" />
            <line number="251" hits="1" branch="false" />
            <line number="252" hits="1" branch="false" />
            <line number="253" hits="1" branch="false" />
            <line number="254" hits="1" branch="false" />
            <line number="255" hits="1" branch="false" />
            <line number="256" hits="1" branch="false" />
            <line number="258" hits="1" branch="false" />
            <line number="265" hits="1" branch="false" />
            <line number="266" hits="1" branch="false" />
            <line number="267" hits="1" branch="false" />
            <line number="268" hits="1" branch="false" />
            <line number="269" hits="1" branch="false" />
            <line number="270" hits="1" branch="false" />
            <line number="273" hits="0" branch="false" />
            <line number="274" hits="0" branch="false" />
            <line number="275" hits="0" branch="false" />
            <line number="276" hits="1" branch="false" />
            <line number="277" hits="1" branch="false" />
            <line number="278" hits="1" branch="false" />
            <line number="279" hits="1" branch="false" />
            <line number="280" hits="1" branch="false" />
            <line number="281" hits="1" branch="false" />
            <line number="288" hits="1" branch="false" />
            <line number="289" hits="1" branch="false" />
            <line number="290" hits="1" branch="false" />
            <line number="291" hits="1" branch="false" />
            <line number="292" hits="1" branch="false" />
            <line number="293" hits="1" branch="false" />
            <line number="296" hits="8" branch="false" />
            <line number="297" hits="8" branch="true" condition-coverage="50% (1/2)" />
            <line number="298" hits="0" branch="false" />
            <line number="299" hits="8" branch="true" condition-coverage="100% (2/2)" />
            <line number="300" hits="2" branch="false" />
            <line number="301" hits="6" branch="true" condition-coverage="100% (2/2)" />
            <line number="302" hits="2" branch="false" />
            <line number="303" hits="4" branch="true" condition-coverage="100% (2/2)" />
            <line number="304" hits="2" branch="false" />
            <line number="305" hits="2" branch="true" condition-coverage="50% (1/2)" />
            <line number="306" hits="2" branch="false" />
            <line number="307" hits="0" branch="false" />
            <line number="308" hits="8" branch="false" />
            <line number="309" hits="7" branch="false" />
            <line number="310" hits="1" branch="false" />
            <line number="311" hits="1" branch="false" />
            <line number="312" hits="1" branch="false" />
            <line number="313" hits="1" branch="false" />
            <line number="314" hits="1" branch="false" />
          </lines>
        </class>
      </classes>
    </package>
    <package name="FormulaEvaluator" line-rate="0.801526717557252" branch-rate="0.851351351351351" complexity="75">
      <classes>
        <class name="FormulaEvaluator.Evaluator" filename="C:\Users\cqy15\source\repos\spreadsheet-Joeic\Spreadsheet\FormulaEvaluator\Evaluator.cs" line-rate="0.796875" branch-rate="0.847222222222222" complexity="73">
          <methods>
            <method name="Evaluate" signature="(...)" line-rate="0.788732394366197" branch-rate="0.88" complexity="50">
              <lines>
                <line number="27" hits="38" branch="false" />
                <line number="28" hits="281" branch="false" />
                <line number="30" hits="38" branch="false" />
                <line number="31" hits="38" branch="true" condition-coverage="50% (1/2)" />
                <line number="32" hits="0" branch="false" />
                <line number="35" hits="586" branch="true" condition-coverage="100% (2/2)" />
                <line number="36" hits="236" branch="false" />
                <line number="37" hits="236" branch="true" condition-coverage="100% (2/2)" />
                <line number="38" hits="104" branch="false" />
                <line number="39" hits="132" branch="true" condition-coverage="100% (4/4)" />
                <line number="40" hits="5" branch="false" />
                <line number="42" hits="5" branch="false" />
                <line number="43" hits="5" branch="false" />
                <line number="45" hits="5" branch="true" condition-coverage="50% (1/2)" />
                <line number="46" hits="0" branch="false" />
                <line number="47" hits="5" branch="false" />
                <line number="48" hits="5" branch="false" />
                <line number="49" hits="5" branch="false" />
                <line number="50" hits="5" branch="false" />
                <line number="51" hits="0" branch="false" />
                <line number="52" hits="0" branch="false" />
                <line number="53" hits="0" branch="false" />
                <line number="54" hits="0" branch="false" />
                <line number="55" hits="0" branch="false" />
                <line number="57" hits="5" branch="false" />
                <line number="59" hits="127" branch="true" condition-coverage="100% (4/4)" />
                <line number="60" hits="39" branch="false" />
                <line number="61" hits="39" branch="true" condition-coverage="100% (4/4)" />
                <line number="62" hits="9" branch="false" />
                <line number="63" hits="9" branch="false" />
                <line number="64" hits="9" branch="false" />
                <line number="65" hits="39" branch="false" />
                <line number="66" hits="39" branch="false" />
                <line number="68" hits="88" branch="true" condition-coverage="100% (4/4)" />
                <line number="69" hits="32" branch="false" />
                <line number="71" hits="56" branch="true" condition-coverage="100% (2/2)" />
                <line number="72" hits="14" branch="false" />
                <line number="74" hits="42" branch="true" condition-coverage="100% (2/2)" />
                <line number="75" hits="14" branch="false" />
                <line number="76" hits="14" branch="true" condition-coverage="100% (4/4)" />
                <line number="77" hits="12" branch="false" />
                <line number="78" hits="14" branch="true" condition-coverage="50% (1/2)" />
                <line number="79" hits="14" branch="false" />
                <line number="81" hits="0" branch="false" />
                <line number="82" hits="0" branch="false" />
                <line number="83" hits="0" branch="false" />
                <line number="84" hits="0" branch="false" />
                <line number="86" hits="14" branch="true" condition-coverage="100% (4/4)" />
                <line number="87" hits="2" branch="false" />
                <line number="88" hits="14" branch="false" />
                <line number="89" hits="28" branch="true" condition-coverage="75% (3/4)" />
                <line number="90" hits="28" branch="false" />
                <line number="91" hits="208" branch="false" />
                <line number="93" hits="38" branch="true" condition-coverage="100% (4/4)" />
                <line number="94" hits="20" branch="false" />
                <line number="95" hits="20" branch="false" />
                <line number="96" hits="20" branch="false" />
                <line number="97" hits="20" branch="false" />
                <line number="98" hits="20" branch="false" />
                <line number="101" hits="18" branch="true" condition-coverage="50% (2/4)" />
                <line number="102" hits="18" branch="false" />
                <line number="103" hits="18" branch="false" />
                <line number="104" hits="18" branch="false" />
                <line number="105" hits="18" branch="false" />
                <line number="106" hits="18" branch="false" />
                <line number="107" hits="18" branch="false" />
                <line number="111" hits="0" branch="false" />
                <line number="112" hits="0" branch="false" />
                <line number="113" hits="0" branch="false" />
                <line number="114" hits="0" branch="false" />
                <line number="117" hits="38" branch="false" />
              </lines>
            </method>
            <method name="isVariable" signature="(...)" line-rate="1" branch-rate="1" complexity="2">
              <lines>
                <line number="125" hits="104" branch="false" />
                <line number="126" hits="104" branch="false" />
                <line number="127" hits="104" branch="true" condition-coverage="100% (2/2)" />
                <line number="128" hits="99" branch="false" />
                <line number="129" hits="99" branch="false" />
                <line number="132" hits="5" branch="false" />
                <line number="133" hits="5" branch="false" />
                <line number="135" hits="104" branch="false" />
              </lines>
            </method>
            <method name="pValueStackTwiceAndPopOpStack" signature="()" line-rate="0.565217391304348" branch-rate="0.6" complexity="10">
              <lines>
                <line number="140" hits="41" branch="false" />
                <line number="142" hits="41" branch="false" />
                <line number="143" hits="41" branch="false" />
                <line number="144" hits="41" branch="false" />
                <line number="145" hits="41" branch="false" />
                <line number="147" hits="41" branch="true" condition-coverage="100% (2/2)" />
                <line number="148" hits="26" branch="false" />
                <line number="149" hits="15" branch="true" condition-coverage="100% (2/2)" />
                <line number="150" hits="13" branch="false" />
                <line number="151" hits="2" branch="true" condition-coverage="50% (1/2)" />
                <line number="152" hits="2" branch="false" />
                <line number="153" hits="0" branch="true" condition-coverage="50% (1/2)" />
                <line number="154" hits="0" branch="false" />
                <line number="155" hits="0" branch="true" condition-coverage="0% (0/2)" />
                <line number="156" hits="0" branch="false" />
                <line number="158" hits="0" branch="false" />
                <line number="159" hits="0" branch="false" />
                <line number="160" hits="41" branch="false" />
                <line number="161" hits="0" branch="false" />
                <line number="162" hits="0" branch="false" />
                <line number="163" hits="0" branch="false" />
                <line number="164" hits="0" branch="false" />
                <line number="165" hits="41" branch="false" />
              </lines>
            </method>
            <method name="IntegerCalculation" signature="(...)" line-rate="0.958333333333333" branch-rate="0.9" complexity="10">
              <lines>
                <line number="172" hits="109" branch="false" />
                <line number="173" hits="109" branch="true" condition-coverage="100% (4/4)" />
                <line number="174" hits="30" branch="false" />
                <line number="175" hits="30" branch="false" />
                <line number="176" hits="30" branch="false" />
                <line number="178" hits="30" branch="true" condition-coverage="100% (2/2)" />
                <line number="179" hits="14" branch="false" />
                <line number="180" hits="14" branch="false" />
                <line number="181" hits="14" branch="false" />
                <line number="182" hits="14" branch="false" />
                <line number="183" hits="14" branch="false" />
                <line number="184" hits="16" branch="true" condition-coverage="100% (2/2)" />
                <line number="185" hits="16" branch="false" />
                <line number="186" hits="16" branch="false" />
                <line number="187" hits="16" branch="true" condition-coverage="50% (1/2)" />
                <line number="188" hits="16" branch="false" />
                <line number="189" hits="16" branch="false" />
                <line number="190" hits="16" branch="false" />
                <line number="191" hits="16" branch="false" />
                <line number="193" hits="0" branch="false" />
                <line number="194" hits="16" branch="false" />
                <line number="195" hits="30" branch="false" />
                <line number="197" hits="79" branch="false" />
                <line number="198" hits="109" branch="false" />
              </lines>
            </method>
            <method name=".cctor" signature="()" line-rate="1" branch-rate="1" complexity="1">
              <lines>
                <line number="15" hits="1" branch="false" />
                <line number="16" hits="1" branch="false" />
              </lines>
            </method>
          </methods>
          <lines>
            <line number="15" hits="1" branch="false" />
            <line number="16" hits="1" branch="false" />
            <line number="27" hits="38" branch="false" />
            <line number="28" hits="281" branch="false" />
            <line number="30" hits="38" branch="false" />
            <line number="31" hits="38" branch="true" condition-coverage="50% (1/2)" />
            <line number="32" hits="0" branch="false" />
            <line number="35" hits="586" branch="true" condition-coverage="100% (2/2)" />
            <line number="36" hits="236" branch="false" />
            <line number="37" hits="236" branch="true" condition-coverage="100% (2/2)" />
            <line number="38" hits="104" branch="false" />
            <line number="39" hits="132" branch="true" condition-coverage="100% (4/4)" />
            <line number="40" hits="5" branch="false" />
            <line number="42" hits="5" branch="false" />
            <line number="43" hits="5" branch="false" />
            <line number="45" hits="5" branch="true" condition-coverage="50% (1/2)" />
            <line number="46" hits="0" branch="false" />
            <line number="47" hits="5" branch="false" />
            <line number="48" hits="5" branch="false" />
            <line number="49" hits="5" branch="false" />
            <line number="50" hits="5" branch="false" />
            <line number="51" hits="0" branch="false" />
            <line number="52" hits="0" branch="false" />
            <line number="53" hits="0" branch="false" />
            <line number="54" hits="0" branch="false" />
            <line number="55" hits="0" branch="false" />
            <line number="57" hits="5" branch="false" />
            <line number="59" hits="127" branch="true" condition-coverage="100% (4/4)" />
            <line number="60" hits="39" branch="false" />
            <line number="61" hits="39" branch="true" condition-coverage="100% (4/4)" />
            <line number="62" hits="9" branch="false" />
            <line number="63" hits="9" branch="false" />
            <line number="64" hits="9" branch="false" />
            <line number="65" hits="39" branch="false" />
            <line number="66" hits="39" branch="false" />
            <line number="68" hits="88" branch="true" condition-coverage="100% (4/4)" />
            <line number="69" hits="32" branch="false" />
            <line number="71" hits="56" branch="true" condition-coverage="100% (2/2)" />
            <line number="72" hits="14" branch="false" />
            <line number="74" hits="42" branch="true" condition-coverage="100% (2/2)" />
            <line number="75" hits="14" branch="false" />
            <line number="76" hits="14" branch="true" condition-coverage="100% (4/4)" />
            <line number="77" hits="12" branch="false" />
            <line number="78" hits="14" branch="true" condition-coverage="50% (1/2)" />
            <line number="79" hits="14" branch="false" />
            <line number="81" hits="0" branch="false" />
            <line number="82" hits="0" branch="false" />
            <line number="83" hits="0" branch="false" />
            <line number="84" hits="0" branch="false" />
            <line number="86" hits="14" branch="true" condition-coverage="100% (4/4)" />
            <line number="87" hits="2" branch="false" />
            <line number="88" hits="14" branch="false" />
            <line number="89" hits="28" branch="true" condition-coverage="75% (3/4)" />
            <line number="90" hits="28" branch="false" />
            <line number="91" hits="208" branch="false" />
            <line number="93" hits="38" branch="true" condition-coverage="100% (4/4)" />
            <line number="94" hits="20" branch="false" />
            <line number="95" hits="20" branch="false" />
            <line number="96" hits="20" branch="false" />
            <line number="97" hits="20" branch="false" />
            <line number="98" hits="20" branch="false" />
            <line number="101" hits="18" branch="true" condition-coverage="50% (2/4)" />
            <line number="102" hits="18" branch="false" />
            <line number="103" hits="18" branch="false" />
            <line number="104" hits="18" branch="false" />
            <line number="105" hits="18" branch="false" />
            <line number="106" hits="18" branch="false" />
            <line number="107" hits="18" branch="false" />
            <line number="111" hits="0" branch="false" />
            <line number="112" hits="0" branch="false" />
            <line number="113" hits="0" branch="false" />
            <line number="114" hits="0" branch="false" />
            <line number="117" hits="38" branch="false" />
            <line number="125" hits="104" branch="false" />
            <line number="126" hits="104" branch="false" />
            <line number="127" hits="104" branch="true" condition-coverage="100% (2/2)" />
            <line number="128" hits="99" branch="false" />
            <line number="129" hits="99" branch="false" />
            <line number="132" hits="5" branch="false" />
            <line number="133" hits="5" branch="false" />
            <line number="135" hits="104" branch="false" />
            <line number="140" hits="41" branch="false" />
            <line number="142" hits="41" branch="false" />
            <line number="143" hits="41" branch="false" />
            <line number="144" hits="41" branch="false" />
            <line number="145" hits="41" branch="false" />
            <line number="147" hits="41" branch="true" condition-coverage="100% (2/2)" />
            <line number="148" hits="26" branch="false" />
            <line number="149" hits="15" branch="true" condition-coverage="100% (2/2)" />
            <line number="150" hits="13" branch="false" />
            <line number="151" hits="2" branch="true" condition-coverage="50% (1/2)" />
            <line number="152" hits="2" branch="false" />
            <line number="153" hits="0" branch="true" condition-coverage="50% (1/2)" />
            <line number="154" hits="0" branch="false" />
            <line number="155" hits="0" branch="true" condition-coverage="0% (0/2)" />
            <line number="156" hits="0" branch="false" />
            <line number="158" hits="0" branch="false" />
            <line number="159" hits="0" branch="false" />
            <line number="160" hits="41" branch="false" />
            <line number="161" hits="0" branch="false" />
            <line number="162" hits="0" branch="false" />
            <line number="163" hits="0" branch="false" />
            <line number="164" hits="0" branch="false" />
            <line number="165" hits="41" branch="false" />
            <line number="172" hits="109" branch="false" />
            <line number="173" hits="109" branch="true" condition-coverage="100% (4/4)" />
            <line number="174" hits="30" branch="false" />
            <line number="175" hits="30" branch="false" />
            <line number="176" hits="30" branch="false" />
            <line number="178" hits="30" branch="true" condition-coverage="100% (2/2)" />
            <line number="179" hits="14" branch="false" />
            <line number="180" hits="14" branch="false" />
            <line number="181" hits="14" branch="false" />
            <line number="182" hits="14" branch="false" />
            <line number="183" hits="14" branch="false" />
            <line number="184" hits="16" branch="true" condition-coverage="100% (2/2)" />
            <line number="185" hits="16" branch="false" />
            <line number="186" hits="16" branch="false" />
            <line number="187" hits="16" branch="true" condition-coverage="50% (1/2)" />
            <line number="188" hits="16" branch="false" />
            <line number="189" hits="16" branch="false" />
            <line number="190" hits="16" branch="false" />
            <line number="191" hits="16" branch="false" />
            <line number="193" hits="0" branch="false" />
            <line number="194" hits="16" branch="false" />
            <line number="195" hits="30" branch="false" />
            <line number="197" hits="79" branch="false" />
            <line number="198" hits="109" branch="false" />
          </lines>
        </class>
        <class name="FormulaEvaluator.stackExtensions" filename="C:\Users\cqy15\source\repos\spreadsheet-Joeic\Spreadsheet\FormulaEvaluator\Evaluator.cs" line-rate="1" branch-rate="1" complexity="2">
          <methods>
            <method name="isOnTop" signature="(...)" line-rate="1" branch-rate="1" complexity="2">
              <lines>
                <line number="213" hits="382" branch="false" />
                <line number="214" hits="382" branch="true" condition-coverage="100% (2/2)" />
                <line number="215" hits="382" branch="false" />
              </lines>
            </method>
          </methods>
          <lines>
            <line number="213" hits="382" branch="false" />
            <line number="214" hits="382" branch="true" condition-coverage="100% (2/2)" />
            <line number="215" hits="382" branch="false" />
          </lines>
        </class>
      </classes>
    </package>
  </packages>
</coverage>