<?xml version="1.0" encoding="utf-8"?>
<coverage line-rate="0.7715000000000001" branch-rate="0.8369" version="1.9" timestamp="1664944952" lines-covered="233" lines-valid="302" branches-covered="77" branches-valid="92">
  <sources>
    <source>C:\Users\cqy15\</source>
  </sources>
  <packages>
    <package name="EvaluatorTester" line-rate="0.7484999999999999" branch-rate="0.7777" complexity="45">
      <classes>
        <class name="AutoGeneratedProgram" filename=".nuget\packages\microsoft.net.test.sdk\17.1.0\build\netcoreapp2.1\Microsoft.NET.Test.Sdk.Program.cs" line-rate="0" branch-rate="1" complexity="1">
          <methods>
            <method name="Main" signature="(System.String[])" line-rate="0" branch-rate="1" complexity="1">
              <lines>
                <line number="4" hits="0" branch="False" />
              </lines>
            </method>
          </methods>
          <lines>
            <line number="4" hits="0" branch="False" />
          </lines>
        </class>
        <class name="EvaluatorTester.EvaluatorsTest" filename="source\repos\spreadsheet-Joeic\Spreadsheet\EvaluatorTester\EvaluatorsTest.cs" line-rate="0.7529" branch-rate="0.7777" complexity="44">
          <methods>
            <method name="TestSimpleAddition" signature="()" line-rate="1" branch-rate="1" complexity="1">
              <lines>
                <line number="11" hits="1" branch="False" />
                <line number="12" hits="1" branch="False" />
                <line number="19" hits="1" branch="False" />
                <line number="20" hits="1" branch="False" />
              </lines>
            </method>
            <method name="isVariable" signature="(System.String)" line-rate="0.7333" branch-rate="0.75" complexity="8">
              <lines>
                <line number="28" hits="1" branch="False" />
                <line number="29" hits="1" branch="True" condition-coverage="50% (1/2)">
                  <conditions>
                    <condition number="15" type="jump" coverage="50%" />
                  </conditions>
                </line>
                <line number="30" hits="1" branch="False" />
                <line number="31" hits="22" branch="True" condition-coverage="100% (2/2)">
                  <conditions>
                    <condition number="85" type="jump" coverage="100%" />
                  </conditions>
                </line>
                <line number="32" hits="10" branch="False" />
                <line number="33" hits="10" branch="True" condition-coverage="75% (3/4)">
                  <conditions>
                    <condition number="35" type="jump" coverage="100%" />
                    <condition number="56" type="jump" coverage="50%" />
                  </conditions>
                </line>
                <line number="34" hits="0" branch="False" />
                <line number="36" hits="0" branch="False" />
                <line number="41" hits="10" branch="False" />
                <line number="42" hits="10" branch="False" />
                <line number="45" hits="1" branch="False" />
                <line number="47" hits="0" branch="False" />
                <line number="48" hits="0" branch="False" />
                <line number="51" hits="1" branch="False" />
                <line number="52" hits="1" branch="False" />
              </lines>
            </method>
            <method name="TestIfItsVar" signature="()" line-rate="1" branch-rate="1" complexity="1">
              <lines>
                <line number="58" hits="1" branch="False" />
                <line number="59" hits="1" branch="False" />
                <line number="61" hits="1" branch="False" />
                <line number="62" hits="1" branch="False" />
              </lines>
            </method>
            <method name="TestSubtraction" signature="()" line-rate="1" branch-rate="1" complexity="1">
              <lines>
                <line number="69" hits="1" branch="False" />
                <line number="70" hits="1" branch="False" />
                <line number="77" hits="1" branch="False" />
                <line number="78" hits="1" branch="False" />
              </lines>
            </method>
            <method name="TestMultiplication" signature="()" line-rate="1" branch-rate="1" complexity="1">
              <lines>
                <line number="85" hits="1" branch="False" />
                <line number="86" hits="1" branch="False" />
                <line number="93" hits="1" branch="False" />
                <line number="94" hits="1" branch="False" />
              </lines>
            </method>
            <method name="Testdivision" signature="()" line-rate="1" branch-rate="1" complexity="1">
              <lines>
                <line number="101" hits="1" branch="False" />
                <line number="102" hits="1" branch="False" />
                <line number="109" hits="1" branch="False" />
                <line number="110" hits="1" branch="False" />
              </lines>
            </method>
            <method name="TestSimgleNumber" signature="()" line-rate="1" branch-rate="1" complexity="1">
              <lines>
                <line number="117" hits="1" branch="False" />
                <line number="118" hits="1" branch="False" />
                <line number="125" hits="1" branch="False" />
                <line number="126" hits="1" branch="False" />
              </lines>
            </method>
            <method name="Testparenthesis" signature="()" line-rate="1" branch-rate="1" complexity="1">
              <lines>
                <line number="133" hits="1" branch="False" />
                <line number="134" hits="1" branch="False" />
                <line number="141" hits="1" branch="False" />
                <line number="142" hits="1" branch="False" />
              </lines>
            </method>
            <method name="TestWhiteSpace" signature="()" line-rate="1" branch-rate="1" complexity="1">
              <lines>
                <line number="149" hits="1" branch="False" />
                <line number="150" hits="1" branch="False" />
                <line number="157" hits="1" branch="False" />
                <line number="158" hits="1" branch="False" />
              </lines>
            </method>
            <method name="TestAdditions" signature="()" line-rate="1" branch-rate="1" complexity="1">
              <lines>
                <line number="166" hits="1" branch="False" />
                <line number="167" hits="1" branch="False" />
                <line number="168" hits="1" branch="False" />
                <line number="169" hits="1" branch="False" />
                <line number="170" hits="1" branch="False" />
                <line number="171" hits="1" branch="False" />
                <line number="178" hits="1" branch="False" />
                <line number="179" hits="1" branch="False" />
                <line number="180" hits="1" branch="False" />
                <line number="181" hits="1" branch="False" />
                <line number="182" hits="1" branch="False" />
                <line number="183" hits="1" branch="False" />
              </lines>
            </method>
            <method name="TestSubtractions" signature="()" line-rate="1" branch-rate="1" complexity="1">
              <lines>
                <line number="190" hits="1" branch="False" />
                <line number="191" hits="1" branch="False" />
                <line number="192" hits="1" branch="False" />
                <line number="193" hits="1" branch="False" />
                <line number="194" hits="1" branch="False" />
                <line number="195" hits="1" branch="False" />
                <line number="202" hits="1" branch="False" />
                <line number="203" hits="1" branch="False" />
                <line number="204" hits="1" branch="False" />
                <line number="205" hits="1" branch="False" />
                <line number="206" hits="1" branch="False" />
                <line number="207" hits="1" branch="False" />
              </lines>
            </method>
            <method name="TestMultiplications" signature="()" line-rate="1" branch-rate="1" complexity="1">
              <lines>
                <line number="214" hits="1" branch="False" />
                <line number="215" hits="1" branch="False" />
                <line number="216" hits="1" branch="False" />
                <line number="217" hits="1" branch="False" />
                <line number="218" hits="1" branch="False" />
                <line number="219" hits="1" branch="False" />
                <line number="226" hits="1" branch="False" />
                <line number="227" hits="1" branch="False" />
                <line number="228" hits="1" branch="False" />
                <line number="229" hits="1" branch="False" />
                <line number="230" hits="1" branch="False" />
                <line number="231" hits="1" branch="False" />
              </lines>
            </method>
            <method name="TestDivisions" signature="()" line-rate="1" branch-rate="1" complexity="1">
              <lines>
                <line number="238" hits="1" branch="False" />
                <line number="239" hits="1" branch="False" />
                <line number="240" hits="1" branch="False" />
                <line number="241" hits="1" branch="False" />
                <line number="242" hits="1" branch="False" />
                <line number="243" hits="1" branch="False" />
                <line number="244" hits="1" branch="False" />
                <line number="251" hits="1" branch="False" />
                <line number="252" hits="1" branch="False" />
                <line number="253" hits="1" branch="False" />
                <line number="254" hits="1" branch="False" />
                <line number="255" hits="1" branch="False" />
                <line number="256" hits="1" branch="False" />
                <line number="258" hits="1" branch="False" />
              </lines>
            </method>
            <method name="Testparenthesises" signature="()" line-rate="1" branch-rate="1" complexity="1">
              <lines>
                <line number="265" hits="1" branch="False" />
                <line number="266" hits="1" branch="False" />
                <line number="267" hits="1" branch="False" />
                <line number="268" hits="1" branch="False" />
                <line number="269" hits="1" branch="False" />
                <line number="270" hits="1" branch="False" />
                <line number="276" hits="1" branch="False" />
                <line number="277" hits="1" branch="False" />
                <line number="278" hits="1" branch="False" />
                <line number="279" hits="1" branch="False" />
                <line number="280" hits="1" branch="False" />
                <line number="281" hits="1" branch="False" />
              </lines>
            </method>
            <method name="Testdelegates" signature="()" line-rate="1" branch-rate="1" complexity="1">
              <lines>
                <line number="288" hits="1" branch="False" />
                <line number="289" hits="1" branch="False" />
                <line number="290" hits="1" branch="False" />
                <line number="291" hits="1" branch="False" />
                <line number="292" hits="1" branch="False" />
                <line number="293" hits="1" branch="False" />
                <line number="309" hits="7" branch="False" />
                <line number="310" hits="1" branch="False" />
                <line number="311" hits="1" branch="False" />
                <line number="312" hits="1" branch="False" />
                <line number="313" hits="1" branch="False" />
                <line number="314" hits="1" branch="False" />
              </lines>
            </method>
            <method name="&lt;TestSimpleAddition&gt;g__var|0_0" signature="(System.String)" line-rate="0" branch-rate="1" complexity="1">
              <lines>
                <line number="15" hits="0" branch="False" />
                <line number="16" hits="0" branch="False" />
                <line number="17" hits="0" branch="False" />
              </lines>
            </method>
            <method name="&lt;TestSubtraction&gt;g__var|3_0" signature="(System.String)" line-rate="0" branch-rate="1" complexity="1">
              <lines>
                <line number="73" hits="0" branch="False" />
                <line number="74" hits="0" branch="False" />
                <line number="75" hits="0" branch="False" />
              </lines>
            </method>
            <method name="&lt;TestMultiplication&gt;g__var|4_0" signature="(System.String)" line-rate="0" branch-rate="1" complexity="1">
              <lines>
                <line number="89" hits="0" branch="False" />
                <line number="90" hits="0" branch="False" />
                <line number="91" hits="0" branch="False" />
              </lines>
            </method>
            <method name="&lt;Testdivision&gt;g__var|5_0" signature="(System.String)" line-rate="0" branch-rate="1" complexity="1">
              <lines>
                <line number="105" hits="0" branch="False" />
                <line number="106" hits="0" branch="False" />
                <line number="107" hits="0" branch="False" />
              </lines>
            </method>
            <method name="&lt;TestSimgleNumber&gt;g__var|6_0" signature="(System.String)" line-rate="0" branch-rate="1" complexity="1">
              <lines>
                <line number="121" hits="0" branch="False" />
                <line number="122" hits="0" branch="False" />
                <line number="123" hits="0" branch="False" />
              </lines>
            </method>
            <method name="&lt;Testparenthesis&gt;g__var|7_0" signature="(System.String)" line-rate="0" branch-rate="1" complexity="1">
              <lines>
                <line number="137" hits="0" branch="False" />
                <line number="138" hits="0" branch="False" />
                <line number="139" hits="0" branch="False" />
              </lines>
            </method>
            <method name="&lt;TestWhiteSpace&gt;g__var|8_0" signature="(System.String)" line-rate="0" branch-rate="1" complexity="1">
              <lines>
                <line number="153" hits="0" branch="False" />
                <line number="154" hits="0" branch="False" />
                <line number="155" hits="0" branch="False" />
              </lines>
            </method>
            <method name="&lt;TestAdditions&gt;g__var|9_0" signature="(System.String)" line-rate="0" branch-rate="1" complexity="1">
              <lines>
                <line number="174" hits="0" branch="False" />
                <line number="175" hits="0" branch="False" />
                <line number="176" hits="0" branch="False" />
              </lines>
            </method>
            <method name="&lt;TestSubtractions&gt;g__var|10_0" signature="(System.String)" line-rate="0" branch-rate="1" complexity="1">
              <lines>
                <line number="198" hits="0" branch="False" />
                <line number="199" hits="0" branch="False" />
                <line number="200" hits="0" branch="False" />
              </lines>
            </method>
            <method name="&lt;TestMultiplications&gt;g__var|11_0" signature="(System.String)" line-rate="0" branch-rate="1" complexity="1">
              <lines>
                <line number="222" hits="0" branch="False" />
                <line number="223" hits="0" branch="False" />
                <line number="224" hits="0" branch="False" />
              </lines>
            </method>
            <method name="&lt;TestDivisions&gt;g__var|12_0" signature="(System.String)" line-rate="0" branch-rate="1" complexity="1">
              <lines>
                <line number="248" hits="0" branch="False" />
                <line number="249" hits="0" branch="False" />
                <line number="250" hits="0" branch="False" />
              </lines>
            </method>
            <method name="&lt;Testparenthesises&gt;g__var|13_0" signature="(System.String)" line-rate="0" branch-rate="1" complexity="1">
              <lines>
                <line number="273" hits="0" branch="False" />
                <line number="274" hits="0" branch="False" />
                <line number="275" hits="0" branch="False" />
              </lines>
            </method>
            <method name="&lt;Testdelegates&gt;g__var|14_0" signature="(System.String)" line-rate="0.8461" branch-rate="0.8" complexity="10">
              <lines>
                <line number="296" hits="8" branch="False" />
                <line number="297" hits="8" branch="True" condition-coverage="50% (1/2)">
                  <conditions>
                    <condition number="14" type="jump" coverage="50%" />
                  </conditions>
                </line>
                <line number="298" hits="0" branch="False" />
                <line number="299" hits="8" branch="True" condition-coverage="100% (2/2)">
                  <conditions>
                    <condition number="33" type="jump" coverage="100%" />
                  </conditions>
                </line>
                <line number="300" hits="2" branch="False" />
                <line number="301" hits="6" branch="True" condition-coverage="100% (2/2)">
                  <conditions>
                    <condition number="53" type="jump" coverage="100%" />
                  </conditions>
                </line>
                <line number="302" hits="2" branch="False" />
                <line number="303" hits="4" branch="True" condition-coverage="100% (2/2)">
                  <conditions>
                    <condition number="75" type="jump" coverage="100%" />
                  </conditions>
                </line>
                <line number="304" hits="2" branch="False" />
                <line number="305" hits="2" branch="True" condition-coverage="50% (1/2)">
                  <conditions>
                    <condition number="96" type="jump" coverage="50%" />
                  </conditions>
                </line>
                <line number="306" hits="2" branch="False" />
                <line number="307" hits="0" branch="False" />
                <line number="308" hits="8" branch="False" />
              </lines>
            </method>
          </methods>
          <lines>
            <line number="11" hits="1" branch="False" />
            <line number="12" hits="1" branch="False" />
            <line number="19" hits="1" branch="False" />
            <line number="20" hits="1" branch="False" />
            <line number="28" hits="1" branch="False" />
            <line number="29" hits="1" branch="True" condition-coverage="50% (1/2)">
              <conditions>
                <condition number="15" type="jump" coverage="50%" />
              </conditions>
            </line>
            <line number="30" hits="1" branch="False" />
            <line number="31" hits="22" branch="True" condition-coverage="100% (2/2)">
              <conditions>
                <condition number="85" type="jump" coverage="100%" />
              </conditions>
            </line>
            <line number="32" hits="10" branch="False" />
            <line number="33" hits="10" branch="True" condition-coverage="75% (3/4)">
              <conditions>
                <condition number="35" type="jump" coverage="100%" />
                <condition number="56" type="jump" coverage="50%" />
              </conditions>
            </line>
            <line number="34" hits="0" branch="False" />
            <line number="36" hits="0" branch="False" />
            <line number="41" hits="10" branch="False" />
            <line number="42" hits="10" branch="False" />
            <line number="45" hits="1" branch="False" />
            <line number="47" hits="0" branch="False" />
            <line number="48" hits="0" branch="False" />
            <line number="51" hits="1" branch="False" />
            <line number="52" hits="1" branch="False" />
            <line number="58" hits="1" branch="False" />
            <line number="59" hits="1" branch="False" />
            <line number="61" hits="1" branch="False" />
            <line number="62" hits="1" branch="False" />
            <line number="69" hits="1" branch="False" />
            <line number="70" hits="1" branch="False" />
            <line number="77" hits="1" branch="False" />
            <line number="78" hits="1" branch="False" />
            <line number="85" hits="1" branch="False" />
            <line number="86" hits="1" branch="False" />
            <line number="93" hits="1" branch="False" />
            <line number="94" hits="1" branch="False" />
            <line number="101" hits="1" branch="False" />
            <line number="102" hits="1" branch="False" />
            <line number="109" hits="1" branch="False" />
            <line number="110" hits="1" branch="False" />
            <line number="117" hits="1" branch="False" />
            <line number="118" hits="1" branch="False" />
            <line number="125" hits="1" branch="False" />
            <line number="126" hits="1" branch="False" />
            <line number="133" hits="1" branch="False" />
            <line number="134" hits="1" branch="False" />
            <line number="141" hits="1" branch="False" />
            <line number="142" hits="1" branch="False" />
            <line number="149" hits="1" branch="False" />
            <line number="150" hits="1" branch="False" />
            <line number="157" hits="1" branch="False" />
            <line number="158" hits="1" branch="False" />
            <line number="166" hits="1" branch="False" />
            <line number="167" hits="1" branch="False" />
            <line number="168" hits="1" branch="False" />
            <line number="169" hits="1" branch="False" />
            <line number="170" hits="1" branch="False" />
            <line number="171" hits="1" branch="False" />
            <line number="178" hits="1" branch="False" />
            <line number="179" hits="1" branch="False" />
            <line number="180" hits="1" branch="False" />
            <line number="181" hits="1" branch="False" />
            <line number="182" hits="1" branch="False" />
            <line number="183" hits="1" branch="False" />
            <line number="190" hits="1" branch="False" />
            <line number="191" hits="1" branch="False" />
            <line number="192" hits="1" branch="False" />
            <line number="193" hits="1" branch="False" />
            <line number="194" hits="1" branch="False" />
            <line number="195" hits="1" branch="False" />
            <line number="202" hits="1" branch="False" />
            <line number="203" hits="1" branch="False" />
            <line number="204" hits="1" branch="False" />
            <line number="205" hits="1" branch="False" />
            <line number="206" hits="1" branch="False" />
            <line number="207" hits="1" branch="False" />
            <line number="214" hits="1" branch="False" />
            <line number="215" hits="1" branch="False" />
            <line number="216" hits="1" branch="False" />
            <line number="217" hits="1" branch="False" />
            <line number="218" hits="1" branch="False" />
            <line number="219" hits="1" branch="False" />
            <line number="226" hits="1" branch="False" />
            <line number="227" hits="1" branch="False" />
            <line number="228" hits="1" branch="False" />
            <line number="229" hits="1" branch="False" />
            <line number="230" hits="1" branch="False" />
            <line number="231" hits="1" branch="False" />
            <line number="238" hits="1" branch="False" />
            <line number="239" hits="1" branch="False" />
            <line number="240" hits="1" branch="False" />
            <line number="241" hits="1" branch="False" />
            <line number="242" hits="1" branch="False" />
            <line number="243" hits="1" branch="False" />
            <line number="244" hits="1" branch="False" />
            <line number="251" hits="1" branch="False" />
            <line number="252" hits="1" branch="False" />
            <line number="253" hits="1" branch="False" />
            <line number="254" hits="1" branch="False" />
            <line number="255" hits="1" branch="False" />
            <line number="256" hits="1" branch="False" />
            <line number="258" hits="1" branch="False" />
            <line number="265" hits="1" branch="False" />
            <line number="266" hits="1" branch="False" />
            <line number="267" hits="1" branch="False" />
            <line number="268" hits="1" branch="False" />
            <line number="269" hits="1" branch="False" />
            <line number="270" hits="1" branch="False" />
            <line number="276" hits="1" branch="False" />
            <line number="277" hits="1" branch="False" />
            <line number="278" hits="1" branch="False" />
            <line number="279" hits="1" branch="False" />
            <line number="280" hits="1" branch="False" />
            <line number="281" hits="1" branch="False" />
            <line number="288" hits="1" branch="False" />
            <line number="289" hits="1" branch="False" />
            <line number="290" hits="1" branch="False" />
            <line number="291" hits="1" branch="False" />
            <line number="292" hits="1" branch="False" />
            <line number="293" hits="1" branch="False" />
            <line number="309" hits="7" branch="False" />
            <line number="310" hits="1" branch="False" />
            <line number="311" hits="1" branch="False" />
            <line number="312" hits="1" branch="False" />
            <line number="313" hits="1" branch="False" />
            <line number="314" hits="1" branch="False" />
            <line number="15" hits="0" branch="False" />
            <line number="16" hits="0" branch="False" />
            <line number="17" hits="0" branch="False" />
            <line number="73" hits="0" branch="False" />
            <line number="74" hits="0" branch="False" />
            <line number="75" hits="0" branch="False" />
            <line number="89" hits="0" branch="False" />
            <line number="90" hits="0" branch="False" />
            <line number="91" hits="0" branch="False" />
            <line number="105" hits="0" branch="False" />
            <line number="106" hits="0" branch="False" />
            <line number="107" hits="0" branch="False" />
            <line number="121" hits="0" branch="False" />
            <line number="122" hits="0" branch="False" />
            <line number="123" hits="0" branch="False" />
            <line number="137" hits="0" branch="False" />
            <line number="138" hits="0" branch="False" />
            <line number="139" hits="0" branch="False" />
            <line number="153" hits="0" branch="False" />
            <line number="154" hits="0" branch="False" />
            <line number="155" hits="0" branch="False" />
            <line number="174" hits="0" branch="False" />
            <line number="175" hits="0" branch="False" />
            <line number="176" hits="0" branch="False" />
            <line number="198" hits="0" branch="False" />
            <line number="199" hits="0" branch="False" />
            <line number="200" hits="0" branch="False" />
            <line number="222" hits="0" branch="False" />
            <line number="223" hits="0" branch="False" />
            <line number="224" hits="0" branch="False" />
            <line number="248" hits="0" branch="False" />
            <line number="249" hits="0" branch="False" />
            <line number="250" hits="0" branch="False" />
            <line number="273" hits="0" branch="False" />
            <line number="274" hits="0" branch="False" />
            <line number="275" hits="0" branch="False" />
            <line number="296" hits="8" branch="False" />
            <line number="297" hits="8" branch="True" condition-coverage="50% (1/2)">
              <conditions>
                <condition number="14" type="jump" coverage="50%" />
              </conditions>
            </line>
            <line number="298" hits="0" branch="False" />
            <line number="299" hits="8" branch="True" condition-coverage="100% (2/2)">
              <conditions>
                <condition number="33" type="jump" coverage="100%" />
              </conditions>
            </line>
            <line number="300" hits="2" branch="False" />
            <line number="301" hits="6" branch="True" condition-coverage="100% (2/2)">
              <conditions>
                <condition number="53" type="jump" coverage="100%" />
              </conditions>
            </line>
            <line number="302" hits="2" branch="False" />
            <line number="303" hits="4" branch="True" condition-coverage="100% (2/2)">
              <conditions>
                <condition number="75" type="jump" coverage="100%" />
              </conditions>
            </line>
            <line number="304" hits="2" branch="False" />
            <line number="305" hits="2" branch="True" condition-coverage="50% (1/2)">
              <conditions>
                <condition number="96" type="jump" coverage="50%" />
              </conditions>
            </line>
            <line number="306" hits="2" branch="False" />
            <line number="307" hits="0" branch="False" />
            <line number="308" hits="8" branch="False" />
          </lines>
        </class>
      </classes>
    </package>
    <package name="FormulaEvaluator" line-rate="0.8015000000000001" branch-rate="0.8513" complexity="75">
      <classes>
        <class name="FormulaEvaluator.Evaluator" filename="source\repos\spreadsheet-Joeic\Spreadsheet\FormulaEvaluator\Evaluator.cs" line-rate="0.7968000000000001" branch-rate="0.8472" complexity="73">
          <methods>
            <method name="Evaluate" signature="(System.String,FormulaEvaluator.Evaluator/Lookup)" line-rate="0.7887000000000001" branch-rate="0.88" complexity="50">
              <lines>
                <line number="27" hits="38" branch="False" />
                <line number="28" hits="281" branch="False" />
                <line number="30" hits="38" branch="False" />
                <line number="31" hits="38" branch="True" condition-coverage="50% (1/2)">
                  <conditions>
                    <condition number="69" type="jump" coverage="50%" />
                  </conditions>
                </line>
                <line number="32" hits="0" branch="False" />
                <line number="35" hits="586" branch="True" condition-coverage="100% (2/2)">
                  <conditions>
                    <condition number="706" type="jump" coverage="100%" />
                  </conditions>
                </line>
                <line number="36" hits="236" branch="False" />
                <line number="37" hits="236" branch="True" condition-coverage="100% (2/2)">
                  <conditions>
                    <condition number="115" type="jump" coverage="100%" />
                  </conditions>
                </line>
                <line number="38" hits="104" branch="False" />
                <line number="39" hits="132" branch="True" condition-coverage="100% (4/4)">
                  <conditions>
                    <condition number="137" type="jump" coverage="100%" />
                    <condition number="153" type="jump" coverage="100%" />
                  </conditions>
                </line>
                <line number="40" hits="5" branch="False" />
                <line number="42" hits="5" branch="False" />
                <line number="43" hits="5" branch="False" />
                <line number="45" hits="5" branch="True" condition-coverage="50% (1/2)">
                  <conditions>
                    <condition number="192" type="jump" coverage="50%" />
                  </conditions>
                </line>
                <line number="46" hits="0" branch="False" />
                <line number="47" hits="5" branch="False" />
                <line number="48" hits="5" branch="False" />
                <line number="49" hits="5" branch="False" />
                <line number="50" hits="5" branch="False" />
                <line number="51" hits="0" branch="False" />
                <line number="52" hits="0" branch="False" />
                <line number="53" hits="0" branch="False" />
                <line number="54" hits="0" branch="False" />
                <line number="55" hits="0" branch="False" />
                <line number="57" hits="5" branch="False" />
                <line number="59" hits="127" branch="True" condition-coverage="100% (4/4)">
                  <conditions>
                    <condition number="288" type="jump" coverage="100%" />
                    <condition number="309" type="jump" coverage="100%" />
                  </conditions>
                </line>
                <line number="60" hits="39" branch="False" />
                <line number="61" hits="39" branch="True" condition-coverage="100% (4/4)">
                  <conditions>
                    <condition number="327" type="jump" coverage="100%" />
                    <condition number="351" type="jump" coverage="100%" />
                  </conditions>
                </line>
                <line number="62" hits="9" branch="False" />
                <line number="63" hits="9" branch="False" />
                <line number="64" hits="9" branch="False" />
                <line number="65" hits="39" branch="False" />
                <line number="66" hits="39" branch="False" />
                <line number="68" hits="88" branch="True" condition-coverage="100% (4/4)">
                  <conditions>
                    <condition number="392" type="jump" coverage="100%" />
                    <condition number="413" type="jump" coverage="100%" />
                  </conditions>
                </line>
                <line number="69" hits="32" branch="False" />
                <line number="71" hits="56" branch="True" condition-coverage="100% (2/2)">
                  <conditions>
                    <condition number="449" type="jump" coverage="100%" />
                  </conditions>
                </line>
                <line number="72" hits="14" branch="False" />
                <line number="74" hits="42" branch="True" condition-coverage="100% (2/2)">
                  <conditions>
                    <condition number="485" type="jump" coverage="100%" />
                  </conditions>
                </line>
                <line number="75" hits="14" branch="False" />
                <line number="76" hits="14" branch="True" condition-coverage="100% (4/4)">
                  <conditions>
                    <condition number="506" type="jump" coverage="100%" />
                    <condition number="530" type="jump" coverage="100%" />
                  </conditions>
                </line>
                <line number="77" hits="12" branch="False" />
                <line number="78" hits="14" branch="True" condition-coverage="50% (1/2)">
                  <conditions>
                    <condition number="557" type="jump" coverage="50%" />
                  </conditions>
                </line>
                <line number="79" hits="14" branch="False" />
                <line number="81" hits="0" branch="False" />
                <line number="82" hits="0" branch="False" />
                <line number="83" hits="0" branch="False" />
                <line number="84" hits="0" branch="False" />
                <line number="86" hits="14" branch="True" condition-coverage="100% (4/4)">
                  <conditions>
                    <condition number="621" type="jump" coverage="100%" />
                    <condition number="645" type="jump" coverage="100%" />
                  </conditions>
                </line>
                <line number="87" hits="2" branch="False" />
                <line number="88" hits="14" branch="False" />
                <line number="89" hits="28" branch="True" condition-coverage="75% (3/4)">
                  <conditions>
                    <condition number="668" type="jump" coverage="50%" />
                    <condition number="689" type="jump" coverage="100%" />
                  </conditions>
                </line>
                <line number="90" hits="28" branch="False" />
                <line number="91" hits="208" branch="False" />
                <line number="93" hits="38" branch="True" condition-coverage="100% (4/4)">
                  <conditions>
                    <condition number="721" type="jump" coverage="100%" />
                    <condition number="743" type="jump" coverage="100%" />
                  </conditions>
                </line>
                <line number="94" hits="20" branch="False" />
                <line number="95" hits="20" branch="False" />
                <line number="96" hits="20" branch="False" />
                <line number="97" hits="20" branch="False" />
                <line number="98" hits="20" branch="False" />
                <line number="101" hits="18" branch="True" condition-coverage="50% (2/4)">
                  <conditions>
                    <condition number="797" type="jump" coverage="50%" />
                    <condition number="819" type="jump" coverage="50%" />
                  </conditions>
                </line>
                <line number="102" hits="18" branch="False" />
                <line number="103" hits="18" branch="False" />
                <line number="104" hits="18" branch="False" />
                <line number="105" hits="18" branch="False" />
                <line number="106" hits="18" branch="False" />
                <line number="107" hits="18" branch="False" />
                <line number="111" hits="0" branch="False" />
                <line number="112" hits="0" branch="False" />
                <line number="113" hits="0" branch="False" />
                <line number="114" hits="0" branch="False" />
                <line number="117" hits="38" branch="False" />
              </lines>
            </method>
            <method name="isVariable" signature="(System.String)" line-rate="1" branch-rate="1" complexity="2">
              <lines>
                <line number="125" hits="104" branch="False" />
                <line number="126" hits="104" branch="False" />
                <line number="127" hits="104" branch="True" condition-coverage="100% (2/2)">
                  <conditions>
                    <condition number="19" type="jump" coverage="100%" />
                  </conditions>
                </line>
                <line number="128" hits="99" branch="False" />
                <line number="129" hits="99" branch="False" />
                <line number="132" hits="5" branch="False" />
                <line number="133" hits="5" branch="False" />
                <line number="135" hits="104" branch="False" />
              </lines>
            </method>
            <method name="pValueStackTwiceAndPopOpStack" signature="()" line-rate="0.5652" branch-rate="0.6" complexity="10">
              <lines>
                <line number="140" hits="41" branch="False" />
                <line number="142" hits="41" branch="False" />
                <line number="143" hits="41" branch="False" />
                <line number="144" hits="41" branch="False" />
                <line number="145" hits="41" branch="False" />
                <line number="147" hits="41" branch="True" condition-coverage="100% (2/2)">
                  <conditions>
                    <condition number="58" type="jump" coverage="100%" />
                  </conditions>
                </line>
                <line number="148" hits="26" branch="False" />
                <line number="149" hits="15" branch="True" condition-coverage="100% (2/2)">
                  <conditions>
                    <condition number="91" type="jump" coverage="100%" />
                  </conditions>
                </line>
                <line number="150" hits="13" branch="False" />
                <line number="151" hits="2" branch="True" condition-coverage="50% (1/2)">
                  <conditions>
                    <condition number="124" type="jump" coverage="50%" />
                  </conditions>
                </line>
                <line number="152" hits="2" branch="False" />
                <line number="153" hits="0" branch="True" condition-coverage="50% (1/2)">
                  <conditions>
                    <condition number="157" type="jump" coverage="50%" />
                  </conditions>
                </line>
                <line number="154" hits="0" branch="False" />
                <line number="155" hits="0" branch="True" condition-coverage="0% (0/2)">
                  <conditions>
                    <condition number="168" type="jump" coverage="0%" />
                  </conditions>
                </line>
                <line number="156" hits="0" branch="False" />
                <line number="158" hits="0" branch="False" />
                <line number="159" hits="0" branch="False" />
                <line number="160" hits="41" branch="False" />
                <line number="161" hits="0" branch="False" />
                <line number="162" hits="0" branch="False" />
                <line number="163" hits="0" branch="False" />
                <line number="164" hits="0" branch="False" />
                <line number="165" hits="41" branch="False" />
              </lines>
            </method>
            <method name="IntegerCalculation" signature="(System.String)" line-rate="0.9582999999999999" branch-rate="0.9" complexity="10">
              <lines>
                <line number="172" hits="109" branch="False" />
                <line number="173" hits="109" branch="True" condition-coverage="100% (4/4)">
                  <conditions>
                    <condition number="16" type="jump" coverage="100%" />
                    <condition number="38" type="jump" coverage="100%" />
                  </conditions>
                </line>
                <line number="174" hits="30" branch="False" />
                <line number="175" hits="30" branch="False" />
                <line number="176" hits="30" branch="False" />
                <line number="178" hits="30" branch="True" condition-coverage="100% (2/2)">
                  <conditions>
                    <condition number="84" type="jump" coverage="100%" />
                  </conditions>
                </line>
                <line number="179" hits="14" branch="False" />
                <line number="180" hits="14" branch="False" />
                <line number="181" hits="14" branch="False" />
                <line number="182" hits="14" branch="False" />
                <line number="183" hits="14" branch="False" />
                <line number="184" hits="16" branch="True" condition-coverage="100% (2/2)">
                  <conditions>
                    <condition number="138" type="jump" coverage="100%" />
                  </conditions>
                </line>
                <line number="185" hits="16" branch="False" />
                <line number="186" hits="16" branch="False" />
                <line number="187" hits="16" branch="True" condition-coverage="50% (1/2)">
                  <conditions>
                    <condition number="160" type="jump" coverage="50%" />
                  </conditions>
                </line>
                <line number="188" hits="16" branch="False" />
                <line number="189" hits="16" branch="False" />
                <line number="190" hits="16" branch="False" />
                <line number="191" hits="16" branch="False" />
                <line number="193" hits="0" branch="False" />
                <line number="194" hits="16" branch="False" />
                <line number="195" hits="30" branch="False" />
                <line number="197" hits="79" branch="False" />
                <line number="198" hits="109" branch="False" />
              </lines>
            </method>
            <method name=".cctor" signature="()" line-rate="1" branch-rate="1" complexity="1">
              <lines>
                <line number="15" hits="1" branch="False" />
                <line number="16" hits="1" branch="False" />
              </lines>
            </method>
          </methods>
          <lines>
            <line number="27" hits="38" branch="False" />
            <line number="28" hits="281" branch="False" />
            <line number="30" hits="38" branch="False" />
            <line number="31" hits="38" branch="True" condition-coverage="50% (1/2)">
              <conditions>
                <condition number="69" type="jump" coverage="50%" />
              </conditions>
            </line>
            <line number="32" hits="0" branch="False" />
            <line number="35" hits="586" branch="True" condition-coverage="100% (2/2)">
              <conditions>
                <condition number="706" type="jump" coverage="100%" />
              </conditions>
            </line>
            <line number="36" hits="236" branch="False" />
            <line number="37" hits="236" branch="True" condition-coverage="100% (2/2)">
              <conditions>
                <condition number="115" type="jump" coverage="100%" />
              </conditions>
            </line>
            <line number="38" hits="104" branch="False" />
            <line number="39" hits="132" branch="True" condition-coverage="100% (4/4)">
              <conditions>
                <condition number="137" type="jump" coverage="100%" />
                <condition number="153" type="jump" coverage="100%" />
              </conditions>
            </line>
            <line number="40" hits="5" branch="False" />
            <line number="42" hits="5" branch="False" />
            <line number="43" hits="5" branch="False" />
            <line number="45" hits="5" branch="True" condition-coverage="50% (1/2)">
              <conditions>
                <condition number="192" type="jump" coverage="50%" />
              </conditions>
            </line>
            <line number="46" hits="0" branch="False" />
            <line number="47" hits="5" branch="False" />
            <line number="48" hits="5" branch="False" />
            <line number="49" hits="5" branch="False" />
            <line number="50" hits="5" branch="False" />
            <line number="51" hits="0" branch="False" />
            <line number="52" hits="0" branch="False" />
            <line number="53" hits="0" branch="False" />
            <line number="54" hits="0" branch="False" />
            <line number="55" hits="0" branch="False" />
            <line number="57" hits="5" branch="False" />
            <line number="59" hits="127" branch="True" condition-coverage="100% (4/4)">
              <conditions>
                <condition number="288" type="jump" coverage="100%" />
                <condition number="309" type="jump" coverage="100%" />
              </conditions>
            </line>
            <line number="60" hits="39" branch="False" />
            <line number="61" hits="39" branch="True" condition-coverage="100% (4/4)">
              <conditions>
                <condition number="327" type="jump" coverage="100%" />
                <condition number="351" type="jump" coverage="100%" />
              </conditions>
            </line>
            <line number="62" hits="9" branch="False" />
            <line number="63" hits="9" branch="False" />
            <line number="64" hits="9" branch="False" />
            <line number="65" hits="39" branch="False" />
            <line number="66" hits="39" branch="False" />
            <line number="68" hits="88" branch="True" condition-coverage="100% (4/4)">
              <conditions>
                <condition number="392" type="jump" coverage="100%" />
                <condition number="413" type="jump" coverage="100%" />
              </conditions>
            </line>
            <line number="69" hits="32" branch="False" />
            <line number="71" hits="56" branch="True" condition-coverage="100% (2/2)">
              <conditions>
                <condition number="449" type="jump" coverage="100%" />
              </conditions>
            </line>
            <line number="72" hits="14" branch="False" />
            <line number="74" hits="42" branch="True" condition-coverage="100% (2/2)">
              <conditions>
                <condition number="485" type="jump" coverage="100%" />
              </conditions>
            </line>
            <line number="75" hits="14" branch="False" />
            <line number="76" hits="14" branch="True" condition-coverage="100% (4/4)">
              <conditions>
                <condition number="506" type="jump" coverage="100%" />
                <condition number="530" type="jump" coverage="100%" />
              </conditions>
            </line>
            <line number="77" hits="12" branch="False" />
            <line number="78" hits="14" branch="True" condition-coverage="50% (1/2)">
              <conditions>
                <condition number="557" type="jump" coverage="50%" />
              </conditions>
            </line>
            <line number="79" hits="14" branch="False" />
            <line number="81" hits="0" branch="False" />
            <line number="82" hits="0" branch="False" />
            <line number="83" hits="0" branch="False" />
            <line number="84" hits="0" branch="False" />
            <line number="86" hits="14" branch="True" condition-coverage="100% (4/4)">
              <conditions>
                <condition number="621" type="jump" coverage="100%" />
                <condition number="645" type="jump" coverage="100%" />
              </conditions>
            </line>
            <line number="87" hits="2" branch="False" />
            <line number="88" hits="14" branch="False" />
            <line number="89" hits="28" branch="True" condition-coverage="75% (3/4)">
              <conditions>
                <condition number="668" type="jump" coverage="50%" />
                <condition number="689" type="jump" coverage="100%" />
              </conditions>
            </line>
            <line number="90" hits="28" branch="False" />
            <line number="91" hits="208" branch="False" />
            <line number="93" hits="38" branch="True" condition-coverage="100% (4/4)">
              <conditions>
                <condition number="721" type="jump" coverage="100%" />
                <condition number="743" type="jump" coverage="100%" />
              </conditions>
            </line>
            <line number="94" hits="20" branch="False" />
            <line number="95" hits="20" branch="False" />
            <line number="96" hits="20" branch="False" />
            <line number="97" hits="20" branch="False" />
            <line number="98" hits="20" branch="False" />
            <line number="101" hits="18" branch="True" condition-coverage="50% (2/4)">
              <conditions>
                <condition number="797" type="jump" coverage="50%" />
                <condition number="819" type="jump" coverage="50%" />
              </conditions>
            </line>
            <line number="102" hits="18" branch="False" />
            <line number="103" hits="18" branch="False" />
            <line number="104" hits="18" branch="False" />
            <line number="105" hits="18" branch="False" />
            <line number="106" hits="18" branch="False" />
            <line number="107" hits="18" branch="False" />
            <line number="111" hits="0" branch="False" />
            <line number="112" hits="0" branch="False" />
            <line number="113" hits="0" branch="False" />
            <line number="114" hits="0" branch="False" />
            <line number="117" hits="38" branch="False" />
            <line number="125" hits="104" branch="False" />
            <line number="126" hits="104" branch="False" />
            <line number="127" hits="104" branch="True" condition-coverage="100% (2/2)">
              <conditions>
                <condition number="19" type="jump" coverage="100%" />
              </conditions>
            </line>
            <line number="128" hits="99" branch="False" />
            <line number="129" hits="99" branch="False" />
            <line number="132" hits="5" branch="False" />
            <line number="133" hits="5" branch="False" />
            <line number="135" hits="104" branch="False" />
            <line number="140" hits="41" branch="False" />
            <line number="142" hits="41" branch="False" />
            <line number="143" hits="41" branch="False" />
            <line number="144" hits="41" branch="False" />
            <line number="145" hits="41" branch="False" />
            <line number="147" hits="41" branch="True" condition-coverage="100% (2/2)">
              <conditions>
                <condition number="58" type="jump" coverage="100%" />
              </conditions>
            </line>
            <line number="148" hits="26" branch="False" />
            <line number="149" hits="15" branch="True" condition-coverage="100% (2/2)">
              <conditions>
                <condition number="91" type="jump" coverage="100%" />
              </conditions>
            </line>
            <line number="150" hits="13" branch="False" />
            <line number="151" hits="2" branch="True" condition-coverage="50% (1/2)">
              <conditions>
                <condition number="124" type="jump" coverage="50%" />
              </conditions>
            </line>
            <line number="152" hits="2" branch="False" />
            <line number="153" hits="0" branch="True" condition-coverage="50% (1/2)">
              <conditions>
                <condition number="157" type="jump" coverage="50%" />
              </conditions>
            </line>
            <line number="154" hits="0" branch="False" />
            <line number="155" hits="0" branch="True" condition-coverage="0% (0/2)">
              <conditions>
                <condition number="168" type="jump" coverage="0%" />
              </conditions>
            </line>
            <line number="156" hits="0" branch="False" />
            <line number="158" hits="0" branch="False" />
            <line number="159" hits="0" branch="False" />
            <line number="160" hits="41" branch="False" />
            <line number="161" hits="0" branch="False" />
            <line number="162" hits="0" branch="False" />
            <line number="163" hits="0" branch="False" />
            <line number="164" hits="0" branch="False" />
            <line number="165" hits="41" branch="False" />
            <line number="172" hits="109" branch="False" />
            <line number="173" hits="109" branch="True" condition-coverage="100% (4/4)">
              <conditions>
                <condition number="16" type="jump" coverage="100%" />
                <condition number="38" type="jump" coverage="100%" />
              </conditions>
            </line>
            <line number="174" hits="30" branch="False" />
            <line number="175" hits="30" branch="False" />
            <line number="176" hits="30" branch="False" />
            <line number="178" hits="30" branch="True" condition-coverage="100% (2/2)">
              <conditions>
                <condition number="84" type="jump" coverage="100%" />
              </conditions>
            </line>
            <line number="179" hits="14" branch="False" />
            <line number="180" hits="14" branch="False" />
            <line number="181" hits="14" branch="False" />
            <line number="182" hits="14" branch="False" />
            <line number="183" hits="14" branch="False" />
            <line number="184" hits="16" branch="True" condition-coverage="100% (2/2)">
              <conditions>
                <condition number="138" type="jump" coverage="100%" />
              </conditions>
            </line>
            <line number="185" hits="16" branch="False" />
            <line number="186" hits="16" branch="False" />
            <line number="187" hits="16" branch="True" condition-coverage="50% (1/2)">
              <conditions>
                <condition number="160" type="jump" coverage="50%" />
              </conditions>
            </line>
            <line number="188" hits="16" branch="False" />
            <line number="189" hits="16" branch="False" />
            <line number="190" hits="16" branch="False" />
            <line number="191" hits="16" branch="False" />
            <line number="193" hits="0" branch="False" />
            <line number="194" hits="16" branch="False" />
            <line number="195" hits="30" branch="False" />
            <line number="197" hits="79" branch="False" />
            <line number="198" hits="109" branch="False" />
            <line number="15" hits="1" branch="False" />
            <line number="16" hits="1" branch="False" />
          </lines>
        </class>
        <class name="FormulaEvaluator.stackExtensions" filename="source\repos\spreadsheet-Joeic\Spreadsheet\FormulaEvaluator\Evaluator.cs" line-rate="1" branch-rate="1" complexity="2">
          <methods>
            <method name="isOnTop" signature="(System.Collections.Generic.Stack`1&lt;System.String&gt;,System.String)" line-rate="1" branch-rate="1" complexity="2">
              <lines>
                <line number="213" hits="382" branch="False" />
                <line number="214" hits="382" branch="True" condition-coverage="100% (2/2)">
                  <conditions>
                    <condition number="8" type="jump" coverage="100%" />
                  </conditions>
                </line>
                <line number="215" hits="382" branch="False" />
              </lines>
            </method>
          </methods>
          <lines>
            <line number="213" hits="382" branch="False" />
            <line number="214" hits="382" branch="True" condition-coverage="100% (2/2)">
              <conditions>
                <condition number="8" type="jump" coverage="100%" />
              </conditions>
            </line>
            <line number="215" hits="382" branch="False" />
          </lines>
        </class>
      </classes>
    </package>
  </packages>
</coverage>