<?xml version="1.0" encoding="utf-8"?>
<!DOCTYPE coverage SYSTEM "http://cobertura.sourceforge.net/xml/coverage-04.dtd">
<coverage line-rate="0.816396242527754" branch-rate="0.682584269662921" lines-covered="956" lines-valid="1171" branches-covered="243" branches-valid="356" complexity="453" version="0" timestamp="1665670932">
  <sources>
    <source>C:\Users\cqy15\</source>
  </sources>
  <packages>
    <package name="DependencyGraph" line-rate="0.69047619047619" branch-rate="0.681818181818182" complexity="46">
      <classes>
        <class name="SpreadsheetUtilities.DependencyGraph" filename="C:\Users\cqy15\source\repos\spreadsheet-Joeic\Spreadsheet\DependencyGraph\DependencyGraph.cs" line-rate="0.69047619047619" branch-rate="0.681818181818182" complexity="46">
          <methods>
            <method name="get_Size" signature="()" line-rate="0" branch-rate="1" complexity="1">
              <lines>
                <line number="76" hits="0" branch="false" />
                <line number="77" hits="0" branch="false" />
                <line number="78" hits="0" branch="false" />
              </lines>
            </method>
            <method name="get_Item" signature="(...)" line-rate="0" branch-rate="0" complexity="2">
              <lines>
                <line number="91" hits="0" branch="false" />
                <line number="94" hits="0" branch="true" condition-coverage="0% (0/2)" />
                <line number="95" hits="0" branch="false" />
                <line number="96" hits="0" branch="false" />
                <line number="98" hits="0" branch="false" />
                <line number="99" hits="0" branch="false" />
              </lines>
            </method>
            <method name="HasDependents" signature="(...)" line-rate="1" branch-rate="1" complexity="2">
              <lines>
                <line number="106" hits="1216" branch="false" />
                <line number="107" hits="1216" branch="true" condition-coverage="100% (2/2)" />
                <line number="108" hits="1216" branch="false" />
              </lines>
            </method>
            <method name="HasDependees" signature="(...)" line-rate="0" branch-rate="0" complexity="2">
              <lines>
                <line number="114" hits="0" branch="false" />
                <line number="115" hits="0" branch="true" condition-coverage="0% (0/2)" />
                <line number="116" hits="0" branch="false" />
              </lines>
            </method>
            <method name="GetDependents" signature="(...)" line-rate="0" branch-rate="0" complexity="2">
              <lines>
                <line number="122" hits="0" branch="false" />
                <line number="123" hits="0" branch="true" condition-coverage="0% (0/2)" />
                <line number="124" hits="0" branch="false" />
                <line number="125" hits="0" branch="false" />
                <line number="128" hits="0" branch="false" />
                <line number="130" hits="0" branch="false" />
                <line number="132" hits="0" branch="false" />
              </lines>
            </method>
            <method name="GetDependees" signature="(...)" line-rate="1" branch-rate="1" complexity="2">
              <lines>
                <line number="138" hits="105334" branch="false" />
                <line number="140" hits="105334" branch="true" condition-coverage="100% (2/2)" />
                <line number="141" hits="104118" branch="false" />
                <line number="143" hits="104118" branch="false" />
                <line number="146" hits="1216" branch="false" />
                <line number="147" hits="105334" branch="false" />
              </lines>
            </method>
            <method name="AddDependency" signature="(...)" line-rate="1" branch-rate="1" complexity="12">
              <lines>
                <line number="161" hits="2151" branch="false" />
                <line number="162" hits="2151" branch="true" condition-coverage="100% (2/2)" />
                <line number="163" hits="1084" branch="false" />
                <line number="164" hits="1084" branch="true" condition-coverage="100% (2/2)" />
                <line number="165" hits="1084" branch="false" />
                <line number="166" hits="1084" branch="false" />
                <line number="167" hits="1084" branch="false" />
                <line number="168" hits="1084" branch="false" />
                <line number="169" hits="1084" branch="false" />
                <line number="170" hits="1067" branch="true" condition-coverage="100% (2/2)" />
                <line number="171" hits="1067" branch="false" />
                <line number="175" hits="1067" branch="false" />
                <line number="176" hits="1067" branch="false" />
                <line number="177" hits="1067" branch="false" />
                <line number="178" hits="1067" branch="false" />
                <line number="179" hits="1067" branch="false" />
                <line number="181" hits="2151" branch="true" condition-coverage="100% (2/2)" />
                <line number="182" hits="1054" branch="false" />
                <line number="183" hits="1054" branch="true" condition-coverage="100% (2/2)" />
                <line number="184" hits="1054" branch="false" />
                <line number="185" hits="1054" branch="false" />
                <line number="186" hits="1054" branch="false" />
                <line number="187" hits="1054" branch="false" />
                <line number="188" hits="1054" branch="false" />
                <line number="189" hits="1097" branch="true" condition-coverage="100% (2/2)" />
                <line number="190" hits="1097" branch="false" />
                <line number="193" hits="1097" branch="false" />
                <line number="194" hits="1097" branch="false" />
                <line number="195" hits="1097" branch="false" />
                <line number="196" hits="1097" branch="false" />
                <line number="197" hits="1097" branch="false" />
                <line number="199" hits="2151" branch="false" />
              </lines>
            </method>
            <method name="RemoveDependency" signature="(...)" line-rate="1" branch-rate="1" complexity="2">
              <lines>
                <line number="207" hits="32" branch="false" />
                <line number="208" hits="32" branch="true" condition-coverage="100% (2/2)" />
                <line number="209" hits="32" branch="false" />
                <line number="211" hits="32" branch="false" />
                <line number="212" hits="32" branch="false" />
                <line number="213" hits="32" branch="false" />
                <line number="214" hits="32" branch="false" />
                <line number="215" hits="32" branch="false" />
                <line number="217" hits="32" branch="false" />
              </lines>
            </method>
            <method name="removeDependees" signature="(...)" line-rate="1" branch-rate="1" complexity="4">
              <lines>
                <line number="224" hits="32" branch="false" />
                <line number="225" hits="32" branch="true" condition-coverage="100% (2/2)" />
                <line number="226" hits="32" branch="false" />
                <line number="227" hits="32" branch="true" condition-coverage="100% (2/2)" />
                <line number="228" hits="32" branch="false" />
                <line number="229" hits="32" branch="false" />
                <line number="230" hits="32" branch="false" />
                <line number="231" hits="32" branch="false" />
                <line number="233" hits="32" branch="false" />
              </lines>
            </method>
            <method name="ReplaceDependents" signature="(...)" line-rate="1" branch-rate="1" complexity="8">
              <lines>
                <line number="239" hits="1216" branch="false" />
                <line number="240" hits="1216" branch="true" condition-coverage="100% (2/2)" />
                <line number="241" hits="17" branch="false" />
                <line number="243" hits="17" branch="false" />
                <line number="244" hits="115" branch="true" condition-coverage="100% (2/2)" />
                <line number="245" hits="32" branch="false" />
                <line number="247" hits="32" branch="false" />
                <line number="248" hits="32" branch="false" />
                <line number="250" hits="17" branch="false" />
                <line number="252" hits="109" branch="true" condition-coverage="100% (2/2)" />
                <line number="253" hits="29" branch="false" />
                <line number="255" hits="29" branch="false" />
                <line number="256" hits="29" branch="false" />
                <line number="257" hits="17" branch="false" />
                <line number="259" hits="1199" branch="false" />
                <line number="260" hits="7841" branch="true" condition-coverage="100% (2/2)" />
                <line number="261" hits="2122" branch="false" />
                <line number="263" hits="2122" branch="false" />
                <line number="264" hits="2122" branch="false" />
                <line number="265" hits="1199" branch="false" />
                <line number="266" hits="1216" branch="false" />
              </lines>
            </method>
            <method name="ReplaceDependees" signature="(...)" line-rate="0" branch-rate="0" complexity="8">
              <lines>
                <line number="273" hits="0" branch="false" />
                <line number="274" hits="0" branch="true" condition-coverage="0% (0/2)" />
                <line number="275" hits="0" branch="false" />
                <line number="277" hits="0" branch="false" />
                <line number="278" hits="0" branch="true" condition-coverage="0% (0/2)" />
                <line number="279" hits="0" branch="false" />
                <line number="281" hits="0" branch="false" />
                <line number="282" hits="0" branch="false" />
                <line number="283" hits="0" branch="true" condition-coverage="0% (0/2)" />
                <line number="284" hits="0" branch="false" />
                <line number="286" hits="0" branch="false" />
                <line number="287" hits="0" branch="false" />
                <line number="288" hits="0" branch="false" />
                <line number="290" hits="0" branch="false" />
                <line number="291" hits="0" branch="true" condition-coverage="0% (0/2)" />
                <line number="292" hits="0" branch="false" />
                <line number="294" hits="0" branch="false" />
                <line number="295" hits="0" branch="false" />
                <line number="296" hits="0" branch="false" />
                <line number="297" hits="0" branch="false" />
              </lines>
            </method>
            <method name=".ctor" signature="()" line-rate="1" branch-rate="1" complexity="1">
              <lines>
                <line number="62" hits="58" branch="false" />
                <line number="63" hits="58" branch="false" />
                <line number="64" hits="58" branch="false" />
                <line number="65" hits="58" branch="false" />
                <line number="66" hits="58" branch="false" />
                <line number="67" hits="58" branch="false" />
                <line number="69" hits="58" branch="false" />
              </lines>
            </method>
          </methods>
          <lines>
            <line number="62" hits="58" branch="false" />
            <line number="63" hits="58" branch="false" />
            <line number="64" hits="58" branch="false" />
            <line number="65" hits="58" branch="false" />
            <line number="66" hits="58" branch="false" />
            <line number="67" hits="58" branch="false" />
            <line number="69" hits="58" branch="false" />
            <line number="76" hits="0" branch="false" />
            <line number="77" hits="0" branch="false" />
            <line number="78" hits="0" branch="false" />
            <line number="91" hits="0" branch="false" />
            <line number="94" hits="0" branch="true" condition-coverage="0% (0/2)" />
            <line number="95" hits="0" branch="false" />
            <line number="96" hits="0" branch="false" />
            <line number="98" hits="0" branch="false" />
            <line number="99" hits="0" branch="false" />
            <line number="106" hits="1216" branch="false" />
            <line number="107" hits="1216" branch="true" condition-coverage="100% (2/2)" />
            <line number="108" hits="1216" branch="false" />
            <line number="114" hits="0" branch="false" />
            <line number="115" hits="0" branch="true" condition-coverage="0% (0/2)" />
            <line number="116" hits="0" branch="false" />
            <line number="122" hits="0" branch="false" />
            <line number="123" hits="0" branch="true" condition-coverage="0% (0/2)" />
            <line number="124" hits="0" branch="false" />
            <line number="125" hits="0" branch="false" />
            <line number="128" hits="0" branch="false" />
            <line number="130" hits="0" branch="false" />
            <line number="132" hits="0" branch="false" />
            <line number="138" hits="105334" branch="false" />
            <line number="140" hits="105334" branch="true" condition-coverage="100% (2/2)" />
            <line number="141" hits="104118" branch="false" />
            <line number="143" hits="104118" branch="false" />
            <line number="146" hits="1216" branch="false" />
            <line number="147" hits="105334" branch="false" />
            <line number="161" hits="2151" branch="false" />
            <line number="162" hits="2151" branch="true" condition-coverage="100% (2/2)" />
            <line number="163" hits="1084" branch="false" />
            <line number="164" hits="1084" branch="true" condition-coverage="100% (2/2)" />
            <line number="165" hits="1084" branch="false" />
            <line number="166" hits="1084" branch="false" />
            <line number="167" hits="1084" branch="false" />
            <line number="168" hits="1084" branch="false" />
            <line number="169" hits="1084" branch="false" />
            <line number="170" hits="1067" branch="true" condition-coverage="100% (2/2)" />
            <line number="171" hits="1067" branch="false" />
            <line number="175" hits="1067" branch="false" />
            <line number="176" hits="1067" branch="false" />
            <line number="177" hits="1067" branch="false" />
            <line number="178" hits="1067" branch="false" />
            <line number="179" hits="1067" branch="false" />
            <line number="181" hits="2151" branch="true" condition-coverage="100% (2/2)" />
            <line number="182" hits="1054" branch="false" />
            <line number="183" hits="1054" branch="true" condition-coverage="100% (2/2)" />
            <line number="184" hits="1054" branch="false" />
            <line number="185" hits="1054" branch="false" />
            <line number="186" hits="1054" branch="false" />
            <line number="187" hits="1054" branch="false" />
            <line number="188" hits="1054" branch="false" />
            <line number="189" hits="1097" branch="true" condition-coverage="100% (2/2)" />
            <line number="190" hits="1097" branch="false" />
            <line number="193" hits="1097" branch="false" />
            <line number="194" hits="1097" branch="false" />
            <line number="195" hits="1097" branch="false" />
            <line number="196" hits="1097" branch="false" />
            <line number="197" hits="1097" branch="false" />
            <line number="199" hits="2151" branch="false" />
            <line number="207" hits="32" branch="false" />
            <line number="208" hits="32" branch="true" condition-coverage="100% (2/2)" />
            <line number="209" hits="32" branch="false" />
            <line number="211" hits="32" branch="false" />
            <line number="212" hits="32" branch="false" />
            <line number="213" hits="32" branch="false" />
            <line number="214" hits="32" branch="false" />
            <line number="215" hits="32" branch="false" />
            <line number="217" hits="32" branch="false" />
            <line number="224" hits="32" branch="false" />
            <line number="225" hits="32" branch="true" condition-coverage="100% (2/2)" />
            <line number="226" hits="32" branch="false" />
            <line number="227" hits="32" branch="true" condition-coverage="100% (2/2)" />
            <line number="228" hits="32" branch="false" />
            <line number="229" hits="32" branch="false" />
            <line number="230" hits="32" branch="false" />
            <line number="231" hits="32" branch="false" />
            <line number="233" hits="32" branch="false" />
            <line number="239" hits="1216" branch="false" />
            <line number="240" hits="1216" branch="true" condition-coverage="100% (2/2)" />
            <line number="241" hits="17" branch="false" />
            <line number="243" hits="17" branch="false" />
            <line number="244" hits="115" branch="true" condition-coverage="100% (2/2)" />
            <line number="245" hits="32" branch="false" />
            <line number="247" hits="32" branch="false" />
            <line number="248" hits="32" branch="false" />
            <line number="250" hits="17" branch="false" />
            <line number="252" hits="109" branch="true" condition-coverage="100% (2/2)" />
            <line number="253" hits="29" branch="false" />
            <line number="255" hits="29" branch="false" />
            <line number="256" hits="29" branch="false" />
            <line number="257" hits="17" branch="false" />
            <line number="259" hits="1199" branch="false" />
            <line number="260" hits="7841" branch="true" condition-coverage="100% (2/2)" />
            <line number="261" hits="2122" branch="false" />
            <line number="263" hits="2122" branch="false" />
            <line number="264" hits="2122" branch="false" />
            <line number="265" hits="1199" branch="false" />
            <line number="266" hits="1216" branch="false" />
            <line number="273" hits="0" branch="false" />
            <line number="274" hits="0" branch="true" condition-coverage="0% (0/2)" />
            <line number="275" hits="0" branch="false" />
            <line number="277" hits="0" branch="false" />
            <line number="278" hits="0" branch="true" condition-coverage="0% (0/2)" />
            <line number="279" hits="0" branch="false" />
            <line number="281" hits="0" branch="false" />
            <line number="282" hits="0" branch="false" />
            <line number="283" hits="0" branch="true" condition-coverage="0% (0/2)" />
            <line number="284" hits="0" branch="false" />
            <line number="286" hits="0" branch="false" />
            <line number="287" hits="0" branch="false" />
            <line number="288" hits="0" branch="false" />
            <line number="290" hits="0" branch="false" />
            <line number="291" hits="0" branch="true" condition-coverage="0% (0/2)" />
            <line number="292" hits="0" branch="false" />
            <line number="294" hits="0" branch="false" />
            <line number="295" hits="0" branch="false" />
            <line number="296" hits="0" branch="false" />
            <line number="297" hits="0" branch="false" />
          </lines>
        </class>
      </classes>
    </package>
    <package name="Formula" line-rate="0.660550458715596" branch-rate="0.572222222222222" complexity="184">
      <classes>
        <class name="SpreadsheetUtilities.Formula" filename="C:\Users\cqy15\source\repos\spreadsheet-Joeic\Spreadsheet\Formula\Formula.cs" line-rate="0.64873417721519" branch-rate="0.567415730337079" complexity="179">
          <methods>
            <method name="checkLeftPara" signature="(...)" line-rate="0.75" branch-rate="0.5" complexity="2">
              <lines>
                <line number="66" hits="212493" branch="false" />
                <line number="67" hits="212493" branch="false" />
                <line number="68" hits="212493" branch="true" condition-coverage="50% (1/2)" />
                <line number="69" hits="212493" branch="false" />
                <line number="70" hits="212493" branch="false" />
                <line number="73" hits="0" branch="false" />
                <line number="74" hits="0" branch="false" />
                <line number="76" hits="212493" branch="false" />
              </lines>
            </method>
            <method name="checkRightPara" signature="(...)" line-rate="0.75" branch-rate="0.5" complexity="2">
              <lines>
                <line number="83" hits="106246" branch="false" />
                <line number="84" hits="106246" branch="false" />
                <line number="85" hits="106246" branch="true" condition-coverage="50% (1/2)" />
                <line number="86" hits="106246" branch="false" />
                <line number="87" hits="106246" branch="false" />
                <line number="90" hits="0" branch="false" />
                <line number="91" hits="0" branch="false" />
                <line number="93" hits="106246" branch="false" />
              </lines>
            </method>
            <method name="checkOperator" signature="(...)" line-rate="1" branch-rate="1" complexity="8">
              <lines>
                <line number="101" hits="318740" branch="false" />
                <line number="102" hits="318740" branch="true" condition-coverage="100% (8/8)" />
                <line number="103" hits="212493" branch="false" />
                <line number="104" hits="212493" branch="false" />
                <line number="107" hits="106247" branch="false" />
                <line number="108" hits="106247" branch="false" />
                <line number="110" hits="318740" branch="false" />
              </lines>
            </method>
            <method name="checkNum" signature="(...)" line-rate="1" branch-rate="1" complexity="2">
              <lines>
                <line number="117" hits="318739" branch="false" />
                <line number="119" hits="318739" branch="true" condition-coverage="100% (2/2)" />
                <line number="120" hits="318726" branch="false" />
                <line number="121" hits="318726" branch="false" />
                <line number="124" hits="13" branch="false" />
                <line number="125" hits="13" branch="false" />
                <line number="127" hits="318739" branch="false" />
              </lines>
            </method>
            <method name="endingTokenRule" signature="(...)" line-rate="0.833333333333333" branch-rate="0.666666666666667" complexity="6">
              <lines>
                <line number="246" hits="106298" branch="false" />
                <line number="247" hits="106298" branch="true" condition-coverage="67% (4/6)" />
                <line number="248" hits="106298" branch="false" />
                <line number="249" hits="106298" branch="false" />
                <line number="252" hits="0" branch="false" />
                <line number="253" hits="106298" branch="false" />
              </lines>
            </method>
            <method name="startingTokenRule" signature="(...)" line-rate="0.833333333333333" branch-rate="0.666666666666667" complexity="6">
              <lines>
                <line number="260" hits="106298" branch="false" />
                <line number="262" hits="106298" branch="true" condition-coverage="67% (4/6)" />
                <line number="263" hits="106298" branch="false" />
                <line number="264" hits="106298" branch="false" />
                <line number="267" hits="0" branch="false" />
                <line number="268" hits="106298" branch="false" />
              </lines>
            </method>
            <method name="Evaluate" signature="(...)" line-rate="0.7" branch-rate="0.521739130434783" complexity="46">
              <lines>
                <line number="292" hits="105204" branch="false" />
                <line number="293" hits="105204" branch="false" />
                <line number="294" hits="105204" branch="false" />
                <line number="295" hits="105204" branch="false" />
                <line number="300" hits="436510" branch="true" condition-coverage="100% (2/2)" />
                <line number="301" hits="111484" branch="false" />
                <line number="302" hits="111484" branch="true" condition-coverage="100% (2/2)" />
                <line number="303" hits="11" branch="false" />
                <line number="305" hits="11" branch="false" />
                <line number="306" hits="11" branch="true" condition-coverage="100% (2/2)" />
                <line number="307" hits="6" branch="false" />
                <line number="308" hits="6" branch="false" />
                <line number="312" hits="5" branch="false" />
                <line number="313" hits="111473" branch="true" condition-coverage="75% (3/4)" />
                <line number="314" hits="108333" branch="false" />
                <line number="316" hits="108333" branch="false" />
                <line number="317" hits="108333" branch="false" />
                <line number="318" hits="6269" branch="false" />
                <line number="319" hits="102064" branch="false" />
                <line number="320" hits="102064" branch="false" />
                <line number="321" hits="102064" branch="false" />
                <line number="324" hits="6269" branch="false" />
                <line number="325" hits="6269" branch="false" />
                <line number="326" hits="6269" branch="false" />
                <line number="329" hits="6269" branch="false" />
                <line number="331" hits="3140" branch="true" condition-coverage="100% (4/4)" />
                <line number="332" hits="3111" branch="false" />
                <line number="333" hits="3111" branch="true" condition-coverage="50% (2/4)" />
                <line number="334" hits="0" branch="false" />
                <line number="335" hits="0" branch="false" />
                <line number="336" hits="0" branch="false" />
                <line number="337" hits="3111" branch="false" />
                <line number="338" hits="3111" branch="false" />
                <line number="340" hits="29" branch="true" condition-coverage="75% (3/4)" />
                <line number="341" hits="29" branch="false" />
                <line number="343" hits="0" branch="true" condition-coverage="0% (0/2)" />
                <line number="344" hits="0" branch="false" />
                <line number="346" hits="0" branch="true" condition-coverage="0% (0/2)" />
                <line number="347" hits="0" branch="false" />
                <line number="348" hits="0" branch="true" condition-coverage="0% (0/4)" />
                <line number="349" hits="0" branch="false" />
                <line number="350" hits="0" branch="true" condition-coverage="0% (0/2)" />
                <line number="351" hits="0" branch="false" />
                <line number="353" hits="0" branch="true" condition-coverage="0% (0/4)" />
                <line number="354" hits="0" branch="true" condition-coverage="0% (0/2)" />
                <line number="355" hits="0" branch="false" />
                <line number="356" hits="0" branch="false" />
                <line number="359" hits="0" branch="false" />
                <line number="360" hits="0" branch="true" condition-coverage="50% (2/4)" />
                <line number="361" hits="0" branch="false" />
                <line number="362" hits="9414" branch="false" />
                <line number="364" hits="3134" branch="true" condition-coverage="100% (4/4)" />
                <line number="365" hits="44" branch="false" />
                <line number="366" hits="44" branch="false" />
                <line number="368" hits="44" branch="false" />
                <line number="373" hits="3090" branch="false" />
                <line number="374" hits="3090" branch="false" />
                <line number="375" hits="3090" branch="false" />
                <line number="377" hits="3086" branch="false" />
                <line number="381" hits="105200" branch="false" />
              </lines>
            </method>
            <method name="GetVariables" signature="()" line-rate="1" branch-rate="1" complexity="4">
              <lines>
                <line number="395" hits="1086" branch="false" />
                <line number="396" hits="1086" branch="false" />
                <line number="397" hits="8628" branch="true" condition-coverage="100% (2/2)" />
                <line number="398" hits="3228" branch="false" />
                <line number="399" hits="3228" branch="true" condition-coverage="100% (2/2)" />
                <line number="400" hits="2151" branch="false" />
                <line number="401" hits="2151" branch="false" />
                <line number="402" hits="2151" branch="false" />
                <line number="403" hits="3228" branch="false" />
                <line number="404" hits="1086" branch="false" />
                <line number="405" hits="1086" branch="false" />
              </lines>
            </method>
            <method name="ToString" signature="()" line-rate="1" branch-rate="1" complexity="2">
              <lines>
                <line number="418" hits="105211" branch="false" />
                <line number="419" hits="105211" branch="false" />
                <line number="420" hits="946755" branch="true" condition-coverage="100% (2/2)" />
                <line number="421" hits="315561" branch="false" />
                <line number="422" hits="315561" branch="false" />
                <line number="423" hits="315561" branch="false" />
                <line number="424" hits="105211" branch="false" />
                <line number="425" hits="105211" branch="false" />
              </lines>
            </method>
            <method name="Equals" signature="(...)" line-rate="0" branch-rate="0" complexity="16">
              <lines>
                <line number="448" hits="0" branch="false" />
                <line number="449" hits="0" branch="true" condition-coverage="0% (0/4)" />
                <line number="450" hits="0" branch="false" />
                <line number="451" hits="0" branch="false" />
                <line number="454" hits="0" branch="false" />
                <line number="455" hits="0" branch="true" condition-coverage="0% (0/2)" />
                <line number="456" hits="0" branch="false" />
                <line number="457" hits="0" branch="false" />
                <line number="460" hits="0" branch="false" />
                <line number="462" hits="0" branch="true" condition-coverage="0% (0/2)" />
                <line number="463" hits="0" branch="false" />
                <line number="464" hits="0" branch="true" condition-coverage="0% (0/4)" />
                <line number="465" hits="0" branch="false" />
                <line number="466" hits="0" branch="true" condition-coverage="0% (0/2)" />
                <line number="467" hits="0" branch="false" />
                <line number="468" hits="0" branch="false" />
                <line number="470" hits="0" branch="false" />
                <line number="472" hits="0" branch="true" condition-coverage="0% (0/2)" />
                <line number="473" hits="0" branch="false" />
                <line number="474" hits="0" branch="false" />
                <line number="475" hits="0" branch="false" />
                <line number="476" hits="0" branch="false" />
                <line number="477" hits="0" branch="false" />
              </lines>
            </method>
            <method name="op_Equality" signature="(...)" line-rate="0" branch-rate="0" complexity="6">
              <lines>
                <line number="484" hits="0" branch="false" />
                <line number="485" hits="0" branch="true" condition-coverage="0% (0/4)" />
                <line number="486" hits="0" branch="false" />
                <line number="487" hits="0" branch="true" condition-coverage="0% (0/2)" />
                <line number="488" hits="0" branch="false" />
                <line number="489" hits="0" branch="false" />
                <line number="491" hits="0" branch="false" />
                <line number="492" hits="0" branch="false" />
                <line number="494" hits="0" branch="false" />
              </lines>
            </method>
            <method name="op_Inequality" signature="(...)" line-rate="0" branch-rate="0" complexity="2">
              <lines>
                <line number="501" hits="0" branch="false" />
                <line number="502" hits="0" branch="true" condition-coverage="0% (0/2)" />
                <line number="503" hits="0" branch="false" />
                <line number="504" hits="0" branch="false" />
                <line number="507" hits="0" branch="false" />
                <line number="508" hits="0" branch="false" />
                <line number="510" hits="0" branch="false" />
              </lines>
            </method>
            <method name="GetHashCode" signature="()" line-rate="0" branch-rate="0" complexity="6">
              <lines>
                <line number="518" hits="0" branch="false" />
                <line number="520" hits="0" branch="false" />
                <line number="521" hits="0" branch="true" condition-coverage="0% (0/2)" />
                <line number="522" hits="0" branch="false" />
                <line number="523" hits="0" branch="true" condition-coverage="0% (0/2)" />
                <line number="524" hits="0" branch="false" />
                <line number="526" hits="0" branch="false" />
                <line number="528" hits="0" branch="false" />
                <line number="530" hits="0" branch="true" condition-coverage="0% (0/2)" />
                <line number="531" hits="0" branch="false" />
                <line number="532" hits="0" branch="false" />
                <line number="533" hits="0" branch="false" />
                <line number="534" hits="0" branch="false" />
                <line number="537" hits="0" branch="false" />
                <line number="538" hits="0" branch="false" />
              </lines>
            </method>
            <method name="pValueStackTwiceAndPopOpStack" signature="(...)" line-rate="0.636363636363636" branch-rate="0.4" complexity="10">
              <lines>
                <line number="543" hits="3090" branch="false" />
                <line number="545" hits="3090" branch="false" />
                <line number="546" hits="3090" branch="false" />
                <line number="547" hits="3086" branch="false" />
                <line number="548" hits="3086" branch="false" />
                <line number="550" hits="3086" branch="true" condition-coverage="100% (2/2)" />
                <line number="551" hits="3083" branch="false" />
                <line number="552" hits="3" branch="true" condition-coverage="50% (1/2)" />
                <line number="553" hits="3" branch="false" />
                <line number="554" hits="0" branch="true" condition-coverage="0% (0/2)" />
                <line number="555" hits="0" branch="false" />
                <line number="556" hits="0" branch="true" condition-coverage="50% (1/2)" />
                <line number="557" hits="0" branch="false" />
                <line number="558" hits="0" branch="true" condition-coverage="0% (0/2)" />
                <line number="559" hits="0" branch="false" />
                <line number="561" hits="0" branch="false" />
                <line number="562" hits="0" branch="false" />
                <line number="563" hits="3086" branch="false" />
                <line number="566" hits="4" branch="false" />
                <line number="567" hits="4" branch="false" />
                <line number="568" hits="4" branch="false" />
                <line number="571" hits="3090" branch="false" />
              </lines>
            </method>
            <method name="floatingCalculation" signature="(...)" line-rate="1" branch-rate="1" complexity="10">
              <lines>
                <line number="579" hits="6280" branch="false" />
                <line number="580" hits="6280" branch="true" condition-coverage="100% (4/4)" />
                <line number="581" hits="28" branch="false" />
                <line number="582" hits="28" branch="false" />
                <line number="583" hits="28" branch="false" />
                <line number="585" hits="28" branch="true" condition-coverage="100% (2/2)" />
                <line number="586" hits="9" branch="false" />
                <line number="587" hits="9" branch="false" />
                <line number="588" hits="9" branch="false" />
                <line number="589" hits="9" branch="false" />
                <line number="590" hits="9" branch="false" />
                <line number="591" hits="19" branch="true" condition-coverage="100% (2/2)" />
                <line number="592" hits="19" branch="false" />
                <line number="593" hits="19" branch="false" />
                <line number="594" hits="19" branch="true" condition-coverage="100% (2/2)" />
                <line number="595" hits="9" branch="false" />
                <line number="596" hits="9" branch="false" />
                <line number="597" hits="9" branch="false" />
                <line number="598" hits="9" branch="false" />
                <line number="600" hits="10" branch="false" />
                <line number="601" hits="10" branch="false" />
                <line number="604" hits="9" branch="false" />
                <line number="605" hits="18" branch="false" />
                <line number="608" hits="6252" branch="false" />
                <line number="609" hits="6252" branch="false" />
                <line number="610" hits="6252" branch="false" />
                <line number="613" hits="6280" branch="false" />
              </lines>
            </method>
            <method name="isVar" signature="(...)" line-rate="1" branch-rate="1" complexity="2">
              <lines>
                <line number="620" hits="964792" branch="false" />
                <line number="621" hits="964792" branch="false" />
                <line number="622" hits="964792" branch="true" condition-coverage="100% (2/2)" />
                <line number="623" hits="216726" branch="false" />
                <line number="624" hits="216726" branch="false" />
                <line number="627" hits="748066" branch="false" />
                <line number="628" hits="748066" branch="false" />
                <line number="631" hits="964792" branch="false" />
              </lines>
            </method>
            <method name=".ctor" signature="(...)" line-rate="1" branch-rate="1" complexity="1">
              <lines>
                <line number="57" hits="736287" branch="false" />
                <line number="58" hits="105204" branch="false" />
                <line number="59" hits="105204" branch="false" />
              </lines>
            </method>
            <method name=".ctor" signature="(...)" line-rate="0.609375" branch-rate="0.704545454545455" complexity="44">
              <lines>
                <line number="152" hits="106298" branch="false" />
                <line number="153" hits="106298" branch="false" />
                <line number="155" hits="106298" branch="true" condition-coverage="50% (1/2)" />
                <line number="156" hits="0" branch="false" />
                <line number="157" hits="0" branch="false" />
                <line number="159" hits="106298" branch="false" />
                <line number="161" hits="106298" branch="false" />
                <line number="162" hits="106298" branch="false" />
                <line number="163" hits="106298" branch="false" />
                <line number="164" hits="106298" branch="false" />
                <line number="166" hits="106298" branch="true" condition-coverage="50% (1/2)" />
                <line number="167" hits="0" branch="false" />
                <line number="168" hits="0" branch="false" />
                <line number="171" hits="106298" branch="true" condition-coverage="50% (1/2)" />
                <line number="172" hits="0" branch="false" />
                <line number="173" hits="0" branch="false" />
                <line number="175" hits="850174" branch="true" condition-coverage="100% (2/2)" />
                <line number="176" hits="318790" branch="false" />
                <line number="177" hits="318790" branch="false" />
                <line number="180" hits="318790" branch="true" condition-coverage="50% (1/2)" />
                <line number="181" hits="0" branch="false" />
                <line number="182" hits="0" branch="false" />
                <line number="183" hits="0" branch="false" />
                <line number="184" hits="0" branch="false" />
                <line number="186" hits="318790" branch="true" condition-coverage="50% (1/2)" />
                <line number="187" hits="0" branch="false" />
                <line number="188" hits="0" branch="true" condition-coverage="0% (0/2)" />
                <line number="189" hits="0" branch="false" />
                <line number="190" hits="0" branch="false" />
                <line number="191" hits="0" branch="false" />
                <line number="192" hits="0" branch="false" />
                <line number="194" hits="0" branch="false" />
                <line number="195" hits="0" branch="false" />
                <line number="197" hits="0" branch="false" />
                <line number="199" hits="318790" branch="true" condition-coverage="100% (2/2)" />
                <line number="200" hits="212493" branch="false" />
                <line number="201" hits="212493" branch="true" condition-coverage="75% (3/4)" />
                <line number="202" hits="106246" branch="false" />
                <line number="203" hits="106246" branch="true" condition-coverage="67% (4/6)" />
                <line number="204" hits="0" branch="false" />
                <line number="205" hits="0" branch="false" />
                <line number="207" hits="106246" branch="false" />
                <line number="208" hits="212493" branch="false" />
                <line number="210" hits="318790" branch="true" condition-coverage="100% (2/2)" />
                <line number="211" hits="212493" branch="false" />
                <line number="212" hits="212493" branch="true" condition-coverage="100% (6/6)" />
                <line number="213" hits="106247" branch="false" />
                <line number="214" hits="106247" branch="true" condition-coverage="50% (2/4)" />
                <line number="215" hits="0" branch="false" />
                <line number="216" hits="0" branch="false" />
                <line number="218" hits="106247" branch="false" />
                <line number="219" hits="212493" branch="false" />
                <line number="220" hits="318790" branch="true" condition-coverage="100% (2/2)" />
                <line number="221" hits="212527" branch="false" />
                <line number="223" hits="212527" branch="true" condition-coverage="100% (2/2)" />
                <line number="224" hits="1" branch="false" />
                <line number="225" hits="1" branch="false" />
                <line number="227" hits="212526" branch="false" />
                <line number="228" hits="212526" branch="false" />
                <line number="231" hits="318789" branch="false" />
                <line number="232" hits="106297" branch="true" condition-coverage="50% (1/2)" />
                <line number="233" hits="0" branch="false" />
                <line number="234" hits="0" branch="false" />
                <line number="237" hits="106297" branch="false" />
              </lines>
            </method>
            <method name="GetTokens" signature="()" line-rate="1" branch-rate="1" complexity="4">
              <lines>
                <line number="640" hits="106298" branch="false" />
                <line number="642" hits="106298" branch="false" />
                <line number="643" hits="106298" branch="false" />
                <line number="644" hits="106298" branch="false" />
                <line number="645" hits="106298" branch="false" />
                <line number="646" hits="106298" branch="false" />
                <line number="647" hits="106298" branch="false" />
                <line number="650" hits="106298" branch="false" />
                <line number="651" hits="106298" branch="false" />
                <line number="654" hits="1817498" branch="true" condition-coverage="100% (2/2)" />
                <line number="655" hits="749302" branch="false" />
                <line number="656" hits="749302" branch="true" condition-coverage="100% (2/2)" />
                <line number="657" hits="318792" branch="false" />
                <line number="658" hits="318792" branch="false" />
                <line number="659" hits="318792" branch="false" />
                <line number="660" hits="749302" branch="false" />
                <line number="662" hits="106298" branch="false" />
              </lines>
            </method>
          </methods>
          <lines>
            <line number="57" hits="736287" branch="false" />
            <line number="58" hits="105204" branch="false" />
            <line number="59" hits="105204" branch="false" />
            <line number="66" hits="212493" branch="false" />
            <line number="67" hits="212493" branch="false" />
            <line number="68" hits="212493" branch="true" condition-coverage="50% (1/2)" />
            <line number="69" hits="212493" branch="false" />
            <line number="70" hits="212493" branch="false" />
            <line number="73" hits="0" branch="false" />
            <line number="74" hits="0" branch="false" />
            <line number="76" hits="212493" branch="false" />
            <line number="83" hits="106246" branch="false" />
            <line number="84" hits="106246" branch="false" />
            <line number="85" hits="106246" branch="true" condition-coverage="50% (1/2)" />
            <line number="86" hits="106246" branch="false" />
            <line number="87" hits="106246" branch="false" />
            <line number="90" hits="0" branch="false" />
            <line number="91" hits="0" branch="false" />
            <line number="93" hits="106246" branch="false" />
            <line number="101" hits="318740" branch="false" />
            <line number="102" hits="318740" branch="true" condition-coverage="100% (8/8)" />
            <line number="103" hits="212493" branch="false" />
            <line number="104" hits="212493" branch="false" />
            <line number="107" hits="106247" branch="false" />
            <line number="108" hits="106247" branch="false" />
            <line number="110" hits="318740" branch="false" />
            <line number="117" hits="318739" branch="false" />
            <line number="119" hits="318739" branch="true" condition-coverage="100% (2/2)" />
            <line number="120" hits="318726" branch="false" />
            <line number="121" hits="318726" branch="false" />
            <line number="124" hits="13" branch="false" />
            <line number="125" hits="13" branch="false" />
            <line number="127" hits="318739" branch="false" />
            <line number="152" hits="106298" branch="false" />
            <line number="153" hits="106298" branch="false" />
            <line number="155" hits="106298" branch="true" condition-coverage="50% (1/2)" />
            <line number="156" hits="0" branch="false" />
            <line number="157" hits="0" branch="false" />
            <line number="159" hits="106298" branch="false" />
            <line number="161" hits="106298" branch="false" />
            <line number="162" hits="106298" branch="false" />
            <line number="163" hits="106298" branch="false" />
            <line number="164" hits="106298" branch="false" />
            <line number="166" hits="106298" branch="true" condition-coverage="50% (1/2)" />
            <line number="167" hits="0" branch="false" />
            <line number="168" hits="0" branch="false" />
            <line number="171" hits="106298" branch="true" condition-coverage="50% (1/2)" />
            <line number="172" hits="0" branch="false" />
            <line number="173" hits="0" branch="false" />
            <line number="175" hits="850174" branch="true" condition-coverage="100% (2/2)" />
            <line number="176" hits="318790" branch="false" />
            <line number="177" hits="318790" branch="false" />
            <line number="180" hits="318790" branch="true" condition-coverage="50% (1/2)" />
            <line number="181" hits="0" branch="false" />
            <line number="182" hits="0" branch="false" />
            <line number="183" hits="0" branch="false" />
            <line number="184" hits="0" branch="false" />
            <line number="186" hits="318790" branch="true" condition-coverage="50% (1/2)" />
            <line number="187" hits="0" branch="false" />
            <line number="188" hits="0" branch="true" condition-coverage="0% (0/2)" />
            <line number="189" hits="0" branch="false" />
            <line number="190" hits="0" branch="false" />
            <line number="191" hits="0" branch="false" />
            <line number="192" hits="0" branch="false" />
            <line number="194" hits="0" branch="false" />
            <line number="195" hits="0" branch="false" />
            <line number="197" hits="0" branch="false" />
            <line number="199" hits="318790" branch="true" condition-coverage="100% (2/2)" />
            <line number="200" hits="212493" branch="false" />
            <line number="201" hits="212493" branch="true" condition-coverage="75% (3/4)" />
            <line number="202" hits="106246" branch="false" />
            <line number="203" hits="106246" branch="true" condition-coverage="67% (4/6)" />
            <line number="204" hits="0" branch="false" />
            <line number="205" hits="0" branch="false" />
            <line number="207" hits="106246" branch="false" />
            <line number="208" hits="212493" branch="false" />
            <line number="210" hits="318790" branch="true" condition-coverage="100% (2/2)" />
            <line number="211" hits="212493" branch="false" />
            <line number="212" hits="212493" branch="true" condition-coverage="100% (6/6)" />
            <line number="213" hits="106247" branch="false" />
            <line number="214" hits="106247" branch="true" condition-coverage="50% (2/4)" />
            <line number="215" hits="0" branch="false" />
            <line number="216" hits="0" branch="false" />
            <line number="218" hits="106247" branch="false" />
            <line number="219" hits="212493" branch="false" />
            <line number="220" hits="318790" branch="true" condition-coverage="100% (2/2)" />
            <line number="221" hits="212527" branch="false" />
            <line number="223" hits="212527" branch="true" condition-coverage="100% (2/2)" />
            <line number="224" hits="1" branch="false" />
            <line number="225" hits="1" branch="false" />
            <line number="227" hits="212526" branch="false" />
            <line number="228" hits="212526" branch="false" />
            <line number="231" hits="318789" branch="false" />
            <line number="232" hits="106297" branch="true" condition-coverage="50% (1/2)" />
            <line number="233" hits="0" branch="false" />
            <line number="234" hits="0" branch="false" />
            <line number="237" hits="106297" branch="false" />
            <line number="246" hits="106298" branch="false" />
            <line number="247" hits="106298" branch="true" condition-coverage="67% (4/6)" />
            <line number="248" hits="106298" branch="false" />
            <line number="249" hits="106298" branch="false" />
            <line number="252" hits="0" branch="false" />
            <line number="253" hits="106298" branch="false" />
            <line number="260" hits="106298" branch="false" />
            <line number="262" hits="106298" branch="true" condition-coverage="67% (4/6)" />
            <line number="263" hits="106298" branch="false" />
            <line number="264" hits="106298" branch="false" />
            <line number="267" hits="0" branch="false" />
            <line number="268" hits="106298" branch="false" />
            <line number="292" hits="105204" branch="false" />
            <line number="293" hits="105204" branch="false" />
            <line number="294" hits="105204" branch="false" />
            <line number="295" hits="105204" branch="false" />
            <line number="300" hits="436510" branch="true" condition-coverage="100% (2/2)" />
            <line number="301" hits="111484" branch="false" />
            <line number="302" hits="111484" branch="true" condition-coverage="100% (2/2)" />
            <line number="303" hits="11" branch="false" />
            <line number="305" hits="11" branch="false" />
            <line number="306" hits="11" branch="true" condition-coverage="100% (2/2)" />
            <line number="307" hits="6" branch="false" />
            <line number="308" hits="6" branch="false" />
            <line number="312" hits="5" branch="false" />
            <line number="313" hits="111473" branch="true" condition-coverage="75% (3/4)" />
            <line number="314" hits="108333" branch="false" />
            <line number="316" hits="108333" branch="false" />
            <line number="317" hits="108333" branch="false" />
            <line number="318" hits="6269" branch="false" />
            <line number="319" hits="102064" branch="false" />
            <line number="320" hits="102064" branch="false" />
            <line number="321" hits="102064" branch="false" />
            <line number="324" hits="6269" branch="false" />
            <line number="325" hits="6269" branch="false" />
            <line number="326" hits="6269" branch="false" />
            <line number="329" hits="6269" branch="false" />
            <line number="331" hits="3140" branch="true" condition-coverage="100% (4/4)" />
            <line number="332" hits="3111" branch="false" />
            <line number="333" hits="3111" branch="true" condition-coverage="50% (2/4)" />
            <line number="334" hits="0" branch="false" />
            <line number="335" hits="0" branch="false" />
            <line number="336" hits="0" branch="false" />
            <line number="337" hits="3111" branch="false" />
            <line number="338" hits="3111" branch="false" />
            <line number="340" hits="29" branch="true" condition-coverage="75% (3/4)" />
            <line number="341" hits="29" branch="false" />
            <line number="343" hits="0" branch="true" condition-coverage="0% (0/2)" />
            <line number="344" hits="0" branch="false" />
            <line number="346" hits="0" branch="true" condition-coverage="0% (0/2)" />
            <line number="347" hits="0" branch="false" />
            <line number="348" hits="0" branch="true" condition-coverage="0% (0/4)" />
            <line number="349" hits="0" branch="false" />
            <line number="350" hits="0" branch="true" condition-coverage="0% (0/2)" />
            <line number="351" hits="0" branch="false" />
            <line number="353" hits="0" branch="true" condition-coverage="0% (0/4)" />
            <line number="354" hits="0" branch="true" condition-coverage="0% (0/2)" />
            <line number="355" hits="0" branch="false" />
            <line number="356" hits="0" branch="false" />
            <line number="359" hits="0" branch="false" />
            <line number="360" hits="0" branch="true" condition-coverage="50% (2/4)" />
            <line number="361" hits="0" branch="false" />
            <line number="362" hits="9414" branch="false" />
            <line number="364" hits="3134" branch="true" condition-coverage="100% (4/4)" />
            <line number="365" hits="44" branch="false" />
            <line number="366" hits="44" branch="false" />
            <line number="368" hits="44" branch="false" />
            <line number="373" hits="3090" branch="false" />
            <line number="374" hits="3090" branch="false" />
            <line number="375" hits="3090" branch="false" />
            <line number="377" hits="3086" branch="false" />
            <line number="381" hits="105200" branch="false" />
            <line number="395" hits="1086" branch="false" />
            <line number="396" hits="1086" branch="false" />
            <line number="397" hits="8628" branch="true" condition-coverage="100% (2/2)" />
            <line number="398" hits="3228" branch="false" />
            <line number="399" hits="3228" branch="true" condition-coverage="100% (2/2)" />
            <line number="400" hits="2151" branch="false" />
            <line number="401" hits="2151" branch="false" />
            <line number="402" hits="2151" branch="false" />
            <line number="403" hits="3228" branch="false" />
            <line number="404" hits="1086" branch="false" />
            <line number="405" hits="1086" branch="false" />
            <line number="418" hits="105211" branch="false" />
            <line number="419" hits="105211" branch="false" />
            <line number="420" hits="946755" branch="true" condition-coverage="100% (2/2)" />
            <line number="421" hits="315561" branch="false" />
            <line number="422" hits="315561" branch="false" />
            <line number="423" hits="315561" branch="false" />
            <line number="424" hits="105211" branch="false" />
            <line number="425" hits="105211" branch="false" />
            <line number="448" hits="0" branch="false" />
            <line number="449" hits="0" branch="true" condition-coverage="0% (0/4)" />
            <line number="450" hits="0" branch="false" />
            <line number="451" hits="0" branch="false" />
            <line number="454" hits="0" branch="false" />
            <line number="455" hits="0" branch="true" condition-coverage="0% (0/2)" />
            <line number="456" hits="0" branch="false" />
            <line number="457" hits="0" branch="false" />
            <line number="460" hits="0" branch="false" />
            <line number="462" hits="0" branch="true" condition-coverage="0% (0/2)" />
            <line number="463" hits="0" branch="false" />
            <line number="464" hits="0" branch="true" condition-coverage="0% (0/4)" />
            <line number="465" hits="0" branch="false" />
            <line number="466" hits="0" branch="true" condition-coverage="0% (0/2)" />
            <line number="467" hits="0" branch="false" />
            <line number="468" hits="0" branch="false" />
            <line number="470" hits="0" branch="false" />
            <line number="472" hits="0" branch="true" condition-coverage="0% (0/2)" />
            <line number="473" hits="0" branch="false" />
            <line number="474" hits="0" branch="false" />
            <line number="475" hits="0" branch="false" />
            <line number="476" hits="0" branch="false" />
            <line number="477" hits="0" branch="false" />
            <line number="484" hits="0" branch="false" />
            <line number="485" hits="0" branch="true" condition-coverage="0% (0/4)" />
            <line number="486" hits="0" branch="false" />
            <line number="487" hits="0" branch="true" condition-coverage="0% (0/2)" />
            <line number="488" hits="0" branch="false" />
            <line number="489" hits="0" branch="false" />
            <line number="491" hits="0" branch="false" />
            <line number="492" hits="0" branch="false" />
            <line number="494" hits="0" branch="false" />
            <line number="501" hits="0" branch="false" />
            <line number="502" hits="0" branch="true" condition-coverage="0% (0/2)" />
            <line number="503" hits="0" branch="false" />
            <line number="504" hits="0" branch="false" />
            <line number="507" hits="0" branch="false" />
            <line number="508" hits="0" branch="false" />
            <line number="510" hits="0" branch="false" />
            <line number="518" hits="0" branch="false" />
            <line number="520" hits="0" branch="false" />
            <line number="521" hits="0" branch="true" condition-coverage="0% (0/2)" />
            <line number="522" hits="0" branch="false" />
            <line number="523" hits="0" branch="true" condition-coverage="0% (0/2)" />
            <line number="524" hits="0" branch="false" />
            <line number="526" hits="0" branch="false" />
            <line number="528" hits="0" branch="false" />
            <line number="530" hits="0" branch="true" condition-coverage="0% (0/2)" />
            <line number="531" hits="0" branch="false" />
            <line number="532" hits="0" branch="false" />
            <line number="533" hits="0" branch="false" />
            <line number="534" hits="0" branch="false" />
            <line number="537" hits="0" branch="false" />
            <line number="538" hits="0" branch="false" />
            <line number="543" hits="3090" branch="false" />
            <line number="545" hits="3090" branch="false" />
            <line number="546" hits="3090" branch="false" />
            <line number="547" hits="3086" branch="false" />
            <line number="548" hits="3086" branch="false" />
            <line number="550" hits="3086" branch="true" condition-coverage="100% (2/2)" />
            <line number="551" hits="3083" branch="false" />
            <line number="552" hits="3" branch="true" condition-coverage="50% (1/2)" />
            <line number="553" hits="3" branch="false" />
            <line number="554" hits="0" branch="true" condition-coverage="0% (0/2)" />
            <line number="555" hits="0" branch="false" />
            <line number="556" hits="0" branch="true" condition-coverage="50% (1/2)" />
            <line number="557" hits="0" branch="false" />
            <line number="558" hits="0" branch="true" condition-coverage="0% (0/2)" />
            <line number="559" hits="0" branch="false" />
            <line number="561" hits="0" branch="false" />
            <line number="562" hits="0" branch="false" />
            <line number="563" hits="3086" branch="false" />
            <line number="566" hits="4" branch="false" />
            <line number="567" hits="4" branch="false" />
            <line number="568" hits="4" branch="false" />
            <line number="571" hits="3090" branch="false" />
            <line number="579" hits="6280" branch="false" />
            <line number="580" hits="6280" branch="true" condition-coverage="100% (4/4)" />
            <line number="581" hits="28" branch="false" />
            <line number="582" hits="28" branch="false" />
            <line number="583" hits="28" branch="false" />
            <line number="585" hits="28" branch="true" condition-coverage="100% (2/2)" />
            <line number="586" hits="9" branch="false" />
            <line number="587" hits="9" branch="false" />
            <line number="588" hits="9" branch="false" />
            <line number="589" hits="9" branch="false" />
            <line number="590" hits="9" branch="false" />
            <line number="591" hits="19" branch="true" condition-coverage="100% (2/2)" />
            <line number="592" hits="19" branch="false" />
            <line number="593" hits="19" branch="false" />
            <line number="594" hits="19" branch="true" condition-coverage="100% (2/2)" />
            <line number="595" hits="9" branch="false" />
            <line number="596" hits="9" branch="false" />
            <line number="597" hits="9" branch="false" />
            <line number="598" hits="9" branch="false" />
            <line number="600" hits="10" branch="false" />
            <line number="601" hits="10" branch="false" />
            <line number="604" hits="9" branch="false" />
            <line number="605" hits="18" branch="false" />
            <line number="608" hits="6252" branch="false" />
            <line number="609" hits="6252" branch="false" />
            <line number="610" hits="6252" branch="false" />
            <line number="613" hits="6280" branch="false" />
            <line number="620" hits="964792" branch="false" />
            <line number="621" hits="964792" branch="false" />
            <line number="622" hits="964792" branch="true" condition-coverage="100% (2/2)" />
            <line number="623" hits="216726" branch="false" />
            <line number="624" hits="216726" branch="false" />
            <line number="627" hits="748066" branch="false" />
            <line number="628" hits="748066" branch="false" />
            <line number="631" hits="964792" branch="false" />
            <line number="640" hits="106298" branch="false" />
            <line number="642" hits="106298" branch="false" />
            <line number="643" hits="106298" branch="false" />
            <line number="644" hits="106298" branch="false" />
            <line number="645" hits="106298" branch="false" />
            <line number="646" hits="106298" branch="false" />
            <line number="647" hits="106298" branch="false" />
            <line number="650" hits="106298" branch="false" />
            <line number="651" hits="106298" branch="false" />
            <line number="654" hits="1817498" branch="true" condition-coverage="100% (2/2)" />
            <line number="655" hits="749302" branch="false" />
            <line number="656" hits="749302" branch="true" condition-coverage="100% (2/2)" />
            <line number="657" hits="318792" branch="false" />
            <line number="658" hits="318792" branch="false" />
            <line number="659" hits="318792" branch="false" />
            <line number="660" hits="749302" branch="false" />
            <line number="662" hits="106298" branch="false" />
          </lines>
        </class>
        <class name="SpreadsheetUtilities.FormulaError" filename="C:\Users\cqy15\source\repos\spreadsheet-Joeic\Spreadsheet\Formula\Formula.cs" line-rate="1" branch-rate="1" complexity="2">
          <methods>
            <method name="get_Reason" signature="()" line-rate="1" branch-rate="1" complexity="1">
              <lines>
                <line number="697" hits="102080" branch="false" />
              </lines>
            </method>
            <method name=".ctor" signature="(...)" line-rate="1" branch-rate="1" complexity="1">
              <lines>
                <line number="689" hits="102080" branch="false" />
                <line number="690" hits="102080" branch="false" />
                <line number="691" hits="102080" branch="false" />
                <line number="692" hits="102080" branch="false" />
              </lines>
            </method>
          </methods>
          <lines>
            <line number="689" hits="102080" branch="false" />
            <line number="690" hits="102080" branch="false" />
            <line number="691" hits="102080" branch="false" />
            <line number="692" hits="102080" branch="false" />
            <line number="697" hits="102080" branch="false" />
          </lines>
        </class>
        <class name="SpreadsheetUtilities.FormulaFormatException" filename="C:\Users\cqy15\source\repos\spreadsheet-Joeic\Spreadsheet\Formula\Formula.cs" line-rate="1" branch-rate="1" complexity="1">
          <methods>
            <method name=".ctor" signature="(...)" line-rate="1" branch-rate="1" complexity="1">
              <lines>
                <line number="674" hits="1" branch="false" />
                <line number="675" hits="1" branch="false" />
                <line number="676" hits="1" branch="false" />
              </lines>
            </method>
          </methods>
          <lines>
            <line number="674" hits="1" branch="false" />
            <line number="675" hits="1" branch="false" />
            <line number="676" hits="1" branch="false" />
          </lines>
        </class>
        <class name="SpreadsheetUtilities.stackExtensions" filename="C:\Users\cqy15\source\repos\spreadsheet-Joeic\Spreadsheet\Formula\Formula.cs" line-rate="1" branch-rate="1" complexity="2">
          <methods>
            <method name="isOnTop" signature="(...)" line-rate="1" branch-rate="1" complexity="2">
              <lines>
                <line number="710" hits="18820" branch="false" />
                <line number="711" hits="18820" branch="true" condition-coverage="100% (2/2)" />
                <line number="712" hits="18820" branch="false" />
              </lines>
            </method>
          </methods>
          <lines>
            <line number="710" hits="18820" branch="false" />
            <line number="711" hits="18820" branch="true" condition-coverage="100% (2/2)" />
            <line number="712" hits="18820" branch="false" />
          </lines>
        </class>
      </classes>
    </package>
    <package name="Spreadsheet" line-rate="0.826923076923077" branch-rate="0.702702702702703" complexity="99">
      <classes>
        <class name="SS.AbstractSpreadsheet" filename="C:\Users\cqy15\source\repos\spreadsheet-Joeic\Spreadsheet\Spreadsheet\AbstractSpreadsheet.cs" line-rate="0.931034482758621" branch-rate="0.833333333333333" complexity="11">
          <methods>
            <method name="get_IsValid" signature="()" line-rate="1" branch-rate="1" complexity="1">
              <lines>
                <line number="133" hits="3467" branch="false" />
              </lines>
            </method>
            <method name="get_Normalize" signature="()" line-rate="1" branch-rate="1" complexity="1">
              <lines>
                <line number="140" hits="1168" branch="false" />
              </lines>
            </method>
            <method name="get_Version" signature="()" line-rate="1" branch-rate="1" complexity="1">
              <lines>
                <line number="147" hits="88" branch="false" />
              </lines>
            </method>
            <method name="GetCellsToRecalculate" signature="(...)" line-rate="1" branch-rate="1" complexity="1">
              <lines>
                <line number="344" hits="1216" branch="false" />
                <line number="345" hits="1216" branch="false" />
                <line number="346" hits="1216" branch="false" />
                <line number="347" hits="1216" branch="false" />
                <line number="348" hits="1216" branch="false" />
                <line number="349" hits="1216" branch="false" />
              </lines>
            </method>
            <method name="Visit" signature="(...)" line-rate="0.857142857142857" branch-rate="0.833333333333333" complexity="6">
              <lines>
                <line number="358" hits="105334" branch="false" />
                <line number="359" hits="105334" branch="false" />
                <line number="360" hits="728254" branch="true" condition-coverage="100% (2/2)" />
                <line number="361" hits="206126" branch="false" />
                <line number="362" hits="206126" branch="true" condition-coverage="50% (1/2)" />
                <line number="363" hits="0" branch="false" />
                <line number="364" hits="0" branch="false" />
                <line number="366" hits="206126" branch="true" condition-coverage="100% (2/2)" />
                <line number="367" hits="104118" branch="false" />
                <line number="368" hits="104118" branch="false" />
                <line number="369" hits="104118" branch="false" />
                <line number="370" hits="206126" branch="false" />
                <line number="371" hits="105334" branch="false" />
                <line number="372" hits="105334" branch="false" />
              </lines>
            </method>
            <method name=".ctor" signature="(...)" line-rate="1" branch-rate="1" complexity="1">
              <lines>
                <line number="158" hits="58" branch="false" />
                <line number="159" hits="58" branch="false" />
                <line number="160" hits="58" branch="false" />
                <line number="161" hits="58" branch="false" />
                <line number="162" hits="58" branch="false" />
                <line number="163" hits="58" branch="false" />
              </lines>
            </method>
          </methods>
          <lines>
            <line number="133" hits="3467" branch="false" />
            <line number="140" hits="1168" branch="false" />
            <line number="147" hits="88" branch="false" />
            <line number="158" hits="58" branch="false" />
            <line number="159" hits="58" branch="false" />
            <line number="160" hits="58" branch="false" />
            <line number="161" hits="58" branch="false" />
            <line number="162" hits="58" branch="false" />
            <line number="163" hits="58" branch="false" />
            <line number="344" hits="1216" branch="false" />
            <line number="345" hits="1216" branch="false" />
            <line number="346" hits="1216" branch="false" />
            <line number="347" hits="1216" branch="false" />
            <line number="348" hits="1216" branch="false" />
            <line number="349" hits="1216" branch="false" />
            <line number="358" hits="105334" branch="false" />
            <line number="359" hits="105334" branch="false" />
            <line number="360" hits="728254" branch="true" condition-coverage="100% (2/2)" />
            <line number="361" hits="206126" branch="false" />
            <line number="362" hits="206126" branch="true" condition-coverage="50% (1/2)" />
            <line number="363" hits="0" branch="false" />
            <line number="364" hits="0" branch="false" />
            <line number="366" hits="206126" branch="true" condition-coverage="100% (2/2)" />
            <line number="367" hits="104118" branch="false" />
            <line number="368" hits="104118" branch="false" />
            <line number="369" hits="104118" branch="false" />
            <line number="370" hits="206126" branch="false" />
            <line number="371" hits="105334" branch="false" />
            <line number="372" hits="105334" branch="false" />
          </lines>
        </class>
        <class name="SS.Spreadsheet" filename="C:\Users\cqy15\source\repos\spreadsheet-Joeic\Spreadsheet\Spreadsheet\Spreadsheet.cs" line-rate="0.814285714285714" branch-rate="0.691176470588235" complexity="87">
          <methods>
            <method name="isVar" signature="(...)" line-rate="1" branch-rate="1" complexity="1">
              <lines>
                <line number="78" hits="211" branch="false" />
                <line number="79" hits="211" branch="false" />
                <line number="80" hits="211" branch="false" />
              </lines>
            </method>
            <method name="lookup" signature="(...)" line-rate="1" branch-rate="1" complexity="2">
              <lines>
                <line number="89" hits="114602" branch="false" />
                <line number="92" hits="114602" branch="true" condition-coverage="100% (2/2)" />
                <line number="93" hits="12538" branch="false" />
                <line number="94" hits="12538" branch="false" />
                <line number="97" hits="101021" branch="false" />
                <line number="98" hits="101021" branch="false" />
                <line number="100" hits="12538" branch="false" />
              </lines>
            </method>
            <method name="calculateCell" signature="(...)" line-rate="1" branch-rate="1" complexity="4">
              <lines>
                <line number="107" hits="105334" branch="false" />
                <line number="109" hits="105334" branch="true" condition-coverage="100% (2/2)" />
                <line number="110" hits="105204" branch="false" />
                <line number="113" hits="105204" branch="false" />
                <line number="116" hits="130" branch="true" condition-coverage="100% (2/2)" />
                <line number="117" hits="108" branch="false" />
                <line number="118" hits="108" branch="false" />
                <line number="121" hits="22" branch="false" />
                <line number="122" hits="22" branch="false" />
                <line number="124" hits="105330" branch="false" />
              </lines>
            </method>
            <method name="get_Changed" signature="()" line-rate="1" branch-rate="1" complexity="1">
              <lines>
                <line number="131" hits="3" branch="false" />
              </lines>
            </method>
            <method name="set_Changed" signature="(...)" line-rate="1" branch-rate="1" complexity="1">
              <lines>
                <line number="132" hits="1280" branch="false" />
              </lines>
            </method>
            <method name="readFile" signature="(...)" line-rate="0.666666666666667" branch-rate="0.8" complexity="10">
              <lines>
                <line number="189" hits="7" branch="false" />
                <line number="191" hits="7" branch="false" />
                <line number="192" hits="7" branch="false" />
                <line number="195" hits="6" branch="false" />
                <line number="197" hits="5" branch="false" />
                <line number="199" hits="5" branch="true" condition-coverage="100% (2/2)" />
                <line number="200" hits="1" branch="false" />
                <line number="201" hits="1" branch="false" />
                <line number="203" hits="50" branch="true" condition-coverage="100% (2/2)" />
                <line number="204" hits="19" branch="false" />
                <line number="206" hits="19" branch="false" />
                <line number="207" hits="19" branch="false" />
                <line number="209" hits="19" branch="true" condition-coverage="50% (1/2)" />
                <line number="210" hits="0" branch="false" />
                <line number="211" hits="0" branch="false" />
                <line number="214" hits="19" branch="true" condition-coverage="100% (2/2)" />
                <line number="215" hits="7" branch="false" />
                <line number="217" hits="7" branch="false" />
                <line number="218" hits="7" branch="false" />
                <line number="219" hits="7" branch="true" condition-coverage="50% (1/2)" />
                <line number="220" hits="0" branch="false" />
                <line number="221" hits="0" branch="false" />
                <line number="224" hits="7" branch="false" />
                <line number="225" hits="7" branch="false" />
                <line number="226" hits="7" branch="false" />
                <line number="227" hits="0" branch="false" />
                <line number="228" hits="0" branch="false" />
                <line number="229" hits="0" branch="false" />
                <line number="231" hits="0" branch="false" />
                <line number="232" hits="0" branch="false" />
                <line number="233" hits="0" branch="false" />
[...]
            <line number="146" hits="2" branch="false" />
            <line number="147" hits="2" branch="false" />
            <line number="153" hits="1" branch="false" />
            <line number="154" hits="1" branch="false" />
            <line number="155" hits="1" branch="false" />
            <line number="156" hits="1" branch="false" />
            <line number="159" hits="2" branch="false" />
            <line number="160" hits="2" branch="false" />
            <line number="161" hits="2" branch="false" />
            <line number="162" hits="2" branch="false" />
            <line number="168" hits="1" branch="false" />
            <line number="169" hits="1" branch="false" />
            <line number="170" hits="1" branch="false" />
            <line number="171" hits="1" branch="false" />
            <line number="174" hits="2" branch="false" />
            <line number="175" hits="2" branch="false" />
            <line number="176" hits="2" branch="false" />
            <line number="177" hits="2" branch="false" />
            <line number="178" hits="2" branch="false" />
            <line number="179" hits="2" branch="false" />
            <line number="185" hits="1" branch="false" />
            <line number="186" hits="1" branch="false" />
            <line number="187" hits="1" branch="false" />
            <line number="188" hits="1" branch="false" />
            <line number="189" hits="1" branch="false" />
            <line number="190" hits="1" branch="false" />
            <line number="195" hits="1" branch="false" />
            <line number="196" hits="1" branch="false" />
            <line number="197" hits="1" branch="false" />
            <line number="198" hits="1" branch="false" />
            <line number="199" hits="1" branch="false" />
            <line number="200" hits="1" branch="false" />
            <line number="206" hits="1" branch="false" />
            <line number="207" hits="1" branch="false" />
            <line number="208" hits="1" branch="false" />
            <line number="209" hits="1" branch="false" />
            <line number="212" hits="2" branch="false" />
            <line number="213" hits="2" branch="false" />
            <line number="214" hits="2" branch="false" />
            <line number="215" hits="2" branch="false" />
            <line number="216" hits="2" branch="false" />
            <line number="217" hits="2" branch="false" />
            <line number="222" hits="1" branch="false" />
            <line number="223" hits="1" branch="false" />
            <line number="224" hits="1" branch="false" />
            <line number="225" hits="1" branch="false" />
            <line number="228" hits="2" branch="false" />
            <line number="229" hits="2" branch="false" />
            <line number="230" hits="2" branch="false" />
            <line number="231" hits="2" branch="false" />
            <line number="232" hits="2" branch="false" />
            <line number="239" hits="1" branch="false" />
            <line number="240" hits="1" branch="false" />
            <line number="241" hits="1" branch="false" />
            <line number="242" hits="1" branch="false" />
            <line number="245" hits="1" branch="false" />
            <line number="246" hits="1" branch="false" />
            <line number="247" hits="1" branch="false" />
            <line number="248" hits="1" branch="false" />
            <line number="249" hits="1" branch="false" />
            <line number="255" hits="1" branch="false" />
            <line number="256" hits="1" branch="false" />
            <line number="257" hits="1" branch="false" />
            <line number="258" hits="1" branch="false" />
            <line number="261" hits="2" branch="false" />
            <line number="262" hits="2" branch="false" />
            <line number="263" hits="2" branch="false" />
            <line number="264" hits="2" branch="false" />
            <line number="265" hits="2" branch="false" />
            <line number="266" hits="2" branch="false" />
            <line number="272" hits="1" branch="false" />
            <line number="273" hits="1" branch="false" />
            <line number="274" hits="1" branch="false" />
            <line number="275" hits="1" branch="false" />
            <line number="278" hits="2" branch="false" />
            <line number="279" hits="2" branch="false" />
            <line number="280" hits="2" branch="false" />
            <line number="281" hits="2" branch="false" />
            <line number="282" hits="2" branch="false" />
            <line number="283" hits="2" branch="false" />
            <line number="284" hits="2" branch="false" />
            <line number="290" hits="1" branch="false" />
            <line number="291" hits="1" branch="false" />
            <line number="292" hits="1" branch="false" />
            <line number="293" hits="1" branch="false" />
            <line number="296" hits="2" branch="false" />
            <line number="297" hits="2" branch="false" />
            <line number="298" hits="2" branch="false" />
            <line number="299" hits="2" branch="false" />
            <line number="300" hits="2" branch="false" />
            <line number="306" hits="1" branch="false" />
            <line number="307" hits="1" branch="false" />
            <line number="308" hits="1" branch="false" />
            <line number="309" hits="1" branch="false" />
            <line number="312" hits="2" branch="false" />
            <line number="313" hits="2" branch="false" />
            <line number="314" hits="2" branch="false" />
            <line number="315" hits="2" branch="false" />
            <line number="322" hits="1" branch="false" />
            <line number="323" hits="1" branch="false" />
            <line number="324" hits="1" branch="false" />
            <line number="325" hits="1" branch="false" />
            <line number="326" hits="1" branch="false" />
            <line number="327" hits="1" branch="false" />
            <line number="328" hits="1" branch="false" />
            <line number="329" hits="1" branch="false" />
            <line number="330" hits="1" branch="false" />
            <line number="331" hits="1" branch="false" />
            <line number="332" hits="1" branch="false" />
            <line number="333" hits="1" branch="false" />
            <line number="334" hits="1" branch="false" />
            <line number="335" hits="1" branch="false" />
            <line number="336" hits="1" branch="false" />
            <line number="342" hits="3" branch="false" />
            <line number="343" hits="3" branch="false" />
            <line number="344" hits="3" branch="false" />
            <line number="345" hits="3" branch="false" />
            <line number="348" hits="3" branch="false" />
            <line number="349" hits="3" branch="false" />
            <line number="350" hits="3" branch="false" />
            <line number="351" hits="3" branch="false" />
            <line number="352" hits="3" branch="false" />
            <line number="353" hits="3" branch="false" />
            <line number="354" hits="3" branch="false" />
            <line number="355" hits="3" branch="false" />
            <line number="356" hits="3" branch="false" />
            <line number="361" hits="1" branch="false" />
            <line number="362" hits="1" branch="false" />
            <line number="363" hits="1" branch="false" />
            <line number="368" hits="1" branch="false" />
            <line number="369" hits="1" branch="false" />
            <line number="370" hits="1" branch="false" />
            <line number="377" hits="4" branch="false" />
            <line number="378" hits="4" branch="false" />
            <line number="379" hits="4" branch="false" />
            <line number="380" hits="4" branch="false" />
            <line number="381" hits="4" branch="false" />
            <line number="382" hits="4" branch="false" />
            <line number="383" hits="4" branch="false" />
            <line number="384" hits="4" branch="false" />
            <line number="389" hits="1" branch="false" />
            <line number="390" hits="1" branch="false" />
            <line number="391" hits="1" branch="false" />
            <line number="396" hits="1" branch="false" />
            <line number="397" hits="1" branch="false" />
            <line number="398" hits="1" branch="false" />
            <line number="403" hits="1" branch="false" />
            <line number="404" hits="1" branch="false" />
            <line number="405" hits="1" branch="false" />
            <line number="412" hits="1" branch="false" />
            <line number="413" hits="1" branch="false" />
            <line number="414" hits="1" branch="false" />
            <line number="415" hits="0" branch="false" />
            <line number="421" hits="1" branch="false" />
            <line number="422" hits="1" branch="false" />
            <line number="423" hits="0" branch="false" />
            <line number="428" hits="1" branch="false" />
            <line number="429" hits="1" branch="false" />
            <line number="430" hits="1" branch="false" />
            <line number="431" hits="1" branch="false" />
            <line number="432" hits="4" branch="false" />
            <line number="433" hits="1" branch="false" />
            <line number="434" hits="1" branch="false" />
            <line number="440" hits="1" branch="false" />
            <line number="441" hits="1" branch="false" />
            <line number="442" hits="1" branch="false" />
            <line number="443" hits="1" branch="false" />
            <line number="444" hits="1" branch="false" />
            <line number="445" hits="1" branch="false" />
            <line number="446" hits="1" branch="false" />
            <line number="447" hits="1" branch="false" />
            <line number="448" hits="1" branch="false" />
            <line number="449" hits="0" branch="false" />
            <line number="455" hits="1" branch="false" />
            <line number="456" hits="1" branch="false" />
            <line number="457" hits="1" branch="false" />
            <line number="458" hits="1" branch="false" />
            <line number="459" hits="0" branch="false" />
            <line number="465" hits="1" branch="false" />
            <line number="466" hits="1" branch="false" />
            <line number="467" hits="1" branch="false" />
            <line number="468" hits="1" branch="false" />
            <line number="469" hits="1" branch="false" />
            <line number="470" hits="1" branch="false" />
            <line number="471" hits="1" branch="false" />
            <line number="472" hits="1" branch="false" />
            <line number="473" hits="1" branch="false" />
            <line number="474" hits="1" branch="false" />
            <line number="475" hits="1" branch="false" />
            <line number="476" hits="1" branch="false" />
            <line number="478" hits="1" branch="false" />
            <line number="481" hits="18" branch="false" />
            <line number="482" hits="1" branch="false" />
            <line number="483" hits="1" branch="false" />
            <line number="488" hits="1" branch="false" />
            <line number="489" hits="1" branch="false" />
            <line number="490" hits="1" branch="false" />
            <line number="491" hits="1" branch="false" />
            <line number="492" hits="1" branch="false" />
            <line number="493" hits="1" branch="false" />
            <line number="494" hits="1" branch="false" />
            <line number="496" hits="1" branch="false" />
            <line number="498" hits="1" branch="false" />
            <line number="500" hits="1" branch="true" condition-coverage="100% (6/6)" />
            <line number="501" hits="1" branch="true" condition-coverage="100% (10/10)" />
            <line number="502" hits="1" branch="true" condition-coverage="100% (12/12)" />
            <line number="503" hits="1" branch="true" condition-coverage="100% (12/12)" />
            <line number="504" hits="1" branch="true" condition-coverage="100% (12/12)" />
            <line number="505" hits="1" branch="false" />
            <line number="512" hits="1" branch="false" />
            <line number="513" hits="1" branch="false" />
            <line number="514" hits="1" branch="false" />
            <line number="516" hits="3" branch="false" />
            <line number="517" hits="3" branch="false" />
            <line number="518" hits="3" branch="false" />
            <line number="519" hits="3" branch="false" />
            <line number="520" hits="3" branch="false" />
            <line number="521" hits="3" branch="false" />
            <line number="522" hits="3" branch="false" />
            <line number="523" hits="3" branch="false" />
            <line number="524" hits="3" branch="false" />
            <line number="525" hits="3" branch="false" />
            <line number="526" hits="3" branch="false" />
            <line number="527" hits="3" branch="false" />
            <line number="532" hits="1" branch="false" />
            <line number="533" hits="1" branch="false" />
            <line number="534" hits="1" branch="false" />
            <line number="536" hits="3" branch="false" />
            <line number="537" hits="3" branch="false" />
            <line number="538" hits="3" branch="false" />
            <line number="539" hits="3" branch="false" />
            <line number="540" hits="3" branch="false" />
            <line number="541" hits="3" branch="false" />
            <line number="542" hits="3" branch="false" />
            <line number="543" hits="3" branch="false" />
            <line number="548" hits="1" branch="false" />
            <line number="549" hits="1" branch="false" />
            <line number="550" hits="1" branch="false" />
            <line number="552" hits="3" branch="false" />
            <line number="553" hits="3" branch="false" />
            <line number="554" hits="3" branch="false" />
            <line number="555" hits="3" branch="false" />
            <line number="556" hits="3" branch="false" />
            <line number="557" hits="3" branch="false" />
            <line number="558" hits="3" branch="false" />
            <line number="559" hits="3" branch="false" />
            <line number="560" hits="3" branch="false" />
            <line number="561" hits="3" branch="false" />
            <line number="562" hits="3" branch="false" />
            <line number="563" hits="3" branch="false" />
            <line number="568" hits="2" branch="false" />
            <line number="569" hits="2" branch="false" />
            <line number="570" hits="2" branch="false" />
            <line number="571" hits="2" branch="false" />
            <line number="572" hits="2" branch="false" />
            <line number="573" hits="2" branch="false" />
            <line number="578" hits="1" branch="false" />
            <line number="579" hits="1" branch="false" />
            <line number="580" hits="1" branch="false" />
            <line number="586" hits="2" branch="false" />
            <line number="587" hits="2" branch="false" />
            <line number="588" hits="2" branch="false" />
            <line number="589" hits="2" branch="false" />
            <line number="592" hits="4" branch="false" />
            <line number="593" hits="4" branch="false" />
            <line number="594" hits="4" branch="false" />
            <line number="595" hits="4" branch="false" />
            <line number="596" hits="4" branch="false" />
            <line number="597" hits="4" branch="false" />
            <line number="598" hits="4" branch="false" />
            <line number="599" hits="4" branch="false" />
            <line number="600" hits="4" branch="false" />
            <line number="601" hits="4" branch="false" />
            <line number="602" hits="4" branch="false" />
            <line number="603" hits="4" branch="false" />
            <line number="604" hits="4" branch="false" />
            <line number="605" hits="4" branch="false" />
            <line number="610" hits="1" branch="false" />
            <line number="611" hits="1" branch="false" />
            <line number="612" hits="1" branch="false" />
            <line number="618" hits="2" branch="false" />
            <line number="619" hits="2" branch="false" />
            <line number="620" hits="2" branch="false" />
            <line number="621" hits="2" branch="false" />
            <line number="622" hits="94" branch="false" />
            <line number="623" hits="2" branch="false" />
            <line number="624" hits="2" branch="false" />
            <line number="629" hits="1" branch="false" />
            <line number="630" hits="1" branch="false" />
            <line number="631" hits="1" branch="false" />
            <line number="641" hits="1" branch="false" />
            <line number="642" hits="1" branch="false" />
            <line number="643" hits="1" branch="false" />
            <line number="644" hits="1" branch="false" />
            <line number="645" hits="1" branch="false" />
            <line number="650" hits="1" branch="false" />
            <line number="651" hits="1" branch="false" />
            <line number="652" hits="1" branch="false" />
            <line number="653" hits="1" branch="false" />
            <line number="654" hits="1" branch="false" />
            <line number="659" hits="1" branch="false" />
            <line number="660" hits="1" branch="false" />
            <line number="661" hits="1" branch="false" />
            <line number="662" hits="1" branch="false" />
            <line number="663" hits="1" branch="false" />
            <line number="668" hits="1" branch="false" />
            <line number="669" hits="1" branch="false" />
            <line number="670" hits="1" branch="false" />
            <line number="671" hits="1" branch="false" />
            <line number="672" hits="1" branch="false" />
            <line number="677" hits="1" branch="false" />
            <line number="678" hits="1" branch="false" />
            <line number="679" hits="1" branch="false" />
            <line number="680" hits="1" branch="false" />
            <line number="681" hits="1" branch="false" />
            <line number="684" hits="5" branch="false" />
            <line number="686" hits="5" branch="false" />
            <line number="687" hits="5" branch="false" />
            <line number="688" hits="5" branch="false" />
            <line number="690" hits="5" branch="false" />
            <line number="691" hits="1010" branch="true" condition-coverage="100% (2/2)" />
            <line number="692" hits="500" branch="false" />
            <line number="693" hits="500" branch="false" />
            <line number="694" hits="500" branch="false" />
            <line number="695" hits="500" branch="false" />
            <line number="696" hits="5" branch="false" />
            <line number="697" hits="5" branch="false" />
            <line number="698" hits="5" branch="false" />
            <line number="699" hits="5" branch="false" />
            <line number="700" hits="5" branch="false" />
            <line number="701" hits="5" branch="false" />
            <line number="702" hits="5" branch="false" />
            <line number="703" hits="5" branch="false" />
            <line number="704" hits="5" branch="false" />
            <line number="705" hits="0" branch="false" />
            <line number="706" hits="0" branch="false" />
            <line number="707" hits="0" branch="false" />
            <line number="708" hits="0" branch="false" />
            <line number="709" hits="5" branch="false" />
          </lines>
        </class>
      </classes>
    </package>
  </packages>
</coverage>