<?xml version="1.0" encoding="utf-8"?>
<coverage line-rate="0.8162999999999999" branch-rate="0.6825" version="1.9" timestamp="1665692530" lines-covered="956" lines-valid="1171" branches-covered="243" branches-valid="356">
  <sources>
    <source>C:\Users\cqy15\</source>
  </sources>
  <packages>
    <package name="DependencyGraph" line-rate="0.6904" branch-rate="0.6818000000000001" complexity="46">
      <classes>
        <class name="SpreadsheetUtilities.DependencyGraph" filename="source\repos\spreadsheet-Joeic\Spreadsheet\DependencyGraph\DependencyGraph.cs" line-rate="0.6904" branch-rate="0.6818000000000001" complexity="46">
          <methods>
            <method name="get_Size" signature="()" line-rate="0" branch-rate="1" complexity="1">
              <lines>
                <line number="76" hits="0" branch="False" />
                <line number="77" hits="0" branch="False" />
                <line number="78" hits="0" branch="False" />
              </lines>
            </method>
            <method name="get_Item" signature="(System.String)" line-rate="0" branch-rate="0" complexity="2">
              <lines>
                <line number="91" hits="0" branch="False" />
                <line number="94" hits="0" branch="True" condition-coverage="0% (0/2)">
                  <conditions>
                    <condition number="15" type="jump" coverage="0%" />
                  </conditions>
                </line>
                <line number="95" hits="0" branch="False" />
                <line number="96" hits="0" branch="False" />
                <line number="98" hits="0" branch="False" />
                <line number="99" hits="0" branch="False" />
              </lines>
            </method>
            <method name="HasDependents" signature="(System.String)" line-rate="1" branch-rate="1" complexity="2">
              <lines>
                <line number="106" hits="1216" branch="False" />
                <line number="107" hits="1216" branch="True" condition-coverage="100% (2/2)">
                  <conditions>
                    <condition number="13" type="jump" coverage="100%" />
                  </conditions>
                </line>
                <line number="108" hits="1216" branch="False" />
              </lines>
            </method>
            <method name="HasDependees" signature="(System.String)" line-rate="0" branch-rate="0" complexity="2">
              <lines>
                <line number="114" hits="0" branch="False" />
                <line number="115" hits="0" branch="True" condition-coverage="0% (0/2)">
                  <conditions>
                    <condition number="13" type="jump" coverage="0%" />
                  </conditions>
                </line>
                <line number="116" hits="0" branch="False" />
              </lines>
            </method>
            <method name="GetDependents" signature="(System.String)" line-rate="0" branch-rate="0" complexity="2">
              <lines>
                <line number="122" hits="0" branch="False" />
                <line number="123" hits="0" branch="True" condition-coverage="0% (0/2)">
                  <conditions>
                    <condition number="15" type="jump" coverage="0%" />
                  </conditions>
                </line>
                <line number="124" hits="0" branch="False" />
                <line number="125" hits="0" branch="False" />
                <line number="128" hits="0" branch="False" />
                <line number="130" hits="0" branch="False" />
                <line number="132" hits="0" branch="False" />
              </lines>
            </method>
            <method name="GetDependees" signature="(System.String)" line-rate="1" branch-rate="1" complexity="2">
              <lines>
                <line number="138" hits="105334" branch="False" />
                <line number="140" hits="105334" branch="True" condition-coverage="100% (2/2)">
                  <conditions>
                    <condition number="15" type="jump" coverage="100%" />
                  </conditions>
                </line>
                <line number="141" hits="104118" branch="False" />
                <line number="143" hits="104118" branch="False" />
                <line number="146" hits="1216" branch="False" />
                <line number="147" hits="105334" branch="False" />
              </lines>
            </method>
            <method name="AddDependency" signature="(System.String,System.String)" line-rate="1" branch-rate="1" complexity="12">
              <lines>
                <line number="161" hits="2151" branch="False" />
                <line number="162" hits="2151" branch="True" condition-coverage="100% (2/2)">
                  <conditions>
                    <condition number="15" type="jump" coverage="100%" />
                  </conditions>
                </line>
                <line number="163" hits="1084" branch="False" />
                <line number="164" hits="1084" branch="True" condition-coverage="100% (2/2)">
                  <conditions>
                    <condition number="41" type="jump" coverage="100%" />
                  </conditions>
                </line>
                <line number="165" hits="1084" branch="False" />
                <line number="166" hits="1084" branch="False" />
                <line number="167" hits="1084" branch="False" />
                <line number="168" hits="1084" branch="False" />
                <line number="169" hits="1084" branch="False" />
                <line number="170" hits="1067" branch="True" condition-coverage="100% (2/2)">
                  <conditions>
                    <condition number="98" type="jump" coverage="100%" />
                  </conditions>
                </line>
                <line number="171" hits="1067" branch="False" />
                <line number="175" hits="1067" branch="False" />
                <line number="176" hits="1067" branch="False" />
                <line number="177" hits="1067" branch="False" />
                <line number="178" hits="1067" branch="False" />
                <line number="179" hits="1067" branch="False" />
                <line number="181" hits="2151" branch="True" condition-coverage="100% (2/2)">
                  <conditions>
                    <condition number="160" type="jump" coverage="100%" />
                  </conditions>
                </line>
                <line number="182" hits="1054" branch="False" />
                <line number="183" hits="1054" branch="True" condition-coverage="100% (2/2)">
                  <conditions>
                    <condition number="188" type="jump" coverage="100%" />
                  </conditions>
                </line>
                <line number="184" hits="1054" branch="False" />
                <line number="185" hits="1054" branch="False" />
                <line number="186" hits="1054" branch="False" />
                <line number="187" hits="1054" branch="False" />
                <line number="188" hits="1054" branch="False" />
                <line number="189" hits="1097" branch="True" condition-coverage="100% (2/2)">
                  <conditions>
                    <condition number="247" type="jump" coverage="100%" />
                  </conditions>
                </line>
                <line number="190" hits="1097" branch="False" />
                <line number="193" hits="1097" branch="False" />
                <line number="194" hits="1097" branch="False" />
                <line number="195" hits="1097" branch="False" />
                <line number="196" hits="1097" branch="False" />
                <line number="197" hits="1097" branch="False" />
                <line number="199" hits="2151" branch="False" />
              </lines>
            </method>
            <method name="RemoveDependency" signature="(System.String,System.String)" line-rate="1" branch-rate="1" complexity="2">
              <lines>
                <line number="207" hits="32" branch="False" />
                <line number="208" hits="32" branch="True" condition-coverage="100% (2/2)">
                  <conditions>
                    <condition number="15" type="jump" coverage="100%" />
                  </conditions>
                </line>
                <line number="209" hits="32" branch="False" />
                <line number="211" hits="32" branch="False" />
                <line number="212" hits="32" branch="False" />
                <line number="213" hits="32" branch="False" />
                <line number="214" hits="32" branch="False" />
                <line number="215" hits="32" branch="False" />
                <line number="217" hits="32" branch="False" />
              </lines>
            </method>
            <method name="removeDependees" signature="(System.String,System.String)" line-rate="1" branch-rate="1" complexity="4">
              <lines>
                <line number="224" hits="32" branch="False" />
                <line number="225" hits="32" branch="True" condition-coverage="100% (2/2)">
                  <conditions>
                    <condition number="15" type="jump" coverage="100%" />
                  </conditions>
                </line>
                <line number="226" hits="32" branch="False" />
                <line number="227" hits="32" branch="True" condition-coverage="100% (2/2)">
                  <conditions>
                    <condition number="38" type="jump" coverage="100%" />
                  </conditions>
                </line>
                <line number="228" hits="32" branch="False" />
                <line number="229" hits="32" branch="False" />
                <line number="230" hits="32" branch="False" />
                <line number="231" hits="32" branch="False" />
                <line number="233" hits="32" branch="False" />
              </lines>
            </method>
            <method name="ReplaceDependents" signature="(System.String,System.Collections.Generic.IEnumerable`1&lt;System.String&gt;)" line-rate="1" branch-rate="1" complexity="8">
              <lines>
                <line number="239" hits="1216" branch="False" />
                <line number="240" hits="1216" branch="True" condition-coverage="100% (2/2)">
                  <conditions>
                    <condition number="10" type="jump" coverage="100%" />
                  </conditions>
                </line>
                <line number="241" hits="17" branch="False" />
                <line number="243" hits="17" branch="False" />
                <line number="244" hits="115" branch="True" condition-coverage="100% (2/2)">
                  <conditions>
                    <condition number="70" type="jump" coverage="100%" />
                  </conditions>
                </line>
                <line number="245" hits="32" branch="False" />
                <line number="247" hits="32" branch="False" />
                <line number="248" hits="32" branch="False" />
                <line number="250" hits="17" branch="False" />
                <line number="252" hits="109" branch="True" condition-coverage="100% (2/2)">
                  <conditions>
                    <condition number="135" type="jump" coverage="100%" />
                  </conditions>
                </line>
                <line number="253" hits="29" branch="False" />
                <line number="255" hits="29" branch="False" />
                <line number="256" hits="29" branch="False" />
                <line number="257" hits="17" branch="False" />
                <line number="259" hits="1199" branch="False" />
                <line number="260" hits="7841" branch="True" condition-coverage="100% (2/2)">
                  <conditions>
                    <condition number="195" type="jump" coverage="100%" />
                  </conditions>
                </line>
                <line number="261" hits="2122" branch="False" />
                <line number="263" hits="2122" branch="False" />
                <line number="264" hits="2122" branch="False" />
                <line number="265" hits="1199" branch="False" />
                <line number="266" hits="1216" branch="False" />
              </lines>
            </method>
            <method name="ReplaceDependees" signature="(System.String,System.Collections.Generic.IEnumerable`1&lt;System.String&gt;)" line-rate="0" branch-rate="0" complexity="8">
              <lines>
                <line number="273" hits="0" branch="False" />
                <line number="274" hits="0" branch="True" condition-coverage="0% (0/2)">
                  <conditions>
                    <condition number="15" type="jump" coverage="0%" />
                  </conditions>
                </line>
                <line number="275" hits="0" branch="False" />
                <line number="277" hits="0" branch="False" />
                <line number="278" hits="0" branch="True" condition-coverage="0% (0/2)">
                  <conditions>
                    <condition number="75" type="jump" coverage="0%" />
                  </conditions>
                </line>
                <line number="279" hits="0" branch="False" />
                <line number="281" hits="0" branch="False" />
                <line number="282" hits="0" branch="False" />
                <line number="283" hits="0" branch="True" condition-coverage="0% (0/2)">
                  <conditions>
                    <condition number="133" type="jump" coverage="0%" />
                  </conditions>
                </line>
                <line number="284" hits="0" branch="False" />
                <line number="286" hits="0" branch="False" />
                <line number="287" hits="0" branch="False" />
                <line number="288" hits="0" branch="False" />
                <line number="290" hits="0" branch="False" />
                <line number="291" hits="0" branch="True" condition-coverage="0% (0/2)">
                  <conditions>
                    <condition number="193" type="jump" coverage="0%" />
                  </conditions>
                </line>
                <line number="292" hits="0" branch="False" />
                <line number="294" hits="0" branch="False" />
                <line number="295" hits="0" branch="False" />
                <line number="296" hits="0" branch="False" />
                <line number="297" hits="0" branch="False" />
              </lines>
            </method>
            <method name=".ctor" signature="()" line-rate="1" branch-rate="1" complexity="1">
              <lines>
                <line number="62" hits="58" branch="False" />
                <line number="63" hits="58" branch="False" />
                <line number="64" hits="58" branch="False" />
                <line number="65" hits="58" branch="False" />
                <line number="66" hits="58" branch="False" />
                <line number="67" hits="58" branch="False" />
                <line number="69" hits="58" branch="False" />
              </lines>
            </method>
          </methods>
          <lines>
            <line number="76" hits="0" branch="False" />
            <line number="77" hits="0" branch="False" />
            <line number="78" hits="0" branch="False" />
            <line number="91" hits="0" branch="False" />
            <line number="94" hits="0" branch="True" condition-coverage="0% (0/2)">
              <conditions>
                <condition number="15" type="jump" coverage="0%" />
              </conditions>
            </line>
            <line number="95" hits="0" branch="False" />
            <line number="96" hits="0" branch="False" />
            <line number="98" hits="0" branch="False" />
            <line number="99" hits="0" branch="False" />
            <line number="106" hits="1216" branch="False" />
            <line number="107" hits="1216" branch="True" condition-coverage="100% (2/2)">
              <conditions>
                <condition number="13" type="jump" coverage="100%" />
              </conditions>
            </line>
            <line number="108" hits="1216" branch="False" />
            <line number="114" hits="0" branch="False" />
            <line number="115" hits="0" branch="True" condition-coverage="0% (0/2)">
              <conditions>
                <condition number="13" type="jump" coverage="0%" />
              </conditions>
            </line>
            <line number="116" hits="0" branch="False" />
            <line number="122" hits="0" branch="False" />
            <line number="123" hits="0" branch="True" condition-coverage="0% (0/2)">
              <conditions>
                <condition number="15" type="jump" coverage="0%" />
              </conditions>
            </line>
            <line number="124" hits="0" branch="False" />
            <line number="125" hits="0" branch="False" />
            <line number="128" hits="0" branch="False" />
            <line number="130" hits="0" branch="False" />
            <line number="132" hits="0" branch="False" />
            <line number="138" hits="105334" branch="False" />
            <line number="140" hits="105334" branch="True" condition-coverage="100% (2/2)">
              <conditions>
                <condition number="15" type="jump" coverage="100%" />
              </conditions>
            </line>
            <line number="141" hits="104118" branch="False" />
            <line number="143" hits="104118" branch="False" />
            <line number="146" hits="1216" branch="False" />
            <line number="147" hits="105334" branch="False" />
            <line number="161" hits="2151" branch="False" />
            <line number="162" hits="2151" branch="True" condition-coverage="100% (2/2)">
              <conditions>
                <condition number="15" type="jump" coverage="100%" />
              </conditions>
            </line>
            <line number="163" hits="1084" branch="False" />
            <line number="164" hits="1084" branch="True" condition-coverage="100% (2/2)">
              <conditions>
                <condition number="41" type="jump" coverage="100%" />
              </conditions>
            </line>
            <line number="165" hits="1084" branch="False" />
            <line number="166" hits="1084" branch="False" />
            <line number="167" hits="1084" branch="False" />
            <line number="168" hits="1084" branch="False" />
            <line number="169" hits="1084" branch="False" />
            <line number="170" hits="1067" branch="True" condition-coverage="100% (2/2)">
              <conditions>
                <condition number="98" type="jump" coverage="100%" />
              </conditions>
            </line>
            <line number="171" hits="1067" branch="False" />
            <line number="175" hits="1067" branch="False" />
            <line number="176" hits="1067" branch="False" />
            <line number="177" hits="1067" branch="False" />
            <line number="178" hits="1067" branch="False" />
            <line number="179" hits="1067" branch="False" />
            <line number="181" hits="2151" branch="True" condition-coverage="100% (2/2)">
              <conditions>
                <condition number="160" type="jump" coverage="100%" />
              </conditions>
            </line>
            <line number="182" hits="1054" branch="False" />
            <line number="183" hits="1054" branch="True" condition-coverage="100% (2/2)">
              <conditions>
                <condition number="188" type="jump" coverage="100%" />
              </conditions>
            </line>
            <line number="184" hits="1054" branch="False" />
            <line number="185" hits="1054" branch="False" />
            <line number="186" hits="1054" branch="False" />
            <line number="187" hits="1054" branch="False" />
            <line number="188" hits="1054" branch="False" />
            <line number="189" hits="1097" branch="True" condition-coverage="100% (2/2)">
              <conditions>
                <condition number="247" type="jump" coverage="100%" />
              </conditions>
            </line>
            <line number="190" hits="1097" branch="False" />
            <line number="193" hits="1097" branch="False" />
            <line number="194" hits="1097" branch="False" />
            <line number="195" hits="1097" branch="False" />
            <line number="196" hits="1097" branch="False" />
            <line number="197" hits="1097" branch="False" />
            <line number="199" hits="2151" branch="False" />
            <line number="207" hits="32" branch="False" />
            <line number="208" hits="32" branch="True" condition-coverage="100% (2/2)">
              <conditions>
                <condition number="15" type="jump" coverage="100%" />
              </conditions>
            </line>
            <line number="209" hits="32" branch="False" />
            <line number="211" hits="32" branch="False" />
            <line number="212" hits="32" branch="False" />
            <line number="213" hits="32" branch="False" />
            <line number="214" hits="32" branch="False" />
            <line number="215" hits="32" branch="False" />
            <line number="217" hits="32" branch="False" />
            <line number="224" hits="32" branch="False" />
            <line number="225" hits="32" branch="True" condition-coverage="100% (2/2)">
              <conditions>
                <condition number="15" type="jump" coverage="100%" />
              </conditions>
            </line>
            <line number="226" hits="32" branch="False" />
            <line number="227" hits="32" branch="True" condition-coverage="100% (2/2)">
              <conditions>
                <condition number="38" type="jump" coverage="100%" />
              </conditions>
            </line>
            <line number="228" hits="32" branch="False" />
            <line number="229" hits="32" branch="False" />
            <line number="230" hits="32" branch="False" />
            <line number="231" hits="32" branch="False" />
            <line number="233" hits="32" branch="False" />
            <line number="239" hits="1216" branch="False" />
            <line number="240" hits="1216" branch="True" condition-coverage="100% (2/2)">
              <conditions>
                <condition number="10" type="jump" coverage="100%" />
              </conditions>
            </line>
            <line number="241" hits="17" branch="False" />
            <line number="243" hits="17" branch="False" />
            <line number="244" hits="115" branch="True" condition-coverage="100% (2/2)">
              <conditions>
                <condition number="70" type="jump" coverage="100%" />
              </conditions>
            </line>
            <line number="245" hits="32" branch="False" />
            <line number="247" hits="32" branch="False" />
            <line number="248" hits="32" branch="False" />
            <line number="250" hits="17" branch="False" />
            <line number="252" hits="109" branch="True" condition-coverage="100% (2/2)">
              <conditions>
                <condition number="135" type="jump" coverage="100%" />
              </conditions>
            </line>
            <line number="253" hits="29" branch="False" />
            <line number="255" hits="29" branch="False" />
            <line number="256" hits="29" branch="False" />
            <line number="257" hits="17" branch="False" />
            <line number="259" hits="1199" branch="False" />
            <line number="260" hits="7841" branch="True" condition-coverage="100% (2/2)">
              <conditions>
                <condition number="195" type="jump" coverage="100%" />
              </conditions>
            </line>
            <line number="261" hits="2122" branch="False" />
            <line number="263" hits="2122" branch="False" />
            <line number="264" hits="2122" branch="False" />
            <line number="265" hits="1199" branch="False" />
            <line number="266" hits="1216" branch="False" />
            <line number="273" hits="0" branch="False" />
            <line number="274" hits="0" branch="True" condition-coverage="0% (0/2)">
              <conditions>
                <condition number="15" type="jump" coverage="0%" />
              </conditions>
            </line>
            <line number="275" hits="0" branch="False" />
            <line number="277" hits="0" branch="False" />
            <line number="278" hits="0" branch="True" condition-coverage="0% (0/2)">
              <conditions>
                <condition number="75" type="jump" coverage="0%" />
              </conditions>
            </line>
            <line number="279" hits="0" branch="False" />
            <line number="281" hits="0" branch="False" />
            <line number="282" hits="0" branch="False" />
            <line number="283" hits="0" branch="True" condition-coverage="0% (0/2)">
              <conditions>
                <condition number="133" type="jump" coverage="0%" />
              </conditions>
            </line>
            <line number="284" hits="0" branch="False" />
            <line number="286" hits="0" branch="False" />
            <line number="287" hits="0" branch="False" />
            <line number="288" hits="0" branch="False" />
            <line number="290" hits="0" branch="False" />
            <line number="291" hits="0" branch="True" condition-coverage="0% (0/2)">
              <conditions>
                <condition number="193" type="jump" coverage="0%" />
              </conditions>
            </line>
            <line number="292" hits="0" branch="False" />
            <line number="294" hits="0" branch="False" />
            <line number="295" hits="0" branch="False" />
            <line number="296" hits="0" branch="False" />
            <line number="297" hits="0" branch="False" />
            <line number="62" hits="58" branch="False" />
            <line number="63" hits="58" branch="False" />
            <line number="64" hits="58" branch="False" />
            <line number="65" hits="58" branch="False" />
            <line number="66" hits="58" branch="False" />
            <line number="67" hits="58" branch="False" />
            <line number="69" hits="58" branch="False" />
          </lines>
        </class>
      </classes>
    </package>
    <package name="Formula" line-rate="0.6605" branch-rate="0.5722" complexity="184">
      <classes>
        <class name="SpreadsheetUtilities.Formula" filename="source\repos\spreadsheet-Joeic\Spreadsheet\Formula\Formula.cs" line-rate="0.6286999999999999" branch-rate="0.5574" complexity="175">
          <methods>
            <method name="checkLeftPara" signature="(System.String)" line-rate="0.75" branch-rate="0.5" complexity="2">
              <lines>
                <line number="66" hits="212493" branch="False" />
                <line number="67" hits="212493" branch="False" />
                <line number="68" hits="212493" branch="True" condition-coverage="50% (1/2)">
                  <conditions>
                    <condition number="19" type="jump" coverage="50%" />
                  </conditions>
                </line>
                <line number="69" hits="212493" branch="False" />
                <line number="70" hits="212493" branch="False" />
                <line number="73" hits="0" branch="False" />
                <line number="74" hits="0" branch="False" />
                <line number="76" hits="212493" branch="False" />
              </lines>
            </method>
            <method name="checkRightPara" signature="(System.String)" line-rate="0.75" branch-rate="0.5" complexity="2">
              <lines>
                <line number="83" hits="106246" branch="False" />
                <line number="84" hits="106246" branch="False" />
                <line number="85" hits="106246" branch="True" condition-coverage="50% (1/2)">
                  <conditions>
                    <condition number="19" type="jump" coverage="50%" />
                  </conditions>
                </line>
                <line number="86" hits="106246" branch="False" />
                <line number="87" hits="106246" branch="False" />
                <line number="90" hits="0" branch="False" />
                <line number="91" hits="0" branch="False" />
                <line number="93" hits="106246" branch="False" />
              </lines>
            </method>
            <method name="checkOperator" signature="(System.String)" line-rate="1" branch-rate="1" complexity="8">
              <lines>
                <line number="101" hits="318740" branch="False" />
                <line number="102" hits="318740" branch="True" condition-coverage="100% (8/8)">
                  <conditions>
                    <condition number="12" type="jump" coverage="100%" />
                    <condition number="25" type="jump" coverage="100%" />
                    <condition number="38" type="jump" coverage="100%" />
                    <condition number="56" type="jump" coverage="100%" />
                  </conditions>
                </line>
                <line number="103" hits="212493" branch="False" />
                <line number="104" hits="212493" branch="False" />
                <line number="107" hits="106247" branch="False" />
                <line number="108" hits="106247" branch="False" />
                <line number="110" hits="318740" branch="False" />
              </lines>
            </method>
            <method name="checkNum" signature="(System.String)" line-rate="1" branch-rate="1" complexity="2">
              <lines>
                <line number="117" hits="318739" branch="False" />
                <line number="119" hits="318739" branch="True" condition-coverage="100% (2/2)">
                  <conditions>
                    <condition number="14" type="jump" coverage="100%" />
                  </conditions>
                </line>
                <line number="120" hits="318726" branch="False" />
                <line number="121" hits="318726" branch="False" />
                <line number="124" hits="13" branch="False" />
                <line number="125" hits="13" branch="False" />
                <line number="127" hits="318739" branch="False" />
              </lines>
            </method>
            <method name="endingTokenRule" signature="(System.String)" line-rate="0.8332999999999999" branch-rate="0.6666" complexity="6">
              <lines>
                <line number="246" hits="106298" branch="False" />
                <line number="247" hits="106298" branch="True" condition-coverage="66.66% (4/6)">
                  <conditions>
                    <condition number="9" type="jump" coverage="100%" />
                    <condition number="17" type="jump" coverage="50%" />
                    <condition number="35" type="jump" coverage="50%" />
                  </conditions>
                </line>
                <line number="248" hits="106298" branch="False" />
                <line number="249" hits="106298" branch="False" />
                <line number="252" hits="0" branch="False" />
                <line number="253" hits="106298" branch="False" />
              </lines>
            </method>
            <method name="startingTokenRule" signature="(System.String)" line-rate="0.8332999999999999" branch-rate="0.6666" complexity="6">
              <lines>
                <line number="260" hits="106298" branch="False" />
                <line number="262" hits="106298" branch="True" condition-coverage="66.66% (4/6)">
                  <conditions>
                    <condition number="9" type="jump" coverage="100%" />
                    <condition number="17" type="jump" coverage="50%" />
                    <condition number="35" type="jump" coverage="50%" />
                  </conditions>
                </line>
                <line number="263" hits="106298" branch="False" />
                <line number="264" hits="106298" branch="False" />
                <line number="267" hits="0" branch="False" />
                <line number="268" hits="106298" branch="False" />
              </lines>
            </method>
            <method name="Evaluate" signature="(System.Func`2&lt;System.String,System.Double&gt;)" line-rate="0.7" branch-rate="0.5217" complexity="46">
              <lines>
                <line number="292" hits="105204" branch="False" />
                <line number="293" hits="105204" branch="False" />
                <line number="294" hits="105204" branch="False" />
                <line number="295" hits="105204" branch="False" />
                <line number="300" hits="436510" branch="True" condition-coverage="100% (2/2)">
                  <conditions>
                    <condition number="622" type="jump" coverage="100%" />
                  </conditions>
                </line>
                <line number="301" hits="111484" branch="False" />
                <line number="302" hits="111484" branch="True" condition-coverage="100% (2/2)">
                  <conditions>
                    <condition number="63" type="jump" coverage="100%" />
                  </conditions>
                </line>
                <line number="303" hits="11" branch="False" />
                <line number="305" hits="11" branch="False" />
                <line number="306" hits="11" branch="True" condition-coverage="100% (2/2)">
                  <conditions>
                    <condition number="91" type="jump" coverage="100%" />
                  </conditions>
                </line>
                <line number="307" hits="6" branch="False" />
                <line number="308" hits="6" branch="False" />
                <line number="312" hits="5" branch="False" />
                <line number="313" hits="111473" branch="True" condition-coverage="75% (3/4)">
                  <conditions>
                    <condition number="129" type="jump" coverage="50%" />
                    <condition number="145" type="jump" coverage="100%" />
                  </conditions>
                </line>
                <line number="314" hits="108333" branch="False" />
                <line number="316" hits="108333" branch="False" />
                <line number="317" hits="108333" branch="False" />
                <line number="318" hits="6269" branch="False" />
                <line number="319" hits="102064" branch="False" />
                <line number="320" hits="102064" branch="False" />
                <line number="321" hits="102064" branch="False" />
                <line number="324" hits="6269" branch="False" />
                <line number="325" hits="6269" branch="False" />
                <line number="326" hits="6269" branch="False" />
                <line number="329" hits="6269" branch="False" />
                <line number="331" hits="3140" branch="True" condition-coverage="100% (4/4)">
                  <conditions>
                    <condition number="242" type="jump" coverage="100%" />
                    <condition number="263" type="jump" coverage="100%" />
                  </conditions>
                </line>
                <line number="332" hits="3111" branch="False" />
                <line number="333" hits="3111" branch="True" condition-coverage="50% (2/4)">
                  <conditions>
                    <condition number="277" type="jump" coverage="50%" />
                    <condition number="297" type="jump" coverage="50%" />
                  </conditions>
                </line>
                <line number="334" hits="0" branch="False" />
                <line number="335" hits="0" branch="False" />
                <line number="336" hits="0" branch="False" />
                <line number="337" hits="3111" branch="False" />
                <line number="338" hits="3111" branch="False" />
                <line number="340" hits="29" branch="True" condition-coverage="75% (3/4)">
                  <conditions>
                    <condition number="336" type="jump" coverage="100%" />
                    <condition number="357" type="jump" coverage="50%" />
                  </conditions>
                </line>
                <line number="341" hits="29" branch="False" />
                <line number="343" hits="0" branch="True" condition-coverage="0% (0/2)">
                  <conditions>
                    <condition number="389" type="jump" coverage="0%" />
                  </conditions>
                </line>
                <line number="344" hits="0" branch="False" />
                <line number="346" hits="0" branch="True" condition-coverage="0% (0/2)">
                  <conditions>
                    <condition number="421" type="jump" coverage="0%" />
                  </conditions>
                </line>
                <line number="347" hits="0" branch="False" />
                <line number="348" hits="0" branch="True" condition-coverage="0% (0/4)">
                  <conditions>
                    <condition number="438" type="jump" coverage="0%" />
                    <condition number="458" type="jump" coverage="0%" />
                  </conditions>
                </line>
                <line number="349" hits="0" branch="False" />
                <line number="350" hits="0" branch="True" condition-coverage="0% (0/2)">
                  <conditions>
                    <condition number="483" type="jump" coverage="0%" />
                  </conditions>
                </line>
                <line number="351" hits="0" branch="False" />
                <line number="353" hits="0" branch="True" condition-coverage="0% (0/4)">
                  <conditions>
                    <condition number="503" type="jump" coverage="0%" />
                    <condition number="523" type="jump" coverage="0%" />
                  </conditions>
                </line>
                <line number="354" hits="0" branch="True" condition-coverage="0% (0/2)">
                  <conditions>
                    <condition number="544" type="jump" coverage="0%" />
                  </conditions>
                </line>
                <line number="355" hits="0" branch="False" />
                <line number="356" hits="0" branch="False" />
                <line number="359" hits="0" branch="False" />
                <line number="360" hits="0" branch="True" condition-coverage="50% (2/4)">
                  <conditions>
                    <condition number="584" type="jump" coverage="0%" />
                    <condition number="605" type="jump" coverage="100%" />
                  </conditions>
                </line>
                <line number="361" hits="0" branch="False" />
                <line number="362" hits="9414" branch="False" />
                <line number="364" hits="3134" branch="True" condition-coverage="100% (4/4)">
                  <conditions>
                    <condition number="633" type="jump" coverage="100%" />
                    <condition number="651" type="jump" coverage="100%" />
                  </conditions>
                </line>
                <line number="365" hits="44" branch="False" />
                <line number="366" hits="44" branch="False" />
                <line number="368" hits="44" branch="False" />
                <line number="373" hits="3090" branch="False" />
                <line number="374" hits="3090" branch="False" />
                <line number="375" hits="3090" branch="False" />
                <line number="377" hits="3086" branch="False" />
                <line number="381" hits="105200" branch="False" />
              </lines>
            </method>
            <method name="GetVariables" signature="()" line-rate="1" branch-rate="1" complexity="4">
              <lines>
                <line number="395" hits="1086" branch="False" />
                <line number="396" hits="1086" branch="False" />
                <line number="397" hits="8628" branch="True" condition-coverage="100% (2/2)">
                  <conditions>
                    <condition number="75" type="jump" coverage="100%" />
                  </conditions>
                </line>
                <line number="398" hits="3228" branch="False" />
                <line number="399" hits="3228" branch="True" condition-coverage="100% (2/2)">
                  <conditions>
                    <condition number="31" type="jump" coverage="100%" />
                  </conditions>
                </line>
                <line number="400" hits="2151" branch="False" />
                <line number="401" hits="2151" branch="False" />
                <line number="402" hits="2151" branch="False" />
                <line number="403" hits="3228" branch="False" />
                <line number="404" hits="1086" branch="False" />
                <line number="405" hits="1086" branch="False" />
              </lines>
            </method>
            <method name="ToString" signature="()" line-rate="1" branch-rate="1" complexity="2">
              <lines>
                <line number="418" hits="105211" branch="False" />
                <line number="419" hits="105211" branch="False" />
                <line number="420" hits="946755" branch="True" condition-coverage="100% (2/2)">
                  <conditions>
                    <condition number="47" type="jump" coverage="100%" />
                  </conditions>
                </line>
                <line number="421" hits="315561" branch="False" />
                <line number="422" hits="315561" branch="False" />
                <line number="423" hits="315561" branch="False" />
                <line number="424" hits="105211" branch="False" />
                <line number="425" hits="105211" branch="False" />
              </lines>
            </method>
            <method name="Equals" signature="(System.Object)" line-rate="0" branch-rate="0" complexity="16">
              <lines>
                <line number="448" hits="0" branch="False" />
                <line number="449" hits="0" branch="True" condition-coverage="0% (0/4)">
                  <conditions>
                    <condition number="2" type="jump" coverage="0%" />
                    <condition number="21" type="jump" coverage="0%" />
                  </conditions>
                </line>
                <line number="450" hits="0" branch="False" />
                <line number="451" hits="0" branch="False" />
                <line number="454" hits="0" branch="False" />
                <line number="455" hits="0" branch="True" condition-coverage="0% (0/2)">
                  <conditions>
                    <condition number="67" type="jump" coverage="0%" />
                  </conditions>
                </line>
                <line number="456" hits="0" branch="False" />
                <line number="457" hits="0" branch="False" />
                <line number="460" hits="0" branch="False" />
                <line number="462" hits="0" branch="True" condition-coverage="0% (0/2)">
                  <conditions>
                    <condition number="254" type="jump" coverage="0%" />
                  </conditions>
                </line>
                <line number="463" hits="0" branch="False" />
                <line number="464" hits="0" branch="True" condition-coverage="0% (0/4)">
                  <conditions>
                    <condition number="107" type="jump" coverage="0%" />
                    <condition number="136" type="jump" coverage="0%" />
                  </conditions>
                </line>
                <line number="465" hits="0" branch="False" />
                <line number="466" hits="0" branch="True" condition-coverage="0% (0/2)">
                  <conditions>
                    <condition number="152" type="jump" coverage="0%" />
                  </conditions>
                </line>
                <line number="467" hits="0" branch="False" />
                <line number="468" hits="0" branch="False" />
                <line number="470" hits="0" branch="False" />
                <line number="472" hits="0" branch="True" condition-coverage="0% (0/2)">
                  <conditions>
                    <condition number="222" type="jump" coverage="0%" />
                  </conditions>
                </line>
                <line number="473" hits="0" branch="False" />
                <line number="474" hits="0" branch="False" />
                <line number="475" hits="0" branch="False" />
                <line number="476" hits="0" branch="False" />
                <line number="477" hits="0" branch="False" />
              </lines>
            </method>
            <method name="op_Equality" signature="(SpreadsheetUtilities.Formula,SpreadsheetUtilities.Formula)" line-rate="0" branch-rate="0" complexity="6">
              <lines>
                <line number="484" hits="0" branch="False" />
                <line number="485" hits="0" branch="True" condition-coverage="0% (0/4)">
                  <conditions>
                    <condition number="2" type="jump" coverage="0%" />
                    <condition number="13" type="jump" coverage="0%" />
                  </conditions>
                </line>
                <line number="486" hits="0" branch="False" />
                <line number="487" hits="0" branch="True" condition-coverage="0% (0/2)">
                  <conditions>
                    <condition number="25" type="jump" coverage="0%" />
                  </conditions>
                </line>
                <line number="488" hits="0" branch="False" />
                <line number="489" hits="0" branch="False" />
                <line number="491" hits="0" branch="False" />
                <line number="492" hits="0" branch="False" />
                <line number="494" hits="0" branch="False" />
              </lines>
            </method>
            <method name="op_Inequality" signature="(SpreadsheetUtilities.Formula,SpreadsheetUtilities.Formula)" line-rate="0" branch-rate="0" complexity="2">
              <lines>
                <line number="501" hits="0" branch="False" />
                <line number="502" hits="0" branch="True" condition-coverage="0% (0/2)">
                  <conditions>
                    <condition number="13" type="jump" coverage="0%" />
                  </conditions>
                </line>
                <line number="503" hits="0" branch="False" />
                <line number="504" hits="0" branch="False" />
                <line number="507" hits="0" branch="False" />
                <line number="508" hits="0" branch="False" />
                <line number="510" hits="0" branch="False" />
              </lines>
            </method>
            <method name="GetHashCode" signature="()" line-rate="0" branch-rate="0" complexity="6">
              <lines>
                <line number="518" hits="0" branch="False" />
                <line number="520" hits="0" branch="False" />
                <line number="521" hits="0" branch="True" condition-coverage="0% (0/2)">
                  <conditions>
                    <condition number="131" type="jump" coverage="0%" />
                  </conditions>
                </line>
                <line number="522" hits="0" branch="False" />
                <line number="523" hits="0" branch="True" condition-coverage="0% (0/2)">
                  <conditions>
                    <condition number="33" type="jump" coverage="0%" />
                  </conditions>
                </line>
                <line number="524" hits="0" branch="False" />
                <line number="526" hits="0" branch="False" />
                <line number="528" hits="0" branch="False" />
                <line number="530" hits="0" branch="True" condition-coverage="0% (0/2)">
                  <conditions>
                    <condition number="74" type="jump" coverage="0%" />
                  </conditions>
                </line>
                <line number="531" hits="0" branch="False" />
                <line number="532" hits="0" branch="False" />
                <line number="533" hits="0" branch="False" />
                <line number="534" hits="0" branch="False" />
                <line number="537" hits="0" branch="False" />
                <line number="538" hits="0" branch="False" />
              </lines>
            </method>
            <method name="pValueStackTwiceAndPopOpStack" signature="(System.Collections.Generic.Stack`1&lt;System.Double&gt;,System.Collections.Generic.Stack`1&lt;System.String&gt;)" line-rate="0.6363" branch-rate="0.4" complexity="10">
              <lines>
                <line number="543" hits="3090" branch="False" />
                <line number="545" hits="3090" branch="False" />
                <line number="546" hits="3090" branch="False" />
                <line number="547" hits="3086" branch="False" />
                <line number="548" hits="3086" branch="False" />
                <line number="550" hits="3086" branch="True" condition-coverage="100% (2/2)">
                  <conditions>
                    <condition number="46" type="jump" coverage="100%" />
                  </conditions>
                </line>
                <line number="551" hits="3083" branch="False" />
                <line number="552" hits="3" branch="True" condition-coverage="50% (1/2)">
                  <conditions>
                    <condition number="78" type="jump" coverage="50%" />
                  </conditions>
                </line>
                <line number="553" hits="3" branch="False" />
                <line number="554" hits="0" branch="True" condition-coverage="0% (0/2)">
                  <conditions>
                    <condition number="107" type="jump" coverage="0%" />
                  </conditions>
                </line>
                <line number="555" hits="0" branch="False" />
                <line number="556" hits="0" branch="True" condition-coverage="50% (1/2)">
                  <conditions>
                    <condition number="136" type="jump" coverage="50%" />
                  </conditions>
                </line>
                <line number="557" hits="0" branch="False" />
                <line number="558" hits="0" branch="True" condition-coverage="0% (0/2)">
                  <conditions>
                    <condition number="158" type="jump" coverage="0%" />
                  </conditions>
                </line>
                <line number="559" hits="0" branch="False" />
                <line number="561" hits="0" branch="False" />
                <line number="562" hits="0" branch="False" />
                <line number="563" hits="3086" branch="False" />
                <line number="566" hits="4" branch="False" />
                <line number="567" hits="4" branch="False" />
                <line number="568" hits="4" branch="False" />
                <line number="571" hits="3090" branch="False" />
              </lines>
            </method>
            <method name="floatingCalculation" signature="(System.String,System.Collections.Generic.Stack`1&lt;System.Double&gt;,System.Collections.Generic.Stack`1&lt;System.String&gt;)" line-rate="1" branch-rate="1" complexity="10">
              <lines>
                <line number="579" hits="6280" branch="False" />
                <line number="580" hits="6280" branch="True" condition-coverage="100% (4/4)">
                  <conditions>
                    <condition number="12" type="jump" coverage="100%" />
                    <condition number="30" type="jump" coverage="100%" />
                  </conditions>
                </line>
                <line number="581" hits="28" branch="False" />
                <line number="582" hits="28" branch="False" />
                <line number="583" hits="28" branch="False" />
                <line number="585" hits="28" branch="True" condition-coverage="100% (2/2)">
                  <conditions>
                    <condition number="68" type="jump" coverage="100%" />
                  </conditions>
                </line>
                <line number="586" hits="9" branch="False" />
                <line number="587" hits="9" branch="False" />
                <line number="588" hits="9" branch="False" />
                <line number="589" hits="9" branch="False" />
                <line number="590" hits="9" branch="False" />
                <line number="591" hits="19" branch="True" condition-coverage="100% (2/2)">
                  <conditions>
                    <condition number="110" type="jump" coverage="100%" />
                  </conditions>
                </line>
                <line number="592" hits="19" branch="False" />
                <line number="593" hits="19" branch="False" />
                <line number="594" hits="19" branch="True" condition-coverage="100% (2/2)">
                  <conditions>
                    <condition number="139" type="jump" coverage="100%" />
                  </conditions>
                </line>
                <line number="595" hits="9" branch="False" />
                <line number="596" hits="9" branch="False" />
                <line number="597" hits="9" branch="False" />
                <line number="598" hits="9" branch="False" />
                <line number="600" hits="10" branch="False" />
                <line number="601" hits="10" branch="False" />
                <line number="604" hits="9" branch="False" />
                <line number="605" hits="18" branch="False" />
                <line number="608" hits="6252" branch="False" />
                <line number="609" hits="6252" branch="False" />
                <line number="610" hits="6252" branch="False" />
                <line number="613" hits="6280" branch="False" />
              </lines>
            </method>
            <method name="isVar" signature="(System.String)" line-rate="1" branch-rate="1" complexity="2">
              <lines>
                <line number="620" hits="964792" branch="False" />
                <line number="621" hits="964792" branch="False" />
                <line number="622" hits="964792" branch="True" condition-coverage="100% (2/2)">
                  <conditions>
                    <condition number="19" type="jump" coverage="100%" />
                  </conditions>
                </line>
                <line number="623" hits="216726" branch="False" />
                <line number="624" hits="216726" branch="False" />
                <line number="627" hits="748066" branch="False" />
                <line number="628" hits="748066" branch="False" />
                <line number="631" hits="964792" branch="False" />
              </lines>
            </method>
            <method name=".ctor" signature="(System.String)" line-rate="1" branch-rate="1" complexity="1">
              <lines>
                <line number="57" hits="736287" branch="False" />
                <line number="58" hits="105204" branch="False" />
                <line number="59" hits="105204" branch="False" />
              </lines>
            </method>
            <method name=".ctor" signature="(System.String,System.Func`2&lt;System.String,System.String&gt;,System.Func`2&lt;System.String,System.Boolean&gt;)" line-rate="0.6093" branch-rate="0.7045" complexity="44">
              <lines>
                <line number="152" hits="106298" branch="False" />
                <line number="153" hits="106298" branch="False" />
                <line number="155" hits="106298" branch="True" condition-coverage="50% (1/2)">
                  <conditions>
                    <condition number="16" type="jump" coverage="50%" />
                  </conditions>
                </line>
                <line number="156" hits="0" branch="False" />
                <line number="157" hits="0" branch="False" />
                <line number="159" hits="106298" branch="False" />
                <line number="161" hits="106298" branch="False" />
                <line number="162" hits="106298" branch="False" />
                <line number="163" hits="106298" branch="False" />
                <line number="164" hits="106298" branch="False" />
                <line number="166" hits="106298" branch="True" condition-coverage="50% (1/2)">
                  <conditions>
                    <condition number="88" type="jump" coverage="50%" />
                  </conditions>
                </line>
                <line number="167" hits="0" branch="False" />
                <line number="168" hits="0" branch="False" />
                <line number="171" hits="106298" branch="True" condition-coverage="50% (1/2)">
                  <conditions>
                    <condition number="138" type="jump" coverage="50%" />
                  </conditions>
                </line>
                <line number="172" hits="0" branch="False" />
                <line number="173" hits="0" branch="False" />
                <line number="175" hits="850174" branch="True" condition-coverage="100% (2/2)">
                  <conditions>
                    <condition number="716" type="jump" coverage="100%" />
                  </conditions>
                </line>
                <line number="176" hits="318790" branch="False" />
                <line number="177" hits="318790" branch="False" />
                <line number="180" hits="318790" branch="True" condition-coverage="50% (1/2)">
                  <conditions>
                    <condition number="192" type="jump" coverage="50%" />
                  </conditions>
                </line>
                <line number="181" hits="0" branch="False" />
                <line number="182" hits="0" branch="False" />
                <line number="183" hits="0" branch="False" />
                <line number="184" hits="0" branch="False" />
                <line number="186" hits="318790" branch="True" condition-coverage="50% (1/2)">
                  <conditions>
                    <condition number="225" type="jump" coverage="50%" />
                  </conditions>
                </line>
                <line number="187" hits="0" branch="False" />
                <line number="188" hits="0" branch="True" condition-coverage="0% (0/2)">
                  <conditions>
                    <condition number="241" type="jump" coverage="0%" />
                  </conditions>
                </line>
                <line number="189" hits="0" branch="False" />
                <line number="190" hits="0" branch="False" />
                <line number="191" hits="0" branch="False" />
                <line number="192" hits="0" branch="False" />
                <line number="194" hits="0" branch="False" />
                <line number="195" hits="0" branch="False" />
                <line number="197" hits="0" branch="False" />
                <line number="199" hits="318790" branch="True" condition-coverage="100% (2/2)">
                  <conditions>
                    <condition number="292" type="jump" coverage="100%" />
                  </conditions>
                </line>
                <line number="200" hits="212493" branch="False" />
                <line number="201" hits="212493" branch="True" condition-coverage="75% (3/4)">
                  <conditions>
                    <condition number="317" type="jump" coverage="50%" />
                    <condition number="345" type="jump" coverage="100%" />
                  </conditions>
                </line>
                <line number="202" hits="106246" branch="False" />
                <line number="203" hits="106246" branch="True" condition-coverage="66.66% (4/6)">
                  <conditions>
                    <condition number="369" type="jump" coverage="100%" />
                    <condition number="391" type="jump" coverage="50%" />
                    <condition number="424" type="jump" coverage="50%" />
                  </conditions>
                </line>
                <line number="204" hits="0" branch="False" />
                <line number="205" hits="0" branch="False" />
                <line number="207" hits="106246" branch="False" />
                <line number="208" hits="212493" branch="False" />
                <line number="210" hits="318790" branch="True" condition-coverage="100% (2/2)">
                  <conditions>
                    <condition number="461" type="jump" coverage="100%" />
                  </conditions>
                </line>
                <line number="211" hits="212493" branch="False" />
                <line number="212" hits="212493" branch="True" condition-coverage="100% (6/6)">
                  <conditions>
                    <condition number="486" type="jump" coverage="100%" />
                    <condition number="506" type="jump" coverage="100%" />
                    <condition number="534" type="jump" coverage="100%" />
                  </conditions>
                </line>
                <line number="213" hits="106247" branch="False" />
                <line number="214" hits="106247" branch="True" condition-coverage="50% (2/4)">
                  <conditions>
                    <condition number="558" type="jump" coverage="50%" />
                    <condition number="591" type="jump" coverage="50%" />
                  </conditions>
                </line>
                <line number="215" hits="0" branch="False" />
                <line number="216" hits="0" branch="False" />
                <line number="218" hits="106247" branch="False" />
                <line number="219" hits="212493" branch="False" />
                <line number="220" hits="318790" branch="True" condition-coverage="100% (2/2)">
                  <conditions>
                    <condition number="618" type="jump" coverage="100%" />
                  </conditions>
                </line>
                <line number="221" hits="212527" branch="False" />
                <line number="223" hits="212527" branch="True" condition-coverage="100% (2/2)">
                  <conditions>
                    <condition number="642" type="jump" coverage="100%" />
                  </conditions>
                </line>
                <line number="224" hits="1" branch="False" />
                <line number="225" hits="1" branch="False" />
                <line number="227" hits="212526" branch="False" />
                <line number="228" hits="212526" branch="False" />
                <line number="231" hits="318789" branch="False" />
                <line number="232" hits="106297" branch="True" condition-coverage="50% (1/2)">
                  <conditions>
                    <condition number="732" type="jump" coverage="50%" />
                  </conditions>
                </line>
                <line number="233" hits="0" branch="False" />
                <line number="234" hits="0" branch="False" />
                <line number="237" hits="106297" branch="False" />
              </lines>
            </method>
          </methods>
          <lines>
            <line number="66" hits="212493" branch="False" />
            <line number="67" hits="212493" branch="False" />
            <line number="68" hits="212493" branch="True" condition-coverage="50% (1/2)">
              <conditions>
                <condition number="19" type="jump" coverage="50%" />
              </conditions>
            </line>
            <line number="69" hits="212493" branch="False" />
            <line number="70" hits="212493" branch="False" />
            <line number="73" hits="0" branch="False" />
            <line number="74" hits="0" branch="False" />
            <line number="76" hits="212493" branch="False" />
            <line number="83" hits="106246" branch="False" />
            <line number="84" hits="106246" branch="False" />
            <line number="85" hits="106246" branch="True" condition-coverage="50% (1/2)">
              <conditions>
                <condition number="19" type="jump" coverage="50%" />
              </conditions>
            </line>
            <line number="86" hits="106246" branch="False" />
            <line number="87" hits="106246" branch="False" />
            <line number="90" hits="0" branch="False" />
            <line number="91" hits="0" branch="False" />
            <line number="93" hits="106246" branch="False" />
            <line number="101" hits="318740" branch="False" />
            <line number="102" hits="318740" branch="True" condition-coverage="100% (8/8)">
              <conditions>
                <condition number="12" type="jump" coverage="100%" />
                <condition number="25" type="jump" coverage="100%" />
                <condition number="38" type="jump" coverage="100%" />
                <condition number="56" type="jump" coverage="100%" />
              </conditions>
            </line>
            <line number="103" hits="212493" branch="False" />
            <line number="104" hits="212493" branch="False" />
            <line number="107" hits="106247" branch="False" />
            <line number="108" hits="106247" branch="False" />
            <line number="110" hits="318740" branch="False" />
            <line number="117" hits="318739" branch="False" />
            <line number="119" hits="318739" branch="True" condition-coverage="100% (2/2)">
              <conditions>
                <condition number="14" type="jump" coverage="100%" />
              </conditions>
            </line>
            <line number="120" hits="318726" branch="False" />
            <line number="121" hits="318726" branch="False" />
            <line number="124" hits="13" branch="False" />
            <line number="125" hits="13" branch="False" />
            <line number="127" hits="318739" branch="False" />
            <line number="246" hits="106298" branch="False" />
            <line number="247" hits="106298" branch="True" condition-coverage="66.66% (4/6)">
              <conditions>
                <condition number="9" type="jump" coverage="100%" />
                <condition number="17" type="jump" coverage="50%" />
                <condition number="35" type="jump" coverage="50%" />
              </conditions>
            </line>
            <line number="248" hits="106298" branch="False" />
            <line number="249" hits="106298" branch="False" />
            <line number="252" hits="0" branch="False" />
            <line number="253" hits="106298" branch="False" />
            <line number="260" hits="106298" branch="False" />
            <line number="262" hits="106298" branch="True" condition-coverage="66.66% (4/6)">
              <conditions>
                <condition number="9" type="jump" coverage="100%" />
                <condition number="17" type="jump" coverage="50%" />
                <condition number="35" type="jump" coverage="50%" />
              </conditions>
            </line>
            <line number="263" hits="106298" branch="False" />
            <line number="264" hits="106298" branch="False" />
            <line number="267" hits="0" branch="False" />
            <line number="268" hits="106298" branch="False" />
            <line number="292" hits="105204" branch="False" />
            <line number="293" hits="105204" branch="False" />
            <line number="294" hits="105204" branch="False" />
            <line number="295" hits="105204" branch="False" />
            <line number="300" hits="436510" branch="True" condition-coverage="100% (2/2)">
              <conditions>
                <condition number="622" type="jump" coverage="100%" />
              </conditions>
            </line>
            <line number="301" hits="111484" branch="False" />
            <line number="302" hits="111484" branch="True" condition-coverage="100% (2/2)">
              <conditions>
                <condition number="63" type="jump" coverage="100%" />
              </conditions>
            </line>
            <line number="303" hits="11" branch="False" />
            <line number="305" hits="11" branch="False" />
            <line number="306" hits="11" branch="True" condition-coverage="100% (2/2)">
              <conditions>
                <condition number="91" type="jump" coverage="100%" />
              </conditions>
            </line>
            <line number="307" hits="6" branch="False" />
            <line number="308" hits="6" branch="False" />
            <line number="312" hits="5" branch="False" />
            <line number="313" hits="111473" branch="True" condition-coverage="75% (3/4)">
              <conditions>
                <condition number="129" type="jump" coverage="50%" />
                <condition number="145" type="jump" coverage="100%" />
              </conditions>
            </line>
            <line number="314" hits="108333" branch="False" />
            <line number="316" hits="108333" branch="False" />
            <line number="317" hits="108333" branch="False" />
            <line number="318" hits="6269" branch="False" />
            <line number="319" hits="102064" branch="False" />
            <line number="320" hits="102064" branch="False" />
            <line number="321" hits="102064" branch="False" />
            <line number="324" hits="6269" branch="False" />
            <line number="325" hits="6269" branch="False" />
            <line number="326" hits="6269" branch="False" />
            <line number="329" hits="6269" branch="False" />
            <line number="331" hits="3140" branch="True" condition-coverage="100% (4/4)">
              <conditions>
                <condition number="242" type="jump" coverage="100%" />
                <condition number="263" type="jump" coverage="100%" />
              </conditions>
            </line>
            <line number="332" hits="3111" branch="False" />
            <line number="333" hits="3111" branch="True" condition-coverage="50% (2/4)">
              <conditions>
                <condition number="277" type="jump" coverage="50%" />
                <condition number="297" type="jump" coverage="50%" />
              </conditions>
            </line>
            <line number="334" hits="0" branch="False" />
            <line number="335" hits="0" branch="False" />
            <line number="336" hits="0" branch="False" />
            <line number="337" hits="3111" branch="False" />
            <line number="338" hits="3111" branch="False" />
            <line number="340" hits="29" branch="True" condition-coverage="75% (3/4)">
              <conditions>
                <condition number="336" type="jump" coverage="100%" />
                <condition number="357" type="jump" coverage="50%" />
              </conditions>
            </line>
            <line number="341" hits="29" branch="False" />
            <line number="343" hits="0" branch="True" condition-coverage="0% (0/2)">
              <conditions>
                <condition number="389" type="jump" coverage="0%" />
              </conditions>
            </line>
            <line number="344" hits="0" branch="False" />
            <line number="346" hits="0" branch="True" condition-coverage="0% (0/2)">
              <conditions>
                <condition number="421" type="jump" coverage="0%" />
              </conditions>
            </line>
            <line number="347" hits="0" branch="False" />
            <line number="348" hits="0" branch="True" condition-coverage="0% (0/4)">
              <conditions>
                <condition number="438" type="jump" coverage="0%" />
                <condition number="458" type="jump" coverage="0%" />
              </conditions>
            </line>
            <line number="349" hits="0" branch="False" />
            <line number="350" hits="0" branch="True" condition-coverage="0% (0/2)">
              <conditions>
                <condition number="483" type="jump" coverage="0%" />
              </conditions>
            </line>
            <line number="351" hits="0" branch="False" />
            <line number="353" hits="0" branch="True" condition-coverage="0% (0/4)">
              <conditions>
                <condition number="503" type="jump" coverage="0%" />
                <condition number="523" type="jump" coverage="0%" />
              </conditions>
            </line>
            <line number="354" hits="0" branch="True" condition-coverage="0% (0/2)">
              <conditions>
                <condition number="544" type="jump" coverage="0%" />
              </conditions>
            </line>
            <line number="355" hits="0" branch="False" />
            <line number="356" hits="0" branch="False" />
            <line number="359" hits="0" branch="False" />
            <line number="360" hits="0" branch="True" condition-coverage="50% (2/4)">
              <conditions>
                <condition number="584" type="jump" coverage="0%" />
                <condition number="605" type="jump" coverage="100%" />
              </conditions>
            </line>
            <line number="361" hits="0" branch="False" />
            <line number="362" hits="9414" branch="False" />
            <line number="364" hits="3134" branch="True" condition-coverage="100% (4/4)">
              <conditions>
                <condition number="633" type="jump" coverage="100%" />
                <condition number="651" type="jump" coverage="100%" />
              </conditions>
            </line>
            <line number="365" hits="44" branch="False" />
            <line number="366" hits="44" branch="False" />
            <line number="368" hits="44" branch="False" />
            <line number="373" hits="3090" branch="False" />
            <line number="374" hits="3090" branch="False" />
            <line number="375" hits="3090" branch="False" />
            <line number="377" hits="3086" branch="False" />
            <line number="381" hits="105200" branch="False" />
            <line number="395" hits="1086" branch="False" />
            <line number="396" hits="1086" branch="False" />
            <line number="397" hits="8628" branch="True" condition-coverage="100% (2/2)">
              <conditions>
                <condition number="75" type="jump" coverage="100%" />
              </conditions>
            </line>
            <line number="398" hits="3228" branch="False" />
            <line number="399" hits="3228" branch="True" condition-coverage="100% (2/2)">
              <conditions>
                <condition number="31" type="jump" coverage="100%" />
              </conditions>
            </line>
            <line number="400" hits="2151" branch="False" />
            <line number="401" hits="2151" branch="False" />
            <line number="402" hits="2151" branch="False" />
            <line number="403" hits="3228" branch="False" />
            <line number="404" hits="1086" branch="False" />
            <line number="405" hits="1086" branch="False" />
            <line number="418" hits="105211" branch="False" />
            <line number="419" hits="105211" branch="False" />
            <line number="420" hits="946755" branch="True" condition-coverage="100% (2/2)">
              <conditions>
                <condition number="47" type="jump" coverage="100%" />
              </conditions>
            </line>
            <line number="421" hits="315561" branch="False" />
            <line number="422" hits="315561" branch="False" />
            <line number="423" hits="315561" branch="False" />
            <line number="424" hits="105211" branch="False" />
            <line number="425" hits="105211" branch="False" />
            <line number="448" hits="0" branch="False" />
            <line number="449" hits="0" branch="True" condition-coverage="0% (0/4)">
              <conditions>
                <condition number="2" type="jump" coverage="0%" />
                <condition number="21" type="jump" coverage="0%" />
              </conditions>
            </line>
            <line number="450" hits="0" branch="False" />
            <line number="451" hits="0" branch="False" />
            <line number="454" hits="0" branch="False" />
            <line number="455" hits="0" branch="True" condition-coverage="0% (0/2)">
              <conditions>
                <condition number="67" type="jump" coverage="0%" />
              </conditions>
            </line>
            <line number="456" hits="0" branch="False" />
            <line number="457" hits="0" branch="False" />
            <line number="460" hits="0" branch="False" />
            <line number="462" hits="0" branch="True" condition-coverage="0% (0/2)">
              <conditions>
                <condition number="254" type="jump" coverage="0%" />
              </conditions>
            </line>
            <line number="463" hits="0" branch="False" />
            <line number="464" hits="0" branch="True" condition-coverage="0% (0/4)">
              <conditions>
                <condition number="107" type="jump" coverage="0%" />
                <condition number="136" type="jump" coverage="0%" />
              </conditions>
            </line>
            <line number="465" hits="0" branch="False" />
            <line number="466" hits="0" branch="True" condition-coverage="0% (0/2)">
              <conditions>
                <condition number="152" type="jump" coverage="0%" />
              </conditions>
            </line>
            <line number="467" hits="0" branch="False" />
            <line number="468" hits="0" branch="False" />
            <line number="470" hits="0" branch="False" />
            <line number="472" hits="0" branch="True" condition-coverage="0% (0/2)">
              <conditions>
                <condition number="222" type="jump" coverage="0%" />
              </conditions>
            </line>
            <line number="473" hits="0" branch="False" />
            <line number="474" hits="0" branch="False" />
            <line number="475" hits="0" branch="False" />
            <line number="476" hits="0" branch="False" />
            <line number="477" hits="0" branch="False" />
            <line number="484" hits="0" branch="False" />
            <line number="485" hits="0" branch="True" condition-coverage="0% (0/4)">
              <conditions>
                <condition number="2" type="jump" coverage="0%" />
                <condition number="13" type="jump" coverage="0%" />
              </conditions>
            </line>
            <line number="486" hits="0" branch="False" />
            <line number="487" hits="0" branch="True" condition-coverage="0% (0/2)">
              <conditions>
                <condition number="25" type="jump" coverage="0%" />
              </conditions>
            </line>
            <line number="488" hits="0" branch="False" />
            <line number="489" hits="0" branch="False" />
            <line number="491" hits="0" branch="False" />
            <line number="492" hits="0" branch="False" />
            <line number="494" hits="0" branch="False" />
            <line number="501" hits="0" branch="False" />
            <line number="502" hits="0" branch="True" condition-coverage="0% (0/2)">
              <conditions>
                <condition number="13" type="jump" coverage="0%" />
              </conditions>
            </line>
            <line number="503" hits="0" branch="False" />
            <line number="504" hits="0" branch="False" />
            <line number="507" hits="0" branch="False" />
            <line number="508" hits="0" branch="False" />
            <line number="510" hits="0" branch="False" />
            <line number="518" hits="0" branch="False" />
[...]
            <line number="217" hits="2" branch="False" />
            <line number="222" hits="1" branch="False" />
            <line number="223" hits="1" branch="False" />
            <line number="224" hits="1" branch="False" />
            <line number="225" hits="1" branch="False" />
            <line number="228" hits="2" branch="False" />
            <line number="229" hits="2" branch="False" />
            <line number="230" hits="2" branch="False" />
            <line number="231" hits="2" branch="False" />
            <line number="232" hits="2" branch="False" />
            <line number="239" hits="1" branch="False" />
            <line number="240" hits="1" branch="False" />
            <line number="241" hits="1" branch="False" />
            <line number="242" hits="1" branch="False" />
            <line number="245" hits="1" branch="False" />
            <line number="246" hits="1" branch="False" />
            <line number="247" hits="1" branch="False" />
            <line number="248" hits="1" branch="False" />
            <line number="249" hits="1" branch="False" />
            <line number="255" hits="1" branch="False" />
            <line number="256" hits="1" branch="False" />
            <line number="257" hits="1" branch="False" />
            <line number="258" hits="1" branch="False" />
            <line number="261" hits="2" branch="False" />
            <line number="262" hits="2" branch="False" />
            <line number="263" hits="2" branch="False" />
            <line number="264" hits="2" branch="False" />
            <line number="265" hits="2" branch="False" />
            <line number="266" hits="2" branch="False" />
            <line number="272" hits="1" branch="False" />
            <line number="273" hits="1" branch="False" />
            <line number="274" hits="1" branch="False" />
            <line number="275" hits="1" branch="False" />
            <line number="278" hits="2" branch="False" />
            <line number="279" hits="2" branch="False" />
            <line number="280" hits="2" branch="False" />
            <line number="281" hits="2" branch="False" />
            <line number="282" hits="2" branch="False" />
            <line number="283" hits="2" branch="False" />
            <line number="284" hits="2" branch="False" />
            <line number="290" hits="1" branch="False" />
            <line number="291" hits="1" branch="False" />
            <line number="292" hits="1" branch="False" />
            <line number="293" hits="1" branch="False" />
            <line number="296" hits="2" branch="False" />
            <line number="297" hits="2" branch="False" />
            <line number="298" hits="2" branch="False" />
            <line number="299" hits="2" branch="False" />
            <line number="300" hits="2" branch="False" />
            <line number="306" hits="1" branch="False" />
            <line number="307" hits="1" branch="False" />
            <line number="308" hits="1" branch="False" />
            <line number="309" hits="1" branch="False" />
            <line number="312" hits="2" branch="False" />
            <line number="313" hits="2" branch="False" />
            <line number="314" hits="2" branch="False" />
            <line number="315" hits="2" branch="False" />
            <line number="322" hits="1" branch="False" />
            <line number="323" hits="1" branch="False" />
            <line number="324" hits="1" branch="False" />
            <line number="325" hits="1" branch="False" />
            <line number="326" hits="1" branch="False" />
            <line number="327" hits="1" branch="False" />
            <line number="328" hits="1" branch="False" />
            <line number="329" hits="1" branch="False" />
            <line number="330" hits="1" branch="False" />
            <line number="331" hits="1" branch="False" />
            <line number="332" hits="1" branch="False" />
            <line number="333" hits="1" branch="False" />
            <line number="334" hits="1" branch="False" />
            <line number="335" hits="1" branch="False" />
            <line number="336" hits="1" branch="False" />
            <line number="342" hits="3" branch="False" />
            <line number="343" hits="3" branch="False" />
            <line number="344" hits="3" branch="False" />
            <line number="345" hits="3" branch="False" />
            <line number="348" hits="3" branch="False" />
            <line number="349" hits="3" branch="False" />
            <line number="350" hits="3" branch="False" />
            <line number="351" hits="3" branch="False" />
            <line number="352" hits="3" branch="False" />
            <line number="353" hits="3" branch="False" />
            <line number="354" hits="3" branch="False" />
            <line number="355" hits="3" branch="False" />
            <line number="356" hits="3" branch="False" />
            <line number="361" hits="1" branch="False" />
            <line number="362" hits="1" branch="False" />
            <line number="363" hits="1" branch="False" />
            <line number="368" hits="1" branch="False" />
            <line number="369" hits="1" branch="False" />
            <line number="370" hits="1" branch="False" />
            <line number="377" hits="4" branch="False" />
            <line number="378" hits="4" branch="False" />
            <line number="379" hits="4" branch="False" />
            <line number="380" hits="4" branch="False" />
            <line number="381" hits="4" branch="False" />
            <line number="382" hits="4" branch="False" />
            <line number="383" hits="4" branch="False" />
            <line number="384" hits="4" branch="False" />
            <line number="389" hits="1" branch="False" />
            <line number="390" hits="1" branch="False" />
            <line number="391" hits="1" branch="False" />
            <line number="396" hits="1" branch="False" />
            <line number="397" hits="1" branch="False" />
            <line number="398" hits="1" branch="False" />
            <line number="403" hits="1" branch="False" />
            <line number="404" hits="1" branch="False" />
            <line number="405" hits="1" branch="False" />
            <line number="412" hits="1" branch="False" />
            <line number="413" hits="1" branch="False" />
            <line number="414" hits="1" branch="False" />
            <line number="415" hits="0" branch="False" />
            <line number="421" hits="1" branch="False" />
            <line number="422" hits="1" branch="False" />
            <line number="423" hits="0" branch="False" />
            <line number="428" hits="1" branch="False" />
            <line number="429" hits="1" branch="False" />
            <line number="430" hits="1" branch="False" />
            <line number="431" hits="1" branch="False" />
            <line number="432" hits="4" branch="False" />
            <line number="433" hits="1" branch="False" />
            <line number="434" hits="1" branch="False" />
            <line number="440" hits="1" branch="False" />
            <line number="441" hits="1" branch="False" />
            <line number="442" hits="1" branch="False" />
            <line number="443" hits="1" branch="False" />
            <line number="444" hits="1" branch="False" />
            <line number="445" hits="1" branch="False" />
            <line number="446" hits="1" branch="False" />
            <line number="447" hits="1" branch="False" />
            <line number="448" hits="1" branch="False" />
            <line number="449" hits="0" branch="False" />
            <line number="455" hits="1" branch="False" />
            <line number="456" hits="1" branch="False" />
            <line number="457" hits="1" branch="False" />
            <line number="458" hits="1" branch="False" />
            <line number="459" hits="0" branch="False" />
            <line number="465" hits="1" branch="False" />
            <line number="466" hits="1" branch="False" />
            <line number="467" hits="1" branch="False" />
            <line number="468" hits="1" branch="False" />
            <line number="469" hits="1" branch="False" />
            <line number="470" hits="1" branch="False" />
            <line number="471" hits="1" branch="False" />
            <line number="472" hits="1" branch="False" />
            <line number="473" hits="1" branch="False" />
            <line number="474" hits="1" branch="False" />
            <line number="475" hits="1" branch="False" />
            <line number="476" hits="1" branch="False" />
            <line number="478" hits="1" branch="False" />
            <line number="481" hits="18" branch="False" />
            <line number="482" hits="1" branch="False" />
            <line number="483" hits="1" branch="False" />
            <line number="488" hits="1" branch="False" />
            <line number="489" hits="1" branch="False" />
            <line number="490" hits="1" branch="False" />
            <line number="491" hits="1" branch="False" />
            <line number="492" hits="1" branch="False" />
            <line number="493" hits="1" branch="False" />
            <line number="494" hits="1" branch="False" />
            <line number="496" hits="1" branch="False" />
            <line number="498" hits="1" branch="False" />
            <line number="500" hits="1" branch="True" condition-coverage="100% (6/6)">
              <conditions>
                <condition number="114" type="jump" coverage="100%" />
                <condition number="226" type="jump" coverage="100%" />
                <condition number="298" type="jump" coverage="100%" />
              </conditions>
            </line>
            <line number="501" hits="1" branch="True" condition-coverage="100% (10/10)">
              <conditions>
                <condition number="386" type="jump" coverage="100%" />
                <condition number="498" type="jump" coverage="100%" />
                <condition number="570" type="jump" coverage="100%" />
                <condition number="641" type="jump" coverage="100%" />
                <condition number="712" type="jump" coverage="100%" />
              </conditions>
            </line>
            <line number="502" hits="1" branch="True" condition-coverage="100% (12/12)">
              <conditions>
                <condition number="810" type="jump" coverage="100%" />
                <condition number="936" type="jump" coverage="100%" />
                <condition number="1029" type="jump" coverage="100%" />
                <condition number="1101" type="jump" coverage="100%" />
                <condition number="1172" type="jump" coverage="100%" />
                <condition number="1243" type="jump" coverage="100%" />
              </conditions>
            </line>
            <line number="503" hits="1" branch="True" condition-coverage="100% (12/12)">
              <conditions>
                <condition number="1355" type="jump" coverage="100%" />
                <condition number="1481" type="jump" coverage="100%" />
                <condition number="1574" type="jump" coverage="100%" />
                <condition number="1646" type="jump" coverage="100%" />
                <condition number="1717" type="jump" coverage="100%" />
                <condition number="1788" type="jump" coverage="100%" />
              </conditions>
            </line>
            <line number="504" hits="1" branch="True" condition-coverage="100% (12/12)">
              <conditions>
                <condition number="1900" type="jump" coverage="100%" />
                <condition number="2012" type="jump" coverage="100%" />
                <condition number="2104" type="jump" coverage="100%" />
                <condition number="2176" type="jump" coverage="100%" />
                <condition number="2247" type="jump" coverage="100%" />
                <condition number="2318" type="jump" coverage="100%" />
              </conditions>
            </line>
            <line number="505" hits="1" branch="False" />
            <line number="512" hits="1" branch="False" />
            <line number="513" hits="1" branch="False" />
            <line number="514" hits="1" branch="False" />
            <line number="516" hits="3" branch="False" />
            <line number="517" hits="3" branch="False" />
            <line number="518" hits="3" branch="False" />
            <line number="519" hits="3" branch="False" />
            <line number="520" hits="3" branch="False" />
            <line number="521" hits="3" branch="False" />
            <line number="522" hits="3" branch="False" />
            <line number="523" hits="3" branch="False" />
            <line number="524" hits="3" branch="False" />
            <line number="525" hits="3" branch="False" />
            <line number="526" hits="3" branch="False" />
            <line number="527" hits="3" branch="False" />
            <line number="532" hits="1" branch="False" />
            <line number="533" hits="1" branch="False" />
            <line number="534" hits="1" branch="False" />
            <line number="536" hits="3" branch="False" />
            <line number="537" hits="3" branch="False" />
            <line number="538" hits="3" branch="False" />
            <line number="539" hits="3" branch="False" />
            <line number="540" hits="3" branch="False" />
            <line number="541" hits="3" branch="False" />
            <line number="542" hits="3" branch="False" />
            <line number="543" hits="3" branch="False" />
            <line number="548" hits="1" branch="False" />
            <line number="549" hits="1" branch="False" />
            <line number="550" hits="1" branch="False" />
            <line number="552" hits="3" branch="False" />
            <line number="553" hits="3" branch="False" />
            <line number="554" hits="3" branch="False" />
            <line number="555" hits="3" branch="False" />
            <line number="556" hits="3" branch="False" />
            <line number="557" hits="3" branch="False" />
            <line number="558" hits="3" branch="False" />
            <line number="559" hits="3" branch="False" />
            <line number="560" hits="3" branch="False" />
            <line number="561" hits="3" branch="False" />
            <line number="562" hits="3" branch="False" />
            <line number="563" hits="3" branch="False" />
            <line number="568" hits="2" branch="False" />
            <line number="569" hits="2" branch="False" />
            <line number="570" hits="2" branch="False" />
            <line number="571" hits="2" branch="False" />
            <line number="572" hits="2" branch="False" />
            <line number="573" hits="2" branch="False" />
            <line number="578" hits="1" branch="False" />
            <line number="579" hits="1" branch="False" />
            <line number="580" hits="1" branch="False" />
            <line number="586" hits="2" branch="False" />
            <line number="587" hits="2" branch="False" />
            <line number="588" hits="2" branch="False" />
            <line number="589" hits="2" branch="False" />
            <line number="592" hits="4" branch="False" />
            <line number="593" hits="4" branch="False" />
            <line number="594" hits="4" branch="False" />
            <line number="595" hits="4" branch="False" />
            <line number="596" hits="4" branch="False" />
            <line number="597" hits="4" branch="False" />
            <line number="598" hits="4" branch="False" />
            <line number="599" hits="4" branch="False" />
            <line number="600" hits="4" branch="False" />
            <line number="601" hits="4" branch="False" />
            <line number="602" hits="4" branch="False" />
            <line number="603" hits="4" branch="False" />
            <line number="604" hits="4" branch="False" />
            <line number="605" hits="4" branch="False" />
            <line number="610" hits="1" branch="False" />
            <line number="611" hits="1" branch="False" />
            <line number="612" hits="1" branch="False" />
            <line number="618" hits="2" branch="False" />
            <line number="619" hits="2" branch="False" />
            <line number="620" hits="2" branch="False" />
            <line number="621" hits="2" branch="False" />
            <line number="622" hits="94" branch="False" />
            <line number="623" hits="2" branch="False" />
            <line number="624" hits="2" branch="False" />
            <line number="629" hits="1" branch="False" />
            <line number="630" hits="1" branch="False" />
            <line number="631" hits="1" branch="False" />
            <line number="641" hits="1" branch="False" />
            <line number="642" hits="1" branch="False" />
            <line number="643" hits="1" branch="False" />
            <line number="644" hits="1" branch="False" />
            <line number="645" hits="1" branch="False" />
            <line number="650" hits="1" branch="False" />
            <line number="651" hits="1" branch="False" />
            <line number="652" hits="1" branch="False" />
            <line number="653" hits="1" branch="False" />
            <line number="654" hits="1" branch="False" />
            <line number="659" hits="1" branch="False" />
            <line number="660" hits="1" branch="False" />
            <line number="661" hits="1" branch="False" />
            <line number="662" hits="1" branch="False" />
            <line number="663" hits="1" branch="False" />
            <line number="668" hits="1" branch="False" />
            <line number="669" hits="1" branch="False" />
            <line number="670" hits="1" branch="False" />
            <line number="671" hits="1" branch="False" />
            <line number="672" hits="1" branch="False" />
            <line number="677" hits="1" branch="False" />
            <line number="678" hits="1" branch="False" />
            <line number="679" hits="1" branch="False" />
            <line number="680" hits="1" branch="False" />
            <line number="681" hits="1" branch="False" />
            <line number="684" hits="5" branch="False" />
            <line number="686" hits="5" branch="False" />
            <line number="687" hits="5" branch="False" />
            <line number="688" hits="5" branch="False" />
            <line number="690" hits="5" branch="False" />
            <line number="691" hits="1010" branch="True" condition-coverage="100% (2/2)">
              <conditions>
                <condition number="180" type="jump" coverage="100%" />
              </conditions>
            </line>
            <line number="692" hits="500" branch="False" />
            <line number="693" hits="500" branch="False" />
            <line number="694" hits="500" branch="False" />
            <line number="695" hits="500" branch="False" />
            <line number="696" hits="5" branch="False" />
            <line number="697" hits="5" branch="False" />
            <line number="698" hits="5" branch="False" />
            <line number="699" hits="5" branch="False" />
            <line number="700" hits="5" branch="False" />
            <line number="701" hits="5" branch="False" />
            <line number="702" hits="5" branch="False" />
            <line number="703" hits="5" branch="False" />
            <line number="704" hits="5" branch="False" />
            <line number="705" hits="0" branch="False" />
            <line number="706" hits="0" branch="False" />
            <line number="707" hits="0" branch="False" />
            <line number="708" hits="0" branch="False" />
            <line number="709" hits="5" branch="False" />
          </lines>
        </class>
      </classes>
    </package>
  </packages>
</coverage>