<?xml version="1.0" encoding="utf-8"?>
<!DOCTYPE coverage SYSTEM "http://cobertura.sourceforge.net/xml/coverage-04.dtd">
<coverage line-rate="0.9" branch-rate="0.905555555555556" lines-covered="450" lines-valid="500" branches-covered="163" branches-valid="180" complexity="230" version="0" timestamp="1664580731">
  <sources>
    <source>C:\Users\cqy15\</source>
  </sources>
  <packages>
    <package name="Formula" line-rate="0.90519877675841" branch-rate="0.905555555555556" complexity="184">
      <classes>
        <class name="SpreadsheetUtilities.Formula" filename="C:\Users\cqy15\source\repos\spreadsheet-Joeic\Spreadsheet\Formula\Formula.cs" line-rate="0.901898734177215" branch-rate="0.904494382022472" complexity="179">
          <methods>
            <method name="checkLeftPara" signature="(...)" line-rate="1" branch-rate="1" complexity="2">
              <lines>
                <line number="66" hits="122" branch="false" />
                <line number="67" hits="122" branch="false" />
                <line number="68" hits="122" branch="true" condition-coverage="100% (2/2)" />
                <line number="69" hits="108" branch="false" />
                <line number="70" hits="108" branch="false" />
                <line number="73" hits="14" branch="false" />
                <line number="74" hits="14" branch="false" />
                <line number="76" hits="122" branch="false" />
              </lines>
            </method>
            <method name="checkRightPara" signature="(...)" line-rate="1" branch-rate="1" complexity="2">
              <lines>
                <line number="83" hits="61" branch="false" />
                <line number="84" hits="61" branch="false" />
                <line number="85" hits="61" branch="true" condition-coverage="100% (2/2)" />
                <line number="86" hits="57" branch="false" />
                <line number="87" hits="57" branch="false" />
                <line number="90" hits="4" branch="false" />
                <line number="91" hits="4" branch="false" />
                <line number="93" hits="61" branch="false" />
              </lines>
            </method>
            <method name="checkOperator" signature="(...)" line-rate="1" branch-rate="1" complexity="8">
              <lines>
                <line number="101" hits="162" branch="false" />
                <line number="102" hits="162" branch="true" condition-coverage="100% (8/8)" />
                <line number="103" hits="101" branch="false" />
                <line number="104" hits="101" branch="false" />
                <line number="107" hits="61" branch="false" />
                <line number="108" hits="61" branch="false" />
                <line number="110" hits="162" branch="false" />
              </lines>
            </method>
            <method name="checkNum" signature="(...)" line-rate="1" branch-rate="1" complexity="2">
              <lines>
                <line number="117" hits="170" branch="false" />
                <line number="119" hits="170" branch="true" condition-coverage="100% (2/2)" />
                <line number="120" hits="113" branch="false" />
                <line number="121" hits="113" branch="false" />
                <line number="124" hits="57" branch="false" />
                <line number="125" hits="57" branch="false" />
                <line number="127" hits="170" branch="false" />
              </lines>
            </method>
            <method name="endingTokenRule" signature="(...)" line-rate="1" branch-rate="1" complexity="6">
              <lines>
                <line number="246" hits="47" branch="false" />
                <line number="247" hits="47" branch="true" condition-coverage="100% (6/6)" />
                <line number="248" hits="40" branch="false" />
                <line number="249" hits="40" branch="false" />
                <line number="252" hits="7" branch="false" />
                <line number="253" hits="47" branch="false" />
              </lines>
            </method>
            <method name="startingTokenRule" signature="(...)" line-rate="1" branch-rate="1" complexity="6">
              <lines>
                <line number="260" hits="52" branch="false" />
                <line number="262" hits="52" branch="true" condition-coverage="100% (6/6)" />
                <line number="263" hits="47" branch="false" />
                <line number="264" hits="47" branch="false" />
                <line number="267" hits="5" branch="false" />
                <line number="268" hits="52" branch="false" />
              </lines>
            </method>
            <method name="Evaluate" signature="(...)" line-rate="0.916666666666667" branch-rate="0.869565217391304" complexity="46">
              <lines>
                <line number="292" hits="16" branch="false" />
                <line number="293" hits="16" branch="false" />
                <line number="294" hits="16" branch="false" />
                <line number="295" hits="16" branch="false" />
                <line number="300" hits="161" branch="true" condition-coverage="100% (2/2)" />
                <line number="301" hits="58" branch="false" />
                <line number="302" hits="58" branch="true" condition-coverage="100% (2/2)" />
                <line number="303" hits="26" branch="false" />
                <line number="305" hits="26" branch="false" />
                <line number="306" hits="26" branch="true" condition-coverage="100% (2/2)" />
                <line number="307" hits="1" branch="false" />
                <line number="308" hits="1" branch="false" />
                <line number="312" hits="25" branch="false" />
                <line number="313" hits="32" branch="true" condition-coverage="75% (3/4)" />
                <line number="314" hits="8" branch="false" />
                <line number="316" hits="8" branch="false" />
                <line number="317" hits="8" branch="false" />
                <line number="318" hits="7" branch="false" />
                <line number="319" hits="1" branch="false" />
                <line number="320" hits="1" branch="false" />
                <line number="321" hits="1" branch="false" />
                <line number="324" hits="7" branch="false" />
                <line number="325" hits="7" branch="false" />
                <line number="326" hits="7" branch="false" />
                <line number="329" hits="7" branch="false" />
                <line number="331" hits="24" branch="true" condition-coverage="100% (4/4)" />
                <line number="332" hits="9" branch="false" />
                <line number="333" hits="9" branch="true" condition-coverage="50% (2/4)" />
                <line number="334" hits="0" branch="false" />
                <line number="335" hits="0" branch="false" />
                <line number="336" hits="0" branch="false" />
                <line number="337" hits="9" branch="false" />
                <line number="338" hits="9" branch="false" />
                <line number="340" hits="15" branch="true" condition-coverage="100% (4/4)" />
                <line number="341" hits="9" branch="false" />
                <line number="343" hits="6" branch="true" condition-coverage="100% (2/2)" />
                <line number="344" hits="3" branch="false" />
                <line number="346" hits="3" branch="true" condition-coverage="50% (1/2)" />
                <line number="347" hits="3" branch="false" />
                <line number="348" hits="3" branch="true" condition-coverage="100% (4/4)" />
                <line number="349" hits="3" branch="false" />
                <line number="350" hits="3" branch="true" condition-coverage="100% (2/2)" />
                <line number="351" hits="3" branch="false" />
                <line number="353" hits="3" branch="true" condition-coverage="100% (4/4)" />
                <line number="354" hits="3" branch="true" condition-coverage="100% (2/2)" />
                <line number="355" hits="1" branch="false" />
                <line number="356" hits="1" branch="false" />
                <line number="359" hits="2" branch="false" />
                <line number="360" hits="0" branch="true" condition-coverage="50% (2/4)" />
                <line number="361" hits="0" branch="false" />
                <line number="362" hits="55" branch="false" />
                <line number="364" hits="13" branch="true" condition-coverage="100% (4/4)" />
                <line number="365" hits="8" branch="false" />
                <line number="366" hits="8" branch="false" />
                <line number="368" hits="8" branch="false" />
                <line number="373" hits="5" branch="false" />
                <line number="374" hits="5" branch="false" />
                <line number="375" hits="5" branch="false" />
                <line number="377" hits="5" branch="false" />
                <line number="381" hits="16" branch="false" />
              </lines>
            </method>
            <method name="GetVariables" signature="()" line-rate="1" branch-rate="1" complexity="4">
              <lines>
                <line number="395" hits="1" branch="false" />
                <line number="396" hits="1" branch="false" />
                <line number="397" hits="16" branch="true" condition-coverage="100% (2/2)" />
                <line number="398" hits="7" branch="false" />
                <line number="399" hits="7" branch="true" condition-coverage="100% (2/2)" />
                <line number="400" hits="2" branch="false" />
                <line number="401" hits="2" branch="false" />
                <line number="402" hits="2" branch="false" />
                <line number="403" hits="7" branch="false" />
                <line number="404" hits="1" branch="false" />
                <line number="405" hits="1" branch="false" />
              </lines>
            </method>
            <method name="ToString" signature="()" line-rate="0" branch-rate="0" complexity="2">
              <lines>
                <line number="418" hits="0" branch="false" />
                <line number="419" hits="0" branch="false" />
                <line number="420" hits="0" branch="true" condition-coverage="0% (0/2)" />
                <line number="421" hits="0" branch="false" />
                <line number="422" hits="0" branch="false" />
                <line number="423" hits="0" branch="false" />
                <line number="424" hits="0" branch="false" />
                <line number="425" hits="0" branch="false" />
              </lines>
            </method>
            <method name="Equals" signature="(...)" line-rate="0.739130434782609" branch-rate="0.75" complexity="16">
              <lines>
                <line number="448" hits="6" branch="false" />
                <line number="449" hits="6" branch="true" condition-coverage="50% (2/4)" />
                <line number="450" hits="0" branch="false" />
                <line number="451" hits="0" branch="false" />
                <line number="454" hits="6" branch="false" />
                <line number="455" hits="6" branch="true" condition-coverage="50% (1/2)" />
                <line number="456" hits="0" branch="false" />
                <line number="457" hits="0" branch="false" />
                <line number="460" hits="6" branch="false" />
                <line number="462" hits="52" branch="true" condition-coverage="100% (2/2)" />
                <line number="463" hits="22" branch="false" />
                <line number="464" hits="22" branch="true" condition-coverage="100% (4/4)" />
                <line number="465" hits="4" branch="false" />
                <line number="466" hits="4" branch="true" condition-coverage="50% (1/2)" />
                <line number="467" hits="0" branch="false" />
                <line number="468" hits="0" branch="false" />
                <line number="470" hits="4" branch="false" />
                <line number="472" hits="18" branch="true" condition-coverage="100% (2/2)" />
                <line number="473" hits="2" branch="false" />
                <line number="474" hits="20" branch="false" />
                <line number="475" hits="4" branch="false" />
                <line number="476" hits="4" branch="false" />
                <line number="477" hits="6" branch="false" />
              </lines>
            </method>
            <method name="op_Equality" signature="(...)" line-rate="1" branch-rate="0.833333333333333" complexity="6">
              <lines>
                <line number="484" hits="2" branch="false" />
                <line number="485" hits="2" branch="true" condition-coverage="75% (3/4)" />
                <line number="486" hits="2" branch="false" />
                <line number="487" hits="2" branch="true" condition-coverage="100% (2/2)" />
                <line number="488" hits="1" branch="false" />
                <line number="489" hits="1" branch="false" />
                <line number="491" hits="1" branch="false" />
                <line number="492" hits="1" branch="false" />
                <line number="494" hits="2" branch="false" />
              </lines>
            </method>
            <method name="op_Inequality" signature="(...)" line-rate="0.714285714285714" branch-rate="0.5" complexity="2">
              <lines>
                <line number="501" hits="1" branch="false" />
                <line number="502" hits="1" branch="true" condition-coverage="50% (1/2)" />
                <line number="503" hits="1" branch="false" />
                <line number="504" hits="1" branch="false" />
                <line number="507" hits="0" branch="false" />
                <line number="508" hits="0" branch="false" />
                <line number="510" hits="1" branch="false" />
              </lines>
            </method>
            <method name="GetHashCode" signature="()" line-rate="0.8" branch-rate="0.833333333333333" complexity="6">
              <lines>
                <line number="518" hits="4" branch="false" />
                <line number="520" hits="4" branch="false" />
                <line number="521" hits="36" branch="true" condition-coverage="100% (2/2)" />
                <line number="522" hits="14" branch="false" />
                <line number="523" hits="14" branch="true" condition-coverage="100% (2/2)" />
                <line number="524" hits="9" branch="false" />
                <line number="526" hits="9" branch="false" />
                <line number="528" hits="9" branch="false" />
                <line number="530" hits="5" branch="true" condition-coverage="50% (1/2)" />
                <line number="531" hits="0" branch="false" />
                <line number="532" hits="0" branch="false" />
                <line number="533" hits="0" branch="false" />
                <line number="534" hits="14" branch="false" />
                <line number="537" hits="4" branch="false" />
                <line number="538" hits="4" branch="false" />
              </lines>
            </method>
            <method name="pValueStackTwiceAndPopOpStack" signature="(...)" line-rate="0.772727272727273" branch-rate="0.9" complexity="10">
              <lines>
                <line number="543" hits="11" branch="false" />
                <line number="545" hits="11" branch="false" />
                <line number="546" hits="11" branch="false" />
                <line number="547" hits="11" branch="false" />
                <line number="548" hits="11" branch="false" />
                <line number="550" hits="11" branch="true" condition-coverage="100% (2/2)" />
                <line number="551" hits="3" branch="false" />
                <line number="552" hits="8" branch="true" condition-coverage="100% (2/2)" />
                <line number="553" hits="5" branch="false" />
                <line number="554" hits="3" branch="true" condition-coverage="100% (2/2)" />
                <line number="555" hits="2" branch="false" />
                <line number="556" hits="1" branch="true" condition-coverage="100% (2/2)" />
                <line number="557" hits="1" branch="false" />
                <line number="558" hits="1" branch="true" condition-coverage="50% (1/2)" />
                <line number="559" hits="0" branch="false" />
                <line number="561" hits="1" branch="false" />
                <line number="562" hits="0" branch="false" />
                <line number="563" hits="10" branch="false" />
                <line number="566" hits="0" branch="false" />
                <line number="567" hits="0" branch="false" />
                <line number="568" hits="0" branch="false" />
                <line number="571" hits="11" branch="false" />
              </lines>
            </method>
            <method name="floatingCalculation" signature="(...)" line-rate="1" branch-rate="1" complexity="10">
              <lines>
                <line number="579" hits="33" branch="false" />
                <line number="580" hits="33" branch="true" condition-coverage="100% (4/4)" />
                <line number="581" hits="6" branch="false" />
                <line number="582" hits="6" branch="false" />
                <line number="583" hits="6" branch="false" />
                <line number="585" hits="6" branch="true" condition-coverage="100% (2/2)" />
                <line number="586" hits="3" branch="false" />
                <line number="587" hits="3" branch="false" />
                <line number="588" hits="3" branch="false" />
                <line number="589" hits="3" branch="false" />
                <line number="590" hits="3" branch="false" />
                <line number="591" hits="3" branch="true" condition-coverage="100% (2/2)" />
                <line number="592" hits="3" branch="false" />
                <line number="593" hits="3" branch="false" />
                <line number="594" hits="3" branch="true" condition-coverage="100% (2/2)" />
                <line number="595" hits="2" branch="false" />
                <line number="596" hits="2" branch="false" />
                <line number="597" hits="2" branch="false" />
                <line number="598" hits="2" branch="false" />
                <line number="600" hits="1" branch="false" />
                <line number="601" hits="1" branch="false" />
                <line number="604" hits="2" branch="false" />
                <line number="605" hits="5" branch="false" />
                <line number="608" hits="27" branch="false" />
                <line number="609" hits="27" branch="false" />
                <line number="610" hits="27" branch="false" />
                <line number="613" hits="33" branch="false" />
              </lines>
            </method>
            <method name="isVar" signature="(...)" line-rate="1" branch-rate="1" complexity="2">
              <lines>
                <line number="620" hits="350" branch="false" />
                <line number="621" hits="350" branch="false" />
                <line number="622" hits="350" branch="true" condition-coverage="100% (2/2)" />
                <line number="623" hits="226" branch="false" />
                <line number="624" hits="226" branch="false" />
                <line number="627" hits="124" branch="false" />
                <line number="628" hits="124" branch="false" />
                <line number="631" hits="350" branch="false" />
              </lines>
            </method>
            <method name=".ctor" signature="(...)" line-rate="1" branch-rate="1" complexity="1">
              <lines>
                <line number="57" hits="196" branch="false" />
                <line number="58" hits="35" branch="false" />
                <line number="59" hits="35" branch="false" />
              </lines>
            </method>
            <method name=".ctor" signature="(...)" line-rate="0.96875" branch-rate="0.977272727272727" complexity="44">
              <lines>
                <line number="152" hits="53" branch="false" />
                <line number="153" hits="53" branch="false" />
                <line number="155" hits="53" branch="true" condition-coverage="100% (2/2)" />
                <line number="156" hits="1" branch="false" />
                <line number="157" hits="1" branch="false" />
                <line number="159" hits="52" branch="false" />
                <line number="161" hits="52" branch="false" />
                <line number="162" hits="52" branch="false" />
                <line number="163" hits="52" branch="false" />
                <line number="164" hits="52" branch="false" />
                <line number="166" hits="52" branch="true" condition-coverage="100% (2/2)" />
                <line number="167" hits="5" branch="false" />
                <line number="168" hits="5" branch="false" />
                <line number="171" hits="47" branch="true" condition-coverage="100% (2/2)" />
                <line number="172" hits="7" branch="false" />
                <line number="173" hits="7" branch="false" />
                <line number="175" hits="370" branch="true" condition-coverage="100% (2/2)" />
                <line number="176" hits="150" branch="false" />
                <line number="177" hits="150" branch="false" />
                <line number="180" hits="150" branch="true" condition-coverage="100% (2/2)" />
                <line number="181" hits="8" branch="false" />
                <line number="182" hits="8" branch="false" />
                <line number="183" hits="8" branch="false" />
                <line number="184" hits="8" branch="false" />
                <line number="186" hits="150" branch="true" condition-coverage="100% (2/2)" />
                <line number="187" hits="4" branch="false" />
                <line number="188" hits="4" branch="true" condition-coverage="100% (2/2)" />
                <line number="189" hits="3" branch="false" />
                <line number="190" hits="3" branch="false" />
                <line number="191" hits="3" branch="false" />
                <line number="192" hits="3" branch="false" />
                <line number="194" hits="1" branch="false" />
                <line number="195" hits="1" branch="false" />
                <line number="197" hits="3" branch="false" />
                <line number="199" hits="149" branch="true" condition-coverage="100% (2/2)" />
                <line number="200" hits="114" branch="false" />
                <line number="201" hits="114" branch="true" condition-coverage="100% (4/4)" />
                <line number="202" hits="58" branch="false" />
                <line number="203" hits="58" branch="true" condition-coverage="100% (6/6)" />
                <line number="204" hits="2" branch="false" />
                <line number="205" hits="2" branch="false" />
                <line number="207" hits="56" branch="false" />
                <line number="208" hits="112" branch="false" />
                <line number="210" hits="147" branch="true" condition-coverage="100% (2/2)" />
                <line number="211" hits="112" branch="false" />
                <line number="212" hits="112" branch="true" condition-coverage="100% (6/6)" />
                <line number="213" hits="56" branch="false" />
                <line number="214" hits="56" branch="true" condition-coverage="100% (4/4)" />
                <line number="215" hits="1" branch="false" />
                <line number="216" hits="1" branch="false" />
                <line number="218" hits="55" branch="false" />
                <line number="219" hits="111" branch="false" />
                <line number="220" hits="146" branch="true" condition-coverage="100% (2/2)" />
                <line number="221" hits="37" branch="false" />
                <line number="223" hits="37" branch="true" condition-coverage="100% (2/2)" />
                <line number="224" hits="1" branch="false" />
                <line number="225" hits="1" branch="false" />
                <line number="227" hits="36" branch="false" />
                <line number="228" hits="36" branch="false" />
                <line number="231" hits="145" branch="false" />
                <line number="232" hits="35" branch="true" condition-coverage="50% (1/2)" />
                <line number="233" hits="0" branch="false" />
                <line number="234" hits="0" branch="false" />
                <line number="237" hits="35" branch="false" />
              </lines>
            </method>
            <method name="GetTokens" signature="()" line-rate="1" branch-rate="1" complexity="4">
              <lines>
                <line number="640" hits="52" branch="false" />
                <line number="642" hits="52" branch="false" />
                <line number="643" hits="52" branch="false" />
                <line number="644" hits="52" branch="false" />
                <line number="645" hits="52" branch="false" />
                <line number="646" hits="52" branch="false" />
                <line number="647" hits="52" branch="false" />
                <line number="650" hits="52" branch="false" />
                <line number="651" hits="52" branch="false" />
                <line number="654" hits="1160" branch="true" condition-coverage="100% (2/2)" />
                <line number="655" hits="502" branch="false" />
                <line number="656" hits="502" branch="true" condition-coverage="100% (2/2)" />
                <line number="657" hits="213" branch="false" />
                <line number="658" hits="213" branch="false" />
                <line number="659" hits="213" branch="false" />
                <line number="660" hits="502" branch="false" />
                <line number="662" hits="52" branch="false" />
              </lines>
            </method>
          </methods>
          <lines>
            <line number="57" hits="196" branch="false" />
            <line number="58" hits="35" branch="false" />
            <line number="59" hits="35" branch="false" />
            <line number="66" hits="122" branch="false" />
            <line number="67" hits="122" branch="false" />
            <line number="68" hits="122" branch="true" condition-coverage="100% (2/2)" />
            <line number="69" hits="108" branch="false" />
            <line number="70" hits="108" branch="false" />
            <line number="73" hits="14" branch="false" />
            <line number="74" hits="14" branch="false" />
            <line number="76" hits="122" branch="false" />
            <line number="83" hits="61" branch="false" />
            <line number="84" hits="61" branch="false" />
            <line number="85" hits="61" branch="true" condition-coverage="100% (2/2)" />
            <line number="86" hits="57" branch="false" />
            <line number="87" hits="57" branch="false" />
            <line number="90" hits="4" branch="false" />
            <line number="91" hits="4" branch="false" />
            <line number="93" hits="61" branch="false" />
            <line number="101" hits="162" branch="false" />
            <line number="102" hits="162" branch="true" condition-coverage="100% (8/8)" />
            <line number="103" hits="101" branch="false" />
            <line number="104" hits="101" branch="false" />
            <line number="107" hits="61" branch="false" />
            <line number="108" hits="61" branch="false" />
            <line number="110" hits="162" branch="false" />
            <line number="117" hits="170" branch="false" />
            <line number="119" hits="170" branch="true" condition-coverage="100% (2/2)" />
            <line number="120" hits="113" branch="false" />
            <line number="121" hits="113" branch="false" />
            <line number="124" hits="57" branch="false" />
            <line number="125" hits="57" branch="false" />
            <line number="127" hits="170" branch="false" />
            <line number="152" hits="53" branch="false" />
            <line number="153" hits="53" branch="false" />
            <line number="155" hits="53" branch="true" condition-coverage="100% (2/2)" />
            <line number="156" hits="1" branch="false" />
            <line number="157" hits="1" branch="false" />
            <line number="159" hits="52" branch="false" />
            <line number="161" hits="52" branch="false" />
            <line number="162" hits="52" branch="false" />
            <line number="163" hits="52" branch="false" />
            <line number="164" hits="52" branch="false" />
            <line number="166" hits="52" branch="true" condition-coverage="100% (2/2)" />
            <line number="167" hits="5" branch="false" />
            <line number="168" hits="5" branch="false" />
            <line number="171" hits="47" branch="true" condition-coverage="100% (2/2)" />
            <line number="172" hits="7" branch="false" />
            <line number="173" hits="7" branch="false" />
            <line number="175" hits="370" branch="true" condition-coverage="100% (2/2)" />
            <line number="176" hits="150" branch="false" />
            <line number="177" hits="150" branch="false" />
            <line number="180" hits="150" branch="true" condition-coverage="100% (2/2)" />
            <line number="181" hits="8" branch="false" />
            <line number="182" hits="8" branch="false" />
            <line number="183" hits="8" branch="false" />
            <line number="184" hits="8" branch="false" />
            <line number="186" hits="150" branch="true" condition-coverage="100% (2/2)" />
            <line number="187" hits="4" branch="false" />
            <line number="188" hits="4" branch="true" condition-coverage="100% (2/2)" />
            <line number="189" hits="3" branch="false" />
            <line number="190" hits="3" branch="false" />
            <line number="191" hits="3" branch="false" />
            <line number="192" hits="3" branch="false" />
            <line number="194" hits="1" branch="false" />
            <line number="195" hits="1" branch="false" />
            <line number="197" hits="3" branch="false" />
            <line number="199" hits="149" branch="true" condition-coverage="100% (2/2)" />
            <line number="200" hits="114" branch="false" />
            <line number="201" hits="114" branch="true" condition-coverage="100% (4/4)" />
            <line number="202" hits="58" branch="false" />
            <line number="203" hits="58" branch="true" condition-coverage="100% (6/6)" />
            <line number="204" hits="2" branch="false" />
            <line number="205" hits="2" branch="false" />
            <line number="207" hits="56" branch="false" />
            <line number="208" hits="112" branch="false" />
            <line number="210" hits="147" branch="true" condition-coverage="100% (2/2)" />
            <line number="211" hits="112" branch="false" />
            <line number="212" hits="112" branch="true" condition-coverage="100% (6/6)" />
            <line number="213" hits="56" branch="false" />
            <line number="214" hits="56" branch="true" condition-coverage="100% (4/4)" />
            <line number="215" hits="1" branch="false" />
            <line number="216" hits="1" branch="false" />
            <line number="218" hits="55" branch="false" />
            <line number="219" hits="111" branch="false" />
            <line number="220" hits="146" branch="true" condition-coverage="100% (2/2)" />
            <line number="221" hits="37" branch="false" />
            <line number="223" hits="37" branch="true" condition-coverage="100% (2/2)" />
            <line number="224" hits="1" branch="false" />
            <line number="225" hits="1" branch="false" />
            <line number="227" hits="36" branch="false" />
            <line number="228" hits="36" branch="false" />
            <line number="231" hits="145" branch="false" />
            <line number="232" hits="35" branch="true" condition-coverage="50% (1/2)" />
            <line number="233" hits="0" branch="false" />
            <line number="234" hits="0" branch="false" />
            <line number="237" hits="35" branch="false" />
            <line number="246" hits="47" branch="false" />
            <line number="247" hits="47" branch="true" condition-coverage="100% (6/6)" />
            <line number="248" hits="40" branch="false" />
            <line number="249" hits="40" branch="false" />
            <line number="252" hits="7" branch="false" />
            <line number="253" hits="47" branch="false" />
            <line number="260" hits="52" branch="false" />
            <line number="262" hits="52" branch="true" condition-coverage="100% (6/6)" />
            <line number="263" hits="47" branch="false" />
            <line number="264" hits="47" branch="false" />
            <line number="267" hits="5" branch="false" />
            <line number="268" hits="52" branch="false" />
            <line number="292" hits="16" branch="false" />
            <line number="293" hits="16" branch="false" />
            <line number="294" hits="16" branch="false" />
            <line number="295" hits="16" branch="false" />
            <line number="300" hits="161" branch="true" condition-coverage="100% (2/2)" />
            <line number="301" hits="58" branch="false" />
            <line number="302" hits="58" branch="true" condition-coverage="100% (2/2)" />
            <line number="303" hits="26" branch="false" />
            <line number="305" hits="26" branch="false" />
            <line number="306" hits="26" branch="true" condition-coverage="100% (2/2)" />
            <line number="307" hits="1" branch="false" />
            <line number="308" hits="1" branch="false" />
            <line number="312" hits="25" branch="false" />
            <line number="313" hits="32" branch="true" condition-coverage="75% (3/4)" />
            <line number="314" hits="8" branch="false" />
            <line number="316" hits="8" branch="false" />
            <line number="317" hits="8" branch="false" />
            <line number="318" hits="7" branch="false" />
            <line number="319" hits="1" branch="false" />
            <line number="320" hits="1" branch="false" />
            <line number="321" hits="1" branch="false" />
            <line number="324" hits="7" branch="false" />
            <line number="325" hits="7" branch="false" />
            <line number="326" hits="7" branch="false" />
            <line number="329" hits="7" branch="false" />
            <line number="331" hits="24" branch="true" condition-coverage="100% (4/4)" />
            <line number="332" hits="9" branch="false" />
            <line number="333" hits="9" branch="true" condition-coverage="50% (2/4)" />
            <line number="334" hits="0" branch="false" />
            <line number="335" hits="0" branch="false" />
            <line number="336" hits="0" branch="false" />
            <line number="337" hits="9" branch="false" />
            <line number="338" hits="9" branch="false" />
            <line number="340" hits="15" branch="true" condition-coverage="100% (4/4)" />
            <line number="341" hits="9" branch="false" />
            <line number="343" hits="6" branch="true" condition-coverage="100% (2/2)" />
            <line number="344" hits="3" branch="false" />
            <line number="346" hits="3" branch="true" condition-coverage="50% (1/2)" />
            <line number="347" hits="3" branch="false" />
            <line number="348" hits="3" branch="true" condition-coverage="100% (4/4)" />
            <line number="349" hits="3" branch="false" />
            <line number="350" hits="3" branch="true" condition-coverage="100% (2/2)" />
            <line number="351" hits="3" branch="false" />
            <line number="353" hits="3" branch="true" condition-coverage="100% (4/4)" />
            <line number="354" hits="3" branch="true" condition-coverage="100% (2/2)" />
            <line number="355" hits="1" branch="false" />
            <line number="356" hits="1" branch="false" />
            <line number="359" hits="2" branch="false" />
            <line number="360" hits="0" branch="true" condition-coverage="50% (2/4)" />
            <line number="361" hits="0" branch="false" />
            <line number="362" hits="55" branch="false" />
            <line number="364" hits="13" branch="true" condition-coverage="100% (4/4)" />
            <line number="365" hits="8" branch="false" />
            <line number="366" hits="8" branch="false" />
            <line number="368" hits="8" branch="false" />
            <line number="373" hits="5" branch="false" />
            <line number="374" hits="5" branch="false" />
            <line number="375" hits="5" branch="false" />
            <line number="377" hits="5" branch="false" />
            <line number="381" hits="16" branch="false" />
            <line number="395" hits="1" branch="false" />
            <line number="396" hits="1" branch="false" />
            <line number="397" hits="16" branch="true" condition-coverage="100% (2/2)" />
            <line number="398" hits="7" branch="false" />
            <line number="399" hits="7" branch="true" condition-coverage="100% (2/2)" />
            <line number="400" hits="2" branch="false" />
            <line number="401" hits="2" branch="false" />
            <line number="402" hits="2" branch="false" />
            <line number="403" hits="7" branch="false" />
            <line number="404" hits="1" branch="false" />
            <line number="405" hits="1" branch="false" />
            <line number="418" hits="0" branch="false" />
            <line number="419" hits="0" branch="false" />
            <line number="420" hits="0" branch="true" condition-coverage="0% (0/2)" />
            <line number="421" hits="0" branch="false" />
            <line number="422" hits="0" branch="false" />
            <line number="423" hits="0" branch="false" />
            <line number="424" hits="0" branch="false" />
            <line number="425" hits="0" branch="false" />
            <line number="448" hits="6" branch="false" />
            <line number="449" hits="6" branch="true" condition-coverage="50% (2/4)" />
            <line number="450" hits="0" branch="false" />
            <line number="451" hits="0" branch="false" />
            <line number="454" hits="6" branch="false" />
            <line number="455" hits="6" branch="true" condition-coverage="50% (1/2)" />
            <line number="456" hits="0" branch="false" />
            <line number="457" hits="0" branch="false" />
            <line number="460" hits="6" branch="false" />
            <line number="462" hits="52" branch="true" condition-coverage="100% (2/2)" />
            <line number="463" hits="22" branch="false" />
            <line number="464" hits="22" branch="true" condition-coverage="100% (4/4)" />
            <line number="465" hits="4" branch="false" />
            <line number="466" hits="4" branch="true" condition-coverage="50% (1/2)" />
            <line number="467" hits="0" branch="false" />
            <line number="468" hits="0" branch="false" />
            <line number="470" hits="4" branch="false" />
            <line number="472" hits="18" branch="true" condition-coverage="100% (2/2)" />
            <line number="473" hits="2" branch="false" />
            <line number="474" hits="20" branch="false" />
            <line number="475" hits="4" branch="false" />
            <line number="476" hits="4" branch="false" />
            <line number="477" hits="6" branch="false" />
            <line number="484" hits="2" branch="false" />
            <line number="485" hits="2" branch="true" condition-coverage="75% (3/4)" />
            <line number="486" hits="2" branch="false" />
            <line number="487" hits="2" branch="true" condition-coverage="100% (2/2)" />
            <line number="488" hits="1" branch="false" />
            <line number="489" hits="1" branch="false" />
            <line number="491" hits="1" branch="false" />
            <line number="492" hits="1" branch="false" />
            <line number="494" hits="2" branch="false" />
            <line number="501" hits="1" branch="false" />
            <line number="502" hits="1" branch="true" condition-coverage="50% (1/2)" />
            <line number="503" hits="1" branch="false" />
            <line number="504" hits="1" branch="false" />
            <line number="507" hits="0" branch="false" />
            <line number="508" hits="0" branch="false" />
            <line number="510" hits="1" branch="false" />
            <line number="518" hits="4" branch="false" />
            <line number="520" hits="4" branch="false" />
            <line number="521" hits="36" branch="true" condition-coverage="100% (2/2)" />
            <line number="522" hits="14" branch="false" />
            <line number="523" hits="14" branch="true" condition-coverage="100% (2/2)" />
            <line number="524" hits="9" branch="false" />
            <line number="526" hits="9" branch="false" />
            <line number="528" hits="9" branch="false" />
            <line number="530" hits="5" branch="true" condition-coverage="50% (1/2)" />
            <line number="531" hits="0" branch="false" />
            <line number="532" hits="0" branch="false" />
            <line number="533" hits="0" branch="false" />
            <line number="534" hits="14" branch="false" />
            <line number="537" hits="4" branch="false" />
            <line number="538" hits="4" branch="false" />
            <line number="543" hits="11" branch="false" />
            <line number="545" hits="11" branch="false" />
            <line number="546" hits="11" branch="false" />
            <line number="547" hits="11" branch="false" />
            <line number="548" hits="11" branch="false" />
            <line number="550" hits="11" branch="true" condition-coverage="100% (2/2)" />
            <line number="551" hits="3" branch="false" />
            <line number="552" hits="8" branch="true" condition-coverage="100% (2/2)" />
            <line number="553" hits="5" branch="false" />
            <line number="554" hits="3" branch="true" condition-coverage="100% (2/2)" />
            <line number="555" hits="2" branch="false" />
            <line number="556" hits="1" branch="true" condition-coverage="100% (2/2)" />
            <line number="557" hits="1" branch="false" />
            <line number="558" hits="1" branch="true" condition-coverage="50% (1/2)" />
            <line number="559" hits="0" branch="false" />
            <line number="561" hits="1" branch="false" />
            <line number="562" hits="0" branch="false" />
            <line number="563" hits="10" branch="false" />
            <line number="566" hits="0" branch="false" />
            <line number="567" hits="0" branch="false" />
            <line number="568" hits="0" branch="false" />
            <line number="571" hits="11" branch="false" />
            <line number="579" hits="33" branch="false" />
            <line number="580" hits="33" branch="true" condition-coverage="100% (4/4)" />
            <line number="581" hits="6" branch="false" />
            <line number="582" hits="6" branch="false" />
            <line number="583" hits="6" branch="false" />
            <line number="585" hits="6" branch="true" condition-coverage="100% (2/2)" />
            <line number="586" hits="3" branch="false" />
            <line number="587" hits="3" branch="false" />
            <line number="588" hits="3" branch="false" />
            <line number="589" hits="3" branch="false" />
            <line number="590" hits="3" branch="false" />
            <line number="591" hits="3" branch="true" condition-coverage="100% (2/2)" />
            <line number="592" hits="3" branch="false" />
            <line number="593" hits="3" branch="false" />
            <line number="594" hits="3" branch="true" condition-coverage="100% (2/2)" />
            <line number="595" hits="2" branch="false" />
            <line number="596" hits="2" branch="false" />
            <line number="597" hits="2" branch="false" />
            <line number="598" hits="2" branch="false" />
            <line number="600" hits="1" branch="false" />
            <line number="601" hits="1" branch="false" />
            <line number="604" hits="2" branch="false" />
            <line number="605" hits="5" branch="false" />
            <line number="608" hits="27" branch="false" />
            <line number="609" hits="27" branch="false" />
            <line number="610" hits="27" branch="false" />
            <line number="613" hits="33" branch="false" />
            <line number="620" hits="350" branch="false" />
            <line number="621" hits="350" branch="false" />
            <line number="622" hits="350" branch="true" condition-coverage="100% (2/2)" />
            <line number="623" hits="226" branch="false" />
            <line number="624" hits="226" branch="false" />
            <line number="627" hits="124" branch="false" />
            <line number="628" hits="124" branch="false" />
            <line number="631" hits="350" branch="false" />
            <line number="640" hits="52" branch="false" />
            <line number="642" hits="52" branch="false" />
            <line number="643" hits="52" branch="false" />
            <line number="644" hits="52" branch="false" />
            <line number="645" hits="52" branch="false" />
            <line number="646" hits="52" branch="false" />
            <line number="647" hits="52" branch="false" />
            <line number="650" hits="52" branch="false" />
            <line number="651" hits="52" branch="false" />
            <line number="654" hits="1160" branch="true" condition-coverage="100% (2/2)" />
            <line number="655" hits="502" branch="false" />
            <line number="656" hits="502" branch="true" condition-coverage="100% (2/2)" />
            <line number="657" hits="213" branch="false" />
            <line number="658" hits="213" branch="false" />
            <line number="659" hits="213" branch="false" />
            <line number="660" hits="502" branch="false" />
            <line number="662" hits="52" branch="false" />
          </lines>
        </class>
        <class name="SpreadsheetUtilities.FormulaError" filename="C:\Users\cqy15\source\repos\spreadsheet-Joeic\Spreadsheet\Formula\Formula.cs" line-rate="1" branch-rate="1" complexity="2">
          <methods>
            <method name="get_Reason" signature="()" line-rate="1" branch-rate="1" complexity="1">
              <lines>
                <line number="697" hits="5" branch="false" />
              </lines>
            </method>
            <method name=".ctor" signature="(...)" line-rate="1" branch-rate="1" complexity="1">
              <lines>
                <line number="689" hits="5" branch="false" />
                <line number="690" hits="5" branch="false" />
                <line number="691" hits="5" branch="false" />
                <line number="692" hits="5" branch="false" />
              </lines>
            </method>
          </methods>
          <lines>
            <line number="689" hits="5" branch="false" />
            <line number="690" hits="5" branch="false" />
            <line number="691" hits="5" branch="false" />
            <line number="692" hits="5" branch="false" />
            <line number="697" hits="5" branch="false" />
          </lines>
        </class>
        <class name="SpreadsheetUtilities.FormulaFormatException" filename="C:\Users\cqy15\source\repos\spreadsheet-Joeic\Spreadsheet\Formula\Formula.cs" line-rate="1" branch-rate="1" complexity="1">
          <methods>
            <method name=".ctor" signature="(...)" line-rate="1" branch-rate="1" complexity="1">
              <lines>
                <line number="674" hits="18" branch="false" />
                <line number="675" hits="18" branch="false" />
                <line number="676" hits="18" branch="false" />
              </lines>
            </method>
          </methods>
          <lines>
            <line number="674" hits="18" branch="false" />
            <line number="675" hits="18" branch="false" />
            <line number="676" hits="18" branch="false" />
          </lines>
        </class>
        <class name="SpreadsheetUtilities.stackExtensions" filename="C:\Users\cqy15\source\repos\spreadsheet-Joeic\Spreadsheet\Formula\Formula.cs" line-rate="1" branch-rate="1" complexity="2">
          <methods>
            <method name="isOnTop" signature="(...)" line-rate="1" branch-rate="1" complexity="2">
              <lines>
                <line number="710" hits="102" branch="false" />
                <line number="711" hits="102" branch="true" condition-coverage="100% (2/2)" />
                <line number="712" hits="102" branch="false" />
              </lines>
            </method>
          </methods>
          <lines>
            <line number="710" hits="102" branch="false" />
            <line number="711" hits="102" branch="true" condition-coverage="100% (2/2)" />
            <line number="712" hits="102" branch="false" />
          </lines>
        </class>
      </classes>
    </package>
    <package name="FormulaTests" line-rate="0.890173410404624" branch-rate="1" complexity="46">
      <classes>
        <class name="AutoGeneratedProgram" filename="C:\Users\cqy15\.nuget\packages\microsoft.net.test.sdk\17.1.0\build\netcoreapp2.1\Microsoft.NET.Test.Sdk.Program.cs" line-rate="0" branch-rate="1" complexity="1">
          <methods>
            <method name="Main" signature="(...)" line-rate="0" branch-rate="1" complexity="1">
              <lines>
                <line number="4" hits="0" branch="false" />
              </lines>
            </method>
          </methods>
          <lines>
            <line number="4" hits="0" branch="false" />
          </lines>
        </class>
        <class name="FormulaTests.FormulaTests" filename="C:\Users\cqy15\source\repos\spreadsheet-Joeic\Spreadsheet\FormulaTests\FormulaTests.cs" line-rate="0.895348837209302" branch-rate="1" complexity="45">
          <methods>
            <method name="TestNumber" signature="()" line-rate="1" branch-rate="1" complexity="1">
              <lines>
                <line number="23" hits="1" branch="false" />
                <line number="24" hits="1" branch="false" />
                <line number="25" hits="1" branch="false" />
                <line number="26" hits="1" branch="false" />
              </lines>
            </method>
            <method name="TestVariable" signature="()" line-rate="1" branch-rate="1" complexity="1">
              <lines>
                <line number="34" hits="1" branch="false" />
                <line number="35" hits="1" branch="false" />
                <line number="36" hits="3" branch="false" />
                <line number="37" hits="1" branch="false" />
              </lines>
            </method>
            <method name="TestSimpleAdd" signature="()" line-rate="1" branch-rate="1" complexity="1">
              <lines>
                <line number="43" hits="1" branch="false" />
                <line number="44" hits="1" branch="false" />
                <line number="45" hits="1" branch="false" />
                <line number="46" hits="1" branch="false" />
              </lines>
            </method>
            <method name="TestSimpleSubstract" signature="()" line-rate="1" branch-rate="1" complexity="1">
              <lines>
                <line number="52" hits="1" branch="false" />
                <line number="53" hits="1" branch="false" />
                <line number="54" hits="1" branch="false" />
                <line number="55" hits="1" branch="false" />
              </lines>
            </method>
            <method name="TestSimpleMultiplication" signature="()" line-rate="1" branch-rate="1" complexity="1">
              <lines>
                <line number="61" hits="1" branch="false" />
                <line number="62" hits="1" branch="false" />
                <line number="63" hits="1" branch="false" />
                <line number="64" hits="1" branch="false" />
              </lines>
            </method>
            <method name="TestSimpleDivision" signature="()" line-rate="1" branch-rate="1" complexity="1">
              <lines>
                <line number="70" hits="1" branch="false" />
                <line number="71" hits="1" branch="false" />
                <line number="72" hits="1" branch="false" />
                <line number="73" hits="1" branch="false" />
              </lines>
            </method>
            <method name="TestSimpleParen" signature="()" line-rate="1" branch-rate="1" complexity="1">
              <lines>
                <line number="79" hits="1" branch="false" />
                <line number="80" hits="1" branch="false" />
                <line number="82" hits="1" branch="false" />
                <line number="83" hits="1" branch="false" />
              </lines>
            </method>
            <method name="testSimpleVar" signature="()" line-rate="1" branch-rate="1" complexity="1">
              <lines>
                <line number="89" hits="1" branch="false" />
                <line number="90" hits="1" branch="false" />
                <line number="91" hits="3" branch="false" />
                <line number="92" hits="1" branch="false" />
              </lines>
            </method>
            <method name="testSimpleVar2" signature="()" line-rate="1" branch-rate="1" complexity="1">
              <lines>
                <line number="99" hits="1" branch="false" />
                <line number="100" hits="1" branch="false" />
                <line number="101" hits="3" branch="false" />
                <line number="102" hits="1" branch="false" />
              </lines>
            </method>
            <method name="testSimpleVar3" signature="()" line-rate="1" branch-rate="1" complexity="1">
              <lines>
                <line number="108" hits="1" branch="false" />
                <line number="109" hits="1" branch="false" />
                <line number="110" hits="3" branch="false" />
                <line number="111" hits="1" branch="false" />
              </lines>
            </method>
            <method name="testSimpleVar4" signature="()" line-rate="1" branch-rate="1" complexity="1">
              <lines>
                <line number="117" hits="1" branch="false" />
                <line number="118" hits="1" branch="false" />
                <line number="119" hits="3" branch="false" />
                <line number="120" hits="1" branch="false" />
              </lines>
            </method>
            <method name="testSimpleComb" signature="()" line-rate="1" branch-rate="1" complexity="1">
              <lines>
                <line number="127" hits="1" branch="false" />
                <line number="128" hits="1" branch="false" />
                <line number="129" hits="3" branch="false" />
                <line number="130" hits="1" branch="false" />
              </lines>
            </method>
            <method name="testSimpleComb2" signature="()" line-rate="1" branch-rate="1" complexity="1">
              <lines>
                <line number="136" hits="1" branch="false" />
                <line number="137" hits="1" branch="false" />
                <line number="138" hits="3" branch="false" />
                <line number="139" hits="1" branch="false" />
              </lines>
            </method>
            <method name="TestDominatorZero" signature="()" line-rate="1" branch-rate="1" complexity="1">
              <lines>
                <line number="146" hits="1" branch="false" />
                <line number="147" hits="1" branch="false" />
                <line number="148" hits="1" branch="false" />
                <line number="149" hits="1" branch="false" />
                <line number="150" hits="1" branch="false" />
              </lines>
            </method>
            <method name="TestDominatorZero2" signature="()" line-rate="1" branch-rate="1" complexity="1">
              <lines>
                <line number="156" hits="1" branch="false" />
                <line number="157" hits="1" branch="false" />
                <line number="158" hits="1" branch="false" />
                <line number="159" hits="1" branch="false" />
                <line number="160" hits="1" branch="false" />
              </lines>
            </method>
            <method name="TestWrongConstructor" signature="()" line-rate="0.666666666666667" branch-rate="1" complexity="1">
              <lines>
                <line number="167" hits="1" branch="false" />
                <line number="168" hits="1" branch="false" />
                <line number="169" hits="0" branch="false" />
              </lines>
            </method>
            <method name="TestCorrectConstructor" signature="()" line-rate="1" branch-rate="1" complexity="1">
              <lines>
                <line number="175" hits="1" branch="false" />
                <line number="176" hits="1" branch="false" />
                <line number="177" hits="1" branch="false" />
              </lines>
            </method>
            <method name="TestCorrectConstructor2" signature="()" line-rate="1" branch-rate="1" complexity="1">
              <lines>
                <line number="183" hits="1" branch="false" />
                <line number="184" hits="1" branch="false" />
                <line number="185" hits="1" branch="false" />
              </lines>
            </method>
            <method name="TestEmptyConstructor" signature="()" line-rate="0.666666666666667" branch-rate="1" complexity="1">
              <lines>
                <line number="192" hits="1" branch="false" />
                <line number="193" hits="1" branch="false" />
                <line number="194" hits="0" branch="false" />
              </lines>
            </method>
            <method name="TestWrongFirstToken" signature="()" line-rate="0.666666666666667" branch-rate="1" complexity="1">
              <lines>
                <line number="201" hits="1" branch="false" />
                <line number="202" hits="1" branch="false" />
                <line number="203" hits="0" branch="false" />
              </lines>
            </method>
            <method name="TestWrongFirstToken2" signature="()" line-rate="0.666666666666667" branch-rate="1" complexity="1">
              <lines>
                <line number="210" hits="1" branch="false" />
                <line number="211" hits="1" branch="false" />
                <line number="212" hits="0" branch="false" />
              </lines>
            </method>
            <method name="TestWrongFirstToken3" signature="()" line-rate="0.666666666666667" branch-rate="1" complexity="1">
              <lines>
                <line number="219" hits="1" branch="false" />
                <line number="220" hits="1" branch="false" />
                <line number="221" hits="0" branch="false" />
              </lines>
            </method>
            <method name="TestWrongFirstToken4" signature="()" line-rate="0.666666666666667" branch-rate="1" complexity="1">
              <lines>
                <line number="228" hits="1" branch="false" />
                <line number="229" hits="1" branch="false" />
                <line number="230" hits="0" branch="false" />
              </lines>
            </method>
            <method name="TestWrongFirstToken5" signature="()" line-rate="0.666666666666667" branch-rate="1" complexity="1">
              <lines>
                <line number="237" hits="1" branch="false" />
                <line number="238" hits="1" branch="false" />
                <line number="239" hits="0" branch="false" />
              </lines>
            </method>
            <method name="TestWrongLastToken" signature="()" line-rate="0.666666666666667" branch-rate="1" complexity="1">
              <lines>
                <line number="247" hits="1" branch="false" />
                <line number="248" hits="1" branch="false" />
                <line number="249" hits="0" branch="false" />
              </lines>
            </method>
            <method name="TestWrongLastToken2" signature="()" line-rate="0.666666666666667" branch-rate="1" complexity="1">
              <lines>
                <line number="256" hits="1" branch="false" />
                <line number="257" hits="1" branch="false" />
                <line number="258" hits="0" branch="false" />
              </lines>
            </method>
            <method name="TestWrongLastToken3" signature="()" line-rate="0.666666666666667" branch-rate="1" complexity="1">
              <lines>
                <line number="265" hits="1" branch="false" />
                <line number="266" hits="1" branch="false" />
                <line number="267" hits="0" branch="false" />
              </lines>
            </method>
            <method name="TestWrongLastToken4" signature="()" line-rate="0.666666666666667" branch-rate="1" complexity="1">
              <lines>
                <line number="274" hits="1" branch="false" />
                <line number="275" hits="1" branch="false" />
                <line number="276" hits="0" branch="false" />
              </lines>
            </method>
            <method name="TestWrongLastToken5" signature="()" line-rate="0.666666666666667" branch-rate="1" complexity="1">
              <lines>
                <line number="283" hits="1" branch="false" />
                <line number="284" hits="1" branch="false" />
                <line number="285" hits="0" branch="false" />
              </lines>
            </method>
            <method name="TestUndefiendTokens" signature="()" line-rate="0.666666666666667" branch-rate="1" complexity="1">
              <lines>
                <line number="292" hits="1" branch="false" />
                <line number="293" hits="1" branch="false" />
                <line number="294" hits="0" branch="false" />
              </lines>
            </method>
            <method name="TestUndefiendTokens2" signature="()" line-rate="0.666666666666667" branch-rate="1" complexity="1">
              <lines>
                <line number="301" hits="1" branch="false" />
                <line number="302" hits="1" branch="false" />
                <line number="303" hits="0" branch="false" />
              </lines>
            </method>
            <method name="TestUndefinedVariable" signature="()" line-rate="1" branch-rate="1" complexity="1">
              <lines>
                <line number="310" hits="1" branch="false" />
                <line number="311" hits="1" branch="false" />
                <line number="312" hits="3" branch="false" />
                <line number="313" hits="1" branch="false" />
                <line number="314" hits="1" branch="false" />
              </lines>
            </method>
            <method name="TestInvalidExpression" signature="()" line-rate="0.666666666666667" branch-rate="1" complexity="1">
              <lines>
                <line number="321" hits="1" branch="false" />
                <line number="322" hits="1" branch="false" />
                <line number="323" hits="0" branch="false" />
              </lines>
            </method>
            <method name="TestInvalidExpression2" signature="()" line-rate="0.666666666666667" branch-rate="1" complexity="1">
              <lines>
                <line number="330" hits="1" branch="false" />
                <line number="331" hits="1" branch="false" />
                <line number="332" hits="0" branch="false" />
              </lines>
            </method>
            <method name="TestInvalidExpression3" signature="()" line-rate="0.666666666666667" branch-rate="1" complexity="1">
              <lines>
                <line number="339" hits="1" branch="false" />
                <line number="340" hits="1" branch="false" />
                <line number="341" hits="0" branch="false" />
              </lines>
            </method>
            <method name="TestInvalidVariable1" signature="()" line-rate="0.666666666666667" branch-rate="1" complexity="1">
              <lines>
                <line number="348" hits="1" branch="false" />
                <line number="349" hits="3" branch="false" />
                <line number="350" hits="0" branch="false" />
              </lines>
            </method>
            <method name="TestEquals" signature="()" line-rate="1" branch-rate="1" complexity="1">
              <lines>
                <line number="356" hits="1" branch="false" />
                <line number="357" hits="1" branch="false" />
                <line number="358" hits="1" branch="false" />
                <line number="359" hits="1" branch="false" />
                <line number="360" hits="1" branch="false" />
              </lines>
            </method>
            <method name="TestEquals2" signature="()" line-rate="1" branch-rate="1" complexity="1">
              <lines>
                <line number="366" hits="1" branch="false" />
                <line number="367" hits="1" branch="false" />
                <line number="368" hits="1" branch="false" />
                <line number="369" hits="1" branch="false" />
                <line number="370" hits="1" branch="false" />
              </lines>
            </method>
            <method name="TestEqualsOpera" signature="()" line-rate="1" branch-rate="1" complexity="1">
              <lines>
                <line number="376" hits="1" branch="false" />
                <line number="377" hits="1" branch="false" />
                <line number="378" hits="1" branch="false" />
                <line number="379" hits="1" branch="false" />
                <line number="380" hits="1" branch="false" />
              </lines>
            </method>
            <method name="TestWrongEqualsOpera2" signature="()" line-rate="1" branch-rate="1" complexity="1">
              <lines>
                <line number="386" hits="1" branch="false" />
                <line number="387" hits="1" branch="false" />
                <line number="388" hits="1" branch="false" />
                <line number="389" hits="1" branch="false" />
                <line number="390" hits="1" branch="false" />
              </lines>
            </method>
            <method name="TestWrongEqualsOpera3" signature="()" line-rate="1" branch-rate="1" complexity="1">
              <lines>
                <line number="397" hits="1" branch="false" />
                <line number="398" hits="1" branch="false" />
                <line number="399" hits="1" branch="false" />
                <line number="400" hits="1" branch="false" />
                <line number="401" hits="1" branch="false" />
              </lines>
            </method>
            <method name="TestToString" signature="()" line-rate="1" branch-rate="1" complexity="1">
              <lines>
                <line number="407" hits="1" branch="false" />
                <line number="408" hits="1" branch="false" />
                <line number="409" hits="1" branch="false" />
                <line number="410" hits="1" branch="false" />
                <line number="411" hits="1" branch="false" />
              </lines>
            </method>
            <method name="TestGetHashCode" signature="()" line-rate="1" branch-rate="1" complexity="1">
              <lines>
                <line number="417" hits="1" branch="false" />
                <line number="418" hits="1" branch="false" />
                <line number="419" hits="1" branch="false" />
                <line number="420" hits="1" branch="false" />
                <line number="421" hits="1" branch="false" />
              </lines>
            </method>
            <method name="TestGetHashCode2" signature="()" line-rate="1" branch-rate="1" complexity="1">
              <lines>
                <line number="427" hits="1" branch="false" />
                <line number="428" hits="1" branch="false" />
                <line number="429" hits="1" branch="false" />
                <line number="430" hits="1" branch="false" />
                <line number="431" hits="1" branch="false" />
              </lines>
            </method>
            <method name="TestGerVariable" signature="()" line-rate="1" branch-rate="1" complexity="1">
              <lines>
                <line number="437" hits="1" branch="false" />
                <line number="438" hits="1" branch="false" />
                <line number="439" hits="1" branch="false" />
                <line number="440" hits="1" branch="false" />
                <line number="441" hits="1" branch="false" />
              </lines>
            </method>
          </methods>
          <lines>
            <line number="23" hits="1" branch="false" />
            <line number="24" hits="1" branch="false" />
            <line number="25" hits="1" branch="false" />
            <line number="26" hits="1" branch="false" />
            <line number="34" hits="1" branch="false" />
            <line number="35" hits="1" branch="false" />
            <line number="36" hits="3" branch="false" />
            <line number="37" hits="1" branch="false" />
            <line number="43" hits="1" branch="false" />
            <line number="44" hits="1" branch="false" />
            <line number="45" hits="1" branch="false" />
            <line number="46" hits="1" branch="false" />
            <line number="52" hits="1" branch="false" />
            <line number="53" hits="1" branch="false" />
            <line number="54" hits="1" branch="false" />
            <line number="55" hits="1" branch="false" />
            <line number="61" hits="1" branch="false" />
            <line number="62" hits="1" branch="false" />
            <line number="63" hits="1" branch="false" />
            <line number="64" hits="1" branch="false" />
            <line number="70" hits="1" branch="false" />
            <line number="71" hits="1" branch="false" />
            <line number="72" hits="1" branch="false" />
            <line number="73" hits="1" branch="false" />
            <line number="79" hits="1" branch="false" />
            <line number="80" hits="1" branch="false" />
            <line number="82" hits="1" branch="false" />
            <line number="83" hits="1" branch="false" />
            <line number="89" hits="1" branch="false" />
            <line number="90" hits="1" branch="false" />
            <line number="91" hits="3" branch="false" />
            <line number="92" hits="1" branch="false" />
            <line number="99" hits="1" branch="false" />
            <line number="100" hits="1" branch="false" />
            <line number="101" hits="3" branch="false" />
            <line number="102" hits="1" branch="false" />
            <line number="108" hits="1" branch="false" />
            <line number="109" hits="1" branch="false" />
            <line number="110" hits="3" branch="false" />
            <line number="111" hits="1" branch="false" />
            <line number="117" hits="1" branch="false" />
            <line number="118" hits="1" branch="false" />
            <line number="119" hits="3" branch="false" />
            <line number="120" hits="1" branch="false" />
            <line number="127" hits="1" branch="false" />
            <line number="128" hits="1" branch="false" />
            <line number="129" hits="3" branch="false" />
            <line number="130" hits="1" branch="false" />
            <line number="136" hits="1" branch="false" />
            <line number="137" hits="1" branch="false" />
            <line number="138" hits="3" branch="false" />
            <line number="139" hits="1" branch="false" />
            <line number="146" hits="1" branch="false" />
            <line number="147" hits="1" branch="false" />
            <line number="148" hits="1" branch="false" />
            <line number="149" hits="1" branch="false" />
            <line number="150" hits="1" branch="false" />
            <line number="156" hits="1" branch="false" />
            <line number="157" hits="1" branch="false" />
            <line number="158" hits="1" branch="false" />
            <line number="159" hits="1" branch="false" />
            <line number="160" hits="1" branch="false" />
            <line number="167" hits="1" branch="false" />
            <line number="168" hits="1" branch="false" />
            <line number="169" hits="0" branch="false" />
            <line number="175" hits="1" branch="false" />
            <line number="176" hits="1" branch="false" />
            <line number="177" hits="1" branch="false" />
            <line number="183" hits="1" branch="false" />
            <line number="184" hits="1" branch="false" />
            <line number="185" hits="1" branch="false" />
            <line number="192" hits="1" branch="false" />
            <line number="193" hits="1" branch="false" />
            <line number="194" hits="0" branch="false" />
            <line number="201" hits="1" branch="false" />
            <line number="202" hits="1" branch="false" />
            <line number="203" hits="0" branch="false" />
            <line number="210" hits="1" branch="false" />
            <line number="211" hits="1" branch="false" />
            <line number="212" hits="0" branch="false" />
            <line number="219" hits="1" branch="false" />
            <line number="220" hits="1" branch="false" />
            <line number="221" hits="0" branch="false" />
            <line number="228" hits="1" branch="false" />
            <line number="229" hits="1" branch="false" />
            <line number="230" hits="0" branch="false" />
            <line number="237" hits="1" branch="false" />
            <line number="238" hits="1" branch="false" />
            <line number="239" hits="0" branch="false" />
            <line number="247" hits="1" branch="false" />
            <line number="248" hits="1" branch="false" />
            <line number="249" hits="0" branch="false" />
            <line number="256" hits="1" branch="false" />
            <line number="257" hits="1" branch="false" />
            <line number="258" hits="0" branch="false" />
            <line number="265" hits="1" branch="false" />
            <line number="266" hits="1" branch="false" />
            <line number="267" hits="0" branch="false" />
            <line number="274" hits="1" branch="false" />
            <line number="275" hits="1" branch="false" />
            <line number="276" hits="0" branch="false" />
            <line number="283" hits="1" branch="false" />
            <line number="284" hits="1" branch="false" />
            <line number="285" hits="0" branch="false" />
            <line number="292" hits="1" branch="false" />
            <line number="293" hits="1" branch="false" />
            <line number="294" hits="0" branch="false" />
            <line number="301" hits="1" branch="false" />
            <line number="302" hits="1" branch="false" />
            <line number="303" hits="0" branch="false" />
            <line number="310" hits="1" branch="false" />
            <line number="311" hits="1" branch="false" />
            <line number="312" hits="3" branch="false" />
            <line number="313" hits="1" branch="false" />
            <line number="314" hits="1" branch="false" />
            <line number="321" hits="1" branch="false" />
            <line number="322" hits="1" branch="false" />
            <line number="323" hits="0" branch="false" />
            <line number="330" hits="1" branch="false" />
            <line number="331" hits="1" branch="false" />
            <line number="332" hits="0" branch="false" />
            <line number="339" hits="1" branch="false" />
            <line number="340" hits="1" branch="false" />
            <line number="341" hits="0" branch="false" />
            <line number="348" hits="1" branch="false" />
            <line number="349" hits="3" branch="false" />
            <line number="350" hits="0" branch="false" />
            <line number="356" hits="1" branch="false" />
            <line number="357" hits="1" branch="false" />
            <line number="358" hits="1" branch="false" />
            <line number="359" hits="1" branch="false" />
            <line number="360" hits="1" branch="false" />
            <line number="366" hits="1" branch="false" />
            <line number="367" hits="1" branch="false" />
            <line number="368" hits="1" branch="false" />
            <line number="369" hits="1" branch="false" />
            <line number="370" hits="1" branch="false" />
            <line number="376" hits="1" branch="false" />
            <line number="377" hits="1" branch="false" />
            <line number="378" hits="1" branch="false" />
            <line number="379" hits="1" branch="false" />
            <line number="380" hits="1" branch="false" />
            <line number="386" hits="1" branch="false" />
            <line number="387" hits="1" branch="false" />
            <line number="388" hits="1" branch="false" />
            <line number="389" hits="1" branch="false" />
            <line number="390" hits="1" branch="false" />
            <line number="397" hits="1" branch="false" />
            <line number="398" hits="1" branch="false" />
            <line number="399" hits="1" branch="false" />
            <line number="400" hits="1" branch="false" />
            <line number="401" hits="1" branch="false" />
            <line number="407" hits="1" branch="false" />
            <line number="408" hits="1" branch="false" />
            <line number="409" hits="1" branch="false" />
            <line number="410" hits="1" branch="false" />
            <line number="411" hits="1" branch="false" />
            <line number="417" hits="1" branch="false" />
            <line number="418" hits="1" branch="false" />
            <line number="419" hits="1" branch="false" />
            <line number="420" hits="1" branch="false" />
            <line number="421" hits="1" branch="false" />
            <line number="427" hits="1" branch="false" />
            <line number="428" hits="1" branch="false" />
            <line number="429" hits="1" branch="false" />
            <line number="430" hits="1" branch="false" />
            <line number="431" hits="1" branch="false" />
            <line number="437" hits="1" branch="false" />
            <line number="438" hits="1" branch="false" />
            <line number="439" hits="1" branch="false" />
            <line number="440" hits="1" branch="false" />
            <line number="441" hits="1" branch="false" />
          </lines>
        </class>
      </classes>
    </package>
  </packages>
</coverage>